do run
loading script "jan_unknown120_60.py"
loading script "jan_pump_ms.py"
loading script "jan_co2.py"
loading script "jan_pump_extraction_line.py"
testing...
no interpolation path defined
executed 213.652928
script duration name:unknown120_60 seconds:214.0
loading script "jan_unknown120_60.py"
loading script "jan_pump_ms.py"
loading script "jan_co2.py"
loading script "jan_pump_extraction_line.py"
testing...
no interpolation path defined
executed 0
loading script "jan_unknown120_60.py"
loading script "jan_pump_ms.py"
loading script "jan_co2.py"
loading script "jan_pump_extraction_line.py"
testing...
no interpolation path defined
calculate duration
testing...
no interpolation path defined
executed 0
calculate duration
testing...
no interpolation path defined
executed 0
executed 0.0
script duration name:co2 seconds:0.0
loading script "jan_unknown120_60.py"
loading script "jan_pump_ms.py"
loading script "jan_co2.py"
loading script "jan_pump_extraction_line.py"
testing...
no interpolation path defined
calculate duration
testing...
no interpolation path defined
executed 4.0
executed 4.0
Script duration 214.0
Run total estimated duration= 215.000
run duration: 0:03:35
doing event level: 2
16:05:18 -- Setting default integration. t=1.048576
setting integration time = 1.048576
SetIntegrationTime 1.048576 ===>> OK
----------------- start -----------------
**************** Experiment Type: Ar/Ar, Ar/Ar
create new session 4995596944
close session 4995596944
$$$$$ Clearing conditionals
adding conditionals 
Add queue conditionals
add default conditionals
adding default conditionals from /Users/jan/PychronDev/setupfiles/spectrometer/default_conditionals.yaml
Start automated run 4506-04
loading script "jan_unknown120_60.py"
loading script "jan_pump_ms.py"
loading script "jan_co2.py"
loading script "jan_pump_extraction_line.py"
%%%%%%%%%%%%%%%%%% setting automated run 4506-04
No value "sensitivity_multiplier" in metadata
$$$$$$$$$$$$$$$ auto_save_detector_ic=False
============================= Pre Extraction Check =============================
loading queue conditionals pre_run_terminations
loading system conditionals pre_run_terminations
loading conditionals from /Users/jan/PychronDev/setupfiles/spectrometer/default_conditionals.yaml
16:05:19 -- ******* Pre Extraction Check *******
Get a measurement from the spectrometer
GetData ===>> H2,-0.246005272046664,H1,0.0847053756720008,AX,0.0535962960903059,L1,-0.015511059211012,L2,0.0282...
Pre Extraction Termination data. keys=H2,H1,AX,L1,L2,CDD, signals=-0.24601,0.08471,0.05360,-0.01551,0.02827,0.00372
16:05:19 -- testing system defined conditionals
Checking default pre extraction terminations n=2
testing CDD
evaluate ot="CDD.inactive" t="CDD", ctx="{'CDD': False}"
GetDeflection CDD ===>> 50
testing CDD==2000
evaluate ot="CDD.deflection==2000" t="CDD==2000", ctx="{'CDD': 50.0}"
16:05:19 -- ******* Pre Extraction Check Passed *******
=================================================================================
16:05:19 -- stopping status monitor
stop 5135913040
Alive clients [5025122352, 4993443984]
16:05:19 -- starting status monitor
start 5135913040
Monitor already running
start extraction
do extraction
Analysis started at 16:05:19.061203
Extraction Started jan_co2.py
16:05:19 -- ******* Extraction Started jan_co2.py *******
state changed from not run to extraction
DO EXTRACTION <pychron.extraction_line.pyscript_runner.RemotePyScriptRunner object at 0x12c066470>
testing...
no interpolation path defined
calculate duration
testing...
no interpolation path defined
executed 0
calculate duration
testing...
no interpolation path defined
executed 0
executed 100.0
Jan CO2 laser analysis
doing GOSUB
testing...
no interpolation path defined
executed 0
Waiting for CO2 access
wait ('FelixCO2Flag', 0) {}
waiting for FelixCO2Flag = 0
Read FelixCO2Flag ===>> 0
finished waiting
CO2 free
wait ('CO2PumpTimeFlag', 0) {}
waiting for CO2PumpTimeFlag = 0
Read CO2PumpTimeFlag ===>> 0
finished waiting
acquire ('JanCO2Flag',) {'clear': True}
acquire JanCO2Flag
Set JanCO2Flag 1 ===>> OK
JanCO2Flag acquired
set extraction state False (0.75, 'red', 1.5)
CO2 acquired
executed 0
WaitForCO2Access.py completed successfully
gosub finished
doing GOSUB
testing...
no interpolation path defined
executed 0
Prepare for CO2 analysis
close () {'description': 'Jan Inlet'}
closing name=--- desc=Jan Inlet
checking ownership. requestor=129.138.12.150
check software interlocks R
interlocks []
actuate state mode=None-script, software_lock=False
doing actuation None-script close_channel False
Close R ===>> OK
GetValveState R ===>> False
change switch state (True, True)
update switch state R False args=() kw={} ncanvase=5
16:05:19 -- CLOSE  VALVE-R (Jan Inlet)
---------------------------------------- close None (Jan Inlet) result=[(True, True)]
action=close, ok=True, locked=[False]
open () {'description': 'Jan Ion Pump'}
opening name=--- desc=Jan Ion Pump
checking ownership. requestor=129.138.12.150
check software interlocks O
interlocks []
actuate state mode=None-script, software_lock=False
doing actuation None-script open_channel False
Open O ===>> OK
GetValveState O ===>> OK
change switch state (True, True)
update switch state O True args=() kw={} ncanvase=5
16:05:19 -- OPEN   VALVE-O (Jan Ion Pump)
---------------------------------------- open None (Jan Ion Pump) result=[(True, True)], time=0.10 sec
action=open, ok=True, locked=[False]
close () {'description': 'Microbone to Minibone'}
closing name=--- desc=Microbone to Minibone
checking ownership. requestor=129.138.12.150
check software interlocks L
interlocks []
actuate state mode=None-script, software_lock=False
doing actuation None-script close_channel False
Close L ===>> OK
GetValveState L ===>> False
change switch state (True, True)
update switch state L False args=() kw={} ncanvase=5
16:05:20 -- CLOSE  VALVE-L (Microbone to Minibone)
---------------------------------------- close None (Microbone to Minibone) result=[(True, True)]
action=close, ok=True, locked=[False]
open () {'description': 'Microbone to Turbo'}
opening name=--- desc=Microbone to Turbo
checking ownership. requestor=129.138.12.150
check software interlocks U
interlocks []
actuate state mode=None-script, software_lock=False
doing actuation None-script open_channel False
Open U ===>> OK
GetValveState U ===>> OK
change switch state (True, True)
update switch state U True args=() kw={} ncanvase=5
16:05:20 -- OPEN   VALVE-U (Microbone to Turbo)
---------------------------------------- open None (Microbone to Turbo) result=[(True, True)], time=0.14 sec
action=open, ok=True, locked=[False]
open () {'description': 'Microbone to Inlet Pipette'}
opening name=--- desc=Microbone to Inlet Pipette
checking ownership. requestor=129.138.12.150
check software interlocks S
interlocks []
actuate state mode=None-script, software_lock=False
doing actuation None-script open_channel False
Open S ===>> OK
Get Checksum: 192129876
GetValveState S ===>> OK
change switch state (True, True)
update switch state S True args=() kw={} ncanvase=5
16:05:21 -- OPEN   VALVE-S (Microbone to Inlet Pipette)
---------------------------------------- open None (Microbone to Inlet Pipette) result=[(True, True)], time=0.42 sec
action=open, ok=True, locked=[False]
open () {'description': 'Microbone to Getter D-50'}
opening name=--- desc=Microbone to Getter D-50
checking ownership. requestor=129.138.12.150
check software interlocks K
interlocks []
actuate state mode=None-script, software_lock=False
doing actuation None-script open_channel False
Open K ===>> OK
GetValveState K ===>> OK
change switch state (True, True)
update switch state K True args=() kw={} ncanvase=5
16:05:22 -- OPEN   VALVE-K (Microbone to Getter D-50)
---------------------------------------- open None (Microbone to Getter D-50) result=[(True, True)], time=0.44 sec
action=open, ok=True, locked=[False]
open () {'description': 'Microbone to Getter NP-10'}
opening name=--- desc=Microbone to Getter NP-10
checking ownership. requestor=129.138.12.150
check software interlocks M
interlocks []
actuate state mode=None-script, software_lock=False
doing actuation None-script open_channel False
Open M ===>> OK
GetValveState M ===>> OK
change switch state (True, True)
update switch state M True args=() kw={} ncanvase=5
16:05:22 -- OPEN   VALVE-M (Microbone to Getter NP-10)
---------------------------------------- open None (Microbone to Getter NP-10) result=[(True, True)], time=0.17 sec
action=open, ok=True, locked=[False]
close () {'description': 'CO2 Laser to Felix'}
closing name=--- desc=CO2 Laser to Felix
checking ownership. requestor=129.138.12.150
check software interlocks F
interlocks []
actuate state mode=None-script, software_lock=True
VALVE-F(CO2 Laser to Felix) software locked
change switch state (True, False)
---------------------------------------- close None (CO2 Laser to Felix) result=[(True, False)]
action=close, ok=True, locked=[True]
open () {'description': 'CO2 Laser to Jan'}
opening name=--- desc=CO2 Laser to Jan
checking ownership. requestor=129.138.12.150
check software interlocks A
interlocks []
actuate state mode=None-script, software_lock=False
doing actuation None-script open_channel False
Open A ===>> OK
GetValveState A ===>> OK
change switch state (True, True)
update switch state A True args=() kw={} ncanvase=5
16:05:23 -- OPEN   VALVE-A (CO2 Laser to Jan)
---------------------------------------- open None (CO2 Laser to Jan) result=[(True, True)], time=0.13 sec
action=open, ok=True, locked=[False]
open () {'description': 'Microbone to CO2 Laser'}
opening name=--- desc=Microbone to CO2 Laser
checking ownership. requestor=129.138.12.150
check software interlocks T
interlocks []
actuate state mode=None-script, software_lock=False
doing actuation None-script open_channel False
Open T ===>> OK
GetValveState T ===>> OK
change switch state (True, True)
update switch state T True args=() kw={} ncanvase=5
16:05:23 -- OPEN   VALVE-T (Microbone to CO2 Laser)
---------------------------------------- open None (Microbone to CO2 Laser) result=[(True, True)], time=0.43 sec
action=open, ok=True, locked=[False]
executed 0
PrepareForCO2Analysis.py completed successfully
gosub finished
set_motor ('beam', '1.25') {}
setting motor "beam" to 1.25
set motor beam to 1.25
SetMotor beam,1.25 ===>> OK
Get Checksum: 192129876
GetMotorMoving beam ===>> False
GetMotorMoving beam ===>> False
Block completed
move_to_position ('218',) {'autocenter': True}
FusionsCO2 move to position 218
sending GoToHole 218,True
GoToHole 218,True ===>> OK
GetDriveMoving ===>> OK
GetDriveMoving ===>> OK
GetDriveMoving ===>> OK
GetDriveMoving ===>> OK
GetDriveMoving ===>> OK
GetDriveMoving ===>> OK
GetDriveMoving ===>> False
GetDriveMoving ===>> OK
Get Checksum: 192129876
GetDriveMoving ===>> OK
GetDriveMoving ===>> OK
GetDriveMoving ===>> False
Block completed
GetAutoCorrecting ===>> False
GetAutoCorrecting ===>> False
Block completed
update position
GetPosition ===>> -1.99390,-15.95120,1.00000
got position (-1.9939, -15.9512, 1.0)
move to position succeeded
sleep (5,) {}
SLEEP 5.0
block started
WaitControl setup for 5.0  
Get Checksum: 192129876
Get Checksum: 192129876
Join finished
block finished. duration 5.01218318939
close () {'description': 'Microbone to Turbo'}
closing name=--- desc=Microbone to Turbo
checking ownership. requestor=129.138.12.150
check software interlocks U
interlocks []
actuate state mode=None-script, software_lock=False
doing actuation None-script close_channel True
Close U ===>> OK
GetValveState U ===>> False
change switch state (True, True)
update switch state U False args=() kw={} ncanvase=5
16:05:34 -- CLOSE  VALVE-U (Microbone to Turbo)
---------------------------------------- close None (Microbone to Turbo) result=[(True, True)]
action=close, ok=True, locked=[False]
enable laser
enable () {}
set extraction state FusionsCO2 Enabled (False, 'red', 1.5)
enabling laser
Enable ===>> OK
begin interval
BEGIN INTERVAL Interval 1 waiting for 30.0
set extract to 5.0
block started
extract (5.0,) {}
WaitControl setup for 30.0  
GetPosition ===>> -1.99390,-15.95120,1.00000
set extraction state FusionsCO2 ON! 5.0(watts) (0.75, 'red', 1.5)
extract sample to 5.0 (watts)
set laser output
SetLaserOutput 5.0,watts ===>> OK
executing pattern triangle.lp
execute_pattern ('triangle.lp',) {}
executing pattern triangle.lp
Get Checksum: 38271967
IsPatterning ===>> OK
IsPatterning ===>> OK
IsPatterning ===>> OK
IsPatterning ===>> OK
IsPatterning ===>> OK
Get Checksum: 38271967
IsPatterning ===>> OK
IsPatterning ===>> OK
IsPatterning ===>> OK
Get Checksum: 38271967
IsPatterning ===>> OK
IsPatterning ===>> OK
IsPatterning ===>> OK
Get Checksum: 38271967
IsPatterning ===>> OK
IsPatterning ===>> OK
IsPatterning ===>> OK
Get Checksum: 38271967
IsPatterning ===>> OK
IsPatterning ===>> OK
IsPatterning ===>> OK
Get Checksum: 38271967
IsPatterning ===>> OK
IsPatterning ===>> OK
IsPatterning ===>> OK
Get Checksum: 38271967
IsPatterning ===>> OK
IsPatterning ===>> OK
IsPatterning ===>> OK
Get Checksum: 38271967
IsPatterning ===>> OK
IsPatterning ===>> OK
IsPatterning ===>> OK
Get Checksum: 38271967
IsPatterning ===>> False
IsPatterning ===>> False
Block completed
COMPLETE INTERVAL waiting for Interval 1 to complete
Join finished
block finished. duration 30.0322651863
Interval 1 finished
end_extract () {}
ending extraction. set laser power to 0
set laser power 0
SetLaserPower 0 ===>> OK
disable () {}
%%%%%%%%%%%%%%%%%%%%%%%%%%%%%%%%%%% disable
set extraction state False (0.75, 'red', 1.5)
disabling laser
Disable ===>> OK
sleep (30.0,) {}
SLEEP 30.0
block started
WaitControl setup for 30.0  
Get Checksum: 38271967
Get Checksum: 38271967
Get Checksum: 38271967
Get Checksum: 38271967
Get Checksum: 38271967
Get Checksum: 38271967
Get Checksum: 38271967
Get Checksum: 38271967
Get Checksum: 38271967
Get Checksum: 38271967
Join finished
block finished. duration 30.0417249203
executed 166.0
jan_co2.py completed successfully
GetAchievedOutput ===>> No Response
Requested Output= 0.000
Achieved Output=  0.000
GetResponseBlob ===>> No Response
GetOutputBlob ===>> No Response
persistence save...
persistence save - db
AutomatedRunPersister post_extraction_save deprecated
persistence save - dvc
no extraction position for 218
create new session 4992088592
close session 4992088592
Extraction Finished
16:06:36 -- ******* Extraction Finished *******
no overlap. not waiting for min ms pumptime
16:06:36 -- Sending spectrometer configuration
======== Sending configuration ========
SetDeflection CDD,50.0 ===>> OK
SetDeflection H2,0.0 ===>> OK
SetDeflection H1,0.0 ===>> OK
SetDeflection L2,825.0 ===>> OK
SetDeflection L1,400.0 ===>> OK
SetDeflection AX,190.0 ===>> OK
SetZFocus 74.64 ===>> OK
SetZSymmetry -50.72 ===>> OK
SetExtractionLens 26.13 ===>> OK
SetIonRepeller -3.81 ===>> OK
SetElectronEnergy 75.08 ===>> OK
SetYSymmetry -2.81 ===>> OK
SetIonCounterVoltage 1590.0 ===>> OK
send trap current 200.0
GetParameter Trap Current Readback ===>> 197.923274125618
SetParameter Trap Current Set,200.0 ===>> OK
updating mftable name mftable
Using mftable located at /Users/jan/PychronDev/setupfiles/spectrometer/mftables/mftable.csv
============ MFtable ===========
Isotope  H2     H1     AX     L1     L2     CDD    
Ar40     5.7735 5.8788 5.9920 6.1135 6.2302 6.3417
Ar39     5.6728 5.7710 5.8844 5.9995 6.1153 6.2282
Ar36     5.3503 5.4401 5.5478 5.6584 5.7703 5.8793
================================
get initial guess parabolic
get initial guess parabolic
get initial guess parabolic
get initial guess parabolic
get initial guess parabolic
get initial guess parabolic
======== Configuration Finished ========
GetYSymmetry ===>> -2.81
GetZSymmetry ===>> -50.72
GetParameter Trap Current Readback ===>> 197.587621314778
GetHighVoltage ===>> 4499.94659342336
start measurement
Get Checksum: 38271967
do measurement
L#=4506 analysis type=unknown
Measurement Started jan_unknown120_60.py
16:06:36 -- ******* Measurement Started jan_unknown120_60.py *******
state changed from extraction to measurement
setting spec, defl, and gains
GetExtractionLens ===>> 26.13
GetYSymmetry ===>> -2.81
GetZSymmetry ===>> -50.72
GetZFocus ===>> 74.64
GetDeflection H2 ===>> 0
GetDeflection H1 ===>> 0
GetDeflection AX ===>> 190
GetDeflection L1 ===>> 400
GetDeflection L2 ===>> 825
GetDeflection CDD ===>> 50
GetGain H2 ===>> 0.0113
GetGain H1 ===>> 0.1
GetGain AX ===>> 0.097049
GetGain L1 ===>> 0.010355
GetGain L2 ===>> 0.095649
GetGain CDD ===>> 0
pre measurement save
New frame /Users/jan/PychronDev/data/isotopes/f8/1f5d9e-5429-4cc2-97bf-0e57a017be31.h5
flush and close file /Users/jan/PychronDev/data/isotopes/f8/1f5d9e-5429-4cc2-97bf-0e57a017be31.h5
testing...
no interpolation path defined
executed 226.132928
unknown measurement script
activate_detectors ('H2', 'H1', 'AX', 'L1', 'L2', 'CDD') {}
activate detectors
*************** Set Analysis View Ar/Ar
create graphs
clearing graphs
clear isotope group
setting isotope det=H2, iso=PM41
setting isotope det=H1, iso=Ar40
setting isotope det=AX, iso=Ar39
setting isotope det=L1, iso=Ar38
setting isotope det=L2, iso=Ar37
setting isotope det=CDD, iso=Ar36
setting previous blanks
 - setting Ar40 blank 2.216+/-0.015
 - setting Ar36 blank 0.01144+/-0.00035
 - setting Ar37 blank 0.026+/-0.010
 - setting Ar38 blank 0.006+/-0.005
 - setting PM41 blank 0.09+/-0.08
 - setting Ar39 blank 0.049+/-0.013
load analysis view
position_magnet ('Ar40',) {'detector': 'H1'}
detector Detector(H1)
POSITION Ar40 H1
setting detector H2 to PM41 (40.9624)
setting detector H1 to Ar40 (39.9624)
setting detector AX to Ar39 (38.9624)
setting detector L1 to Ar38 (37.9624)
setting detector L2 to Ar37 (36.9624)
setting detector CDD to Ar36 (35.9624)
Mapping mass to dac mass func: "parabolic"
H1 map mass coeffs = [-0.00063987  0.15840543  0.57037999]
H1 map mass to dac 39.9624 >> 5.87877
GetDeflection H1 ===>> 0
GetHighVoltage ===>> 4499.94659342336
positioning Ar40 (5.87873538047) on H1
setting magnet DAC
current  : 5.878735
requested: 5.878735
Delta Dac: 0.000000
Checking detector protection. dv=0.00000
Checking detector "CDD". Protection Threshold: 0.1 (V)
SetMagnetDAC 5.87873538047 ===>> OK
Magnet settling time: 0.500
equilibrate () {'delay': 3, 'inlet': 'R', 'outlet': 'O', 'eqtime': 12.0}
Equilibration Started
16:06:37 -- ******* Equilibration Started *******
checking ownership. requestor=129.138.12.150
check software interlocks O
interlocks []
actuate state mode=None-script, software_lock=False
doing actuation None-script close_channel True
Close O ===>> OK
GetValveState O ===>> False
change switch state (True, True)
update switch state O False args=() kw={} ncanvase=5
16:06:37 -- CLOSE  VALVE-O (Jan Ion Pump)
waiting 3s before opening inlet value ('R',)
Get Checksum: 1838806504
checking ownership. requestor=129.138.12.150
check software interlocks R
interlocks []
actuate state mode=None-script, software_lock=False
doing actuation None-script open_channel True
Open R ===>> OK
set states for children of R. state=True
handle state [('R', True)]
update switch state R True args=() kw={'refresh': False} ncanvase=5
refresh_canvas_needed fired
GetValveState R ===>> OK
change switch state (True, True)
update switch state R True args=() kw={} ncanvase=5
16:06:41 -- OPEN   VALVE-R (Jan Inlet)
set_time_zero () {}
sniff (12.0,) {}
equilibrating for 12.0sec
py_sniff
build tables- sniff [Detector(H2), Detector(H1), Detector(AX), Detector(L1), Detector(L2), Detector(CDD)]
add group /sniff/PM41 (Group) '' table H2
add group /sniff/Ar40 (Group) '' table H1
add group /sniff/Ar39 (Group) '' table AX
add group /sniff/Ar38 (Group) '' table L1
add group /sniff/Ar37 (Group) '' table L2
add group /sniff/Ar36 (Group) '' table CDD
flush and close file /Users/jan/PychronDev/data/isotopes/f8/1f5d9e-5429-4cc2-97bf-0e57a017be31.h5
measuring sniff. ncounts=12.0
starting measurement
GetData ===>> H2,-0.191109479234729,H1,-0.059222406617798,AX,-0.0481541213513183,L1,-0.0225603798704813,L2,0.11...
Get Checksum: 1775861429
GetData ===>> H2,0.571023036824652,H1,368.750838346581,AX,1.07482488803492,L1,0.0438872741335652,L2,0.277200748...
GetData ===>> H2,1.11717065758647,H1,1069.43019004938,AX,1.12774124923835,L1,0.187035991154131,L2,0.20139352886...
GetData ===>> H2,0.628275965767613,H1,1311.13143944056,AX,0.598855638563242,L1,0.213802657092856,L2,0.150001788...
Get Checksum: 1775861429
GetData ===>> H2,0.493137857909669,H1,1390.91394425046,AX,0.601195119486003,L1,0.177631378216659,L2,0.118359115...
GetData ===>> H2,0.376296998996051,H1,1420.49687891767,AX,0.443504638327259,L1,0.172684287374337,L2,0.174935600...
GetData ===>> H2,0.26169388164367,H1,1432.30506388267,AX,0.459333122191428,L1,0.191177376858714,L2,0.1509597839...
Get Checksum: 1775861429
GetData ===>> H2,0.340098638759282,H1,1437.63128973969,AX,0.522079618517105,L1,0.159366504923743,L2,0.255267532...
GetData ===>> H2,0.33767731362363,H1,1440.01130594316,AX,0.454626146165328,L1,0.163652109272793,L2,0.0753680864...
GetData ===>> H2,0.283455263954445,H1,1441.06273757809,AX,0.359527204933736,L1,0.0983865172627185,L2,0.05228386...
Get Checksum: 1775861429
GetData ===>> H2,0.341570455411546,H1,1441.48816101913,AX,0.424472021014699,L1,0.124444134267353,L2,0.061361778...
GetData ===>> H2,0.314184058053999,H1,1440.86858045196,AX,0.450221552049403,L1,0.137322358670926,L2,0.142383785...
Equilibration Finished
16:06:53 -- ******* Equilibration Finished *******
checking ownership. requestor=129.138.12.150
check software interlocks R
interlocks []
actuate state mode=None-script, software_lock=False
doing actuation None-script close_channel True
Close R ===>> OK
GetValveState R ===>> False
change switch state (True, True)
update switch state R False args=() kw={} ncanvase=5
16:06:54 -- CLOSE  VALVE-R (Jan Inlet)
Post Equilibration Started jan_pump_extraction_line.py
16:06:54 -- ******* Post Equilibration Started jan_pump_extraction_line.py *******
testing...
no interpolation path defined
calculate duration
testing...
no interpolation path defined
executed 4.0
executed 4.0
Pump after analysis
doing GOSUB
testing...
no interpolation path defined
executed 4.0
Pump Microbone
close () {'description': 'Jan Inlet'}
closing name=--- desc=Jan Inlet
checking ownership. requestor=129.138.12.150
check software interlocks R
interlocks []
actuate state mode=None-script, software_lock=False
doing actuation None-script close_channel False
measurement finished
estimated time: 12.583 actual time: :12.648
flush and close file /Users/jan/PychronDev/data/isotopes/f8/1f5d9e-5429-4cc2-97bf-0e57a017be31.h5
set_fits () {}
Close R ===>> OK
using default fits file=/Users/jan/PychronDev/scripts/measurement/fits/nominal_linear.yaml
set "Ar40" to "('Linear', 'SEM')"
No fit for "PM41". defaulting to linear. check the measurement script "jan_unknown120_60.py"
set "PM41" to "linear"
set "Ar36" to "('Linear', 'SEM')"
set "Ar37" to "('linear', 'SEM')"
set "Ar38" to "('linear', 'SEM')"
set "Ar39" to "('Linear', 'SEM')"
set_baseline_fits () {}
using default fits file=/Users/jan/PychronDev/scripts/measurement/fits/nominal_linear.yaml
set "H1" to "('average', 'SEM')"
set "H2" to "('average', 'SEM')"
set "CDD" to "('average', 'SEM')"
set "L2" to "('average', 'SEM')"
set "L1" to "('average', 'SEM')"
set "AX" to "('average', 'SEM')"
multicollect () {'integration_time': 1, 'ncounts': 120}
build tables- signal [Detector(H2), Detector(H1), Detector(AX), Detector(L1), Detector(L2), Detector(CDD)]
add group /signal/PM41 (Group) '' table H2
add group /signal/Ar40 (Group) '' table H1
add group /signal/Ar39 (Group) '' table AX
add group /signal/Ar38 (Group) '' table L1
add group /signal/Ar37 (Group) '' table L2
add group /signal/Ar36 (Group) '' table CDD
flush and close file /Users/jan/PychronDev/data/isotopes/f8/1f5d9e-5429-4cc2-97bf-0e57a017be31.h5
measuring signal. ncounts=120
GetValveState R ===>> False
change switch state (True, True)
update switch state R False args=() kw={} ncanvase=5
Get Checksum: 1838806504
16:06:54 -- CLOSE  VALVE-R (Jan Inlet)
---------------------------------------- close None (Jan Inlet) result=[(True, True)]
action=close, ok=True, locked=[False]
is_closed ('F',) {}
is F () closed?
is closed True
open () {'description': 'CO2 Laser to Jan'}
opening name=--- desc=CO2 Laser to Jan
checking ownership. requestor=129.138.12.150
check software interlocks A
interlocks []
actuate state mode=None-script, software_lock=False
doing actuation None-script open_channel False
Open A ===>> OK
GetValveState A ===>> OK
change switch state (True, True)
update switch state A True args=() kw={} ncanvase=5
16:06:55 -- OPEN   VALVE-A (CO2 Laser to Jan)
---------------------------------------- open None (CO2 Laser to Jan) result=[(True, True)], time=0.16 sec
starting measurement
GetData ===>> H2,0.390744581967648,H1,1441.05187893717,AX,0.469607903107731,L1,0.0805318351369966,L2,0.18385677...
action=open, ok=True, locked=[False]
sleep (1,) {}
SLEEP 1.0
GetData ===>> H2,0.2216919932633,H1,1440.93704048565,AX,0.266447979535089,L1,0.0443600788615441,L2,0.1015898894...
close () {'description': 'CO2 Laser to Roughing'}
closing name=--- desc=CO2 Laser to Roughing
checking ownership. requestor=129.138.12.150
check software interlocks G
interlocks []
actuate state mode=None-script, software_lock=True
VALVE-G(CO2 Laser to Roughing) software locked
change switch state (True, False)
---------------------------------------- close None (CO2 Laser to Roughing) result=[(True, False)]
action=close, ok=True, locked=[True]
open () {'description': 'Microbone to Turbo'}
opening name=--- desc=Microbone to Turbo
checking ownership. requestor=129.138.12.150
check software interlocks U
interlocks []
actuate state mode=None-script, software_lock=False
doing actuation None-script open_channel True
Open U ===>> OK
GetValveState U ===>> OK
change switch state (True, True)
update switch state U True args=() kw={} ncanvase=5
16:06:56 -- OPEN   VALVE-U (Microbone to Turbo)
---------------------------------------- open None (Microbone to Turbo) result=[(True, True)], time=0.14 sec
action=open, ok=True, locked=[False]
open () {'description': 'Microbone to Getter NP-10'}
opening name=--- desc=Microbone to Getter NP-10
checking ownership. requestor=129.138.12.150
check software interlocks M
interlocks []
actuate state mode=None-script, software_lock=False
doing actuation None-script open_channel False
Open M ===>> OK
GetValveState M ===>> OK
change switch state (True, True)
update switch state M True args=() kw={} ncanvase=5
16:06:56 -- OPEN   VALVE-M (Microbone to Getter NP-10)
---------------------------------------- open None (Microbone to Getter NP-10) result=[(True, True)], time=0.15 sec
action=open, ok=True, locked=[False]
open () {'description': 'Microbone to Getter D-50'}
opening name=--- desc=Microbone to Getter D-50
checking ownership. requestor=129.138.12.150
check software interlocks K
interlocks []
actuate state mode=None-script, software_lock=False
doing actuation None-script open_channel False
GetData ===>> H2,0.0755919367593762,H1,1440.00123695729,AX,0.0289834684687983,L1,0.0550078133801593,L2,0.027027...
Open K ===>> OK
GetValveState K ===>> OK
change switch state (True, True)
update switch state K True args=() kw={} ncanvase=5
16:06:57 -- OPEN   VALVE-K (Microbone to Getter D-50)
---------------------------------------- open None (Microbone to Getter D-50) result=[(True, True)], time=0.43 sec
Get Checksum: 1695186306
action=open, ok=True, locked=[False]
open () {'description': 'Microbone to CO2 Laser'}
opening name=--- desc=Microbone to CO2 Laser
GetData ===>> H2,0.0916881049220186,H1,1438.79927641777,AX,0.0780556393130182,L1,0.0360381032973987,L2,0.067281...
checking ownership. requestor=129.138.12.150
check software interlocks T
interlocks []
actuate state mode=None-script, software_lock=False
doing actuation None-script open_channel False
Open T ===>> OK
GetValveState T ===>> OK
change switch state (True, True)
update switch state T True args=() kw={} ncanvase=5
16:06:58 -- OPEN   VALVE-T (Microbone to CO2 Laser)
---------------------------------------- open None (Microbone to CO2 Laser) result=[(True, True)], time=0.42 sec
action=open, ok=True, locked=[False]
open () {'description': 'Microbone to Inlet Pipette'}
opening name=--- desc=Microbone to Inlet Pipette
checking ownership. requestor=129.138.12.150
check software interlocks S
interlocks []
actuate state mode=None-script, software_lock=False
doing actuation None-script open_channel False
Open S ===>> OK
GetData ===>> H2,-0.00354980422671184,H1,1438.49324369822,AX,0.0668747883619966,L1,0.0346101074236437,L2,0.0027...
GetValveState S ===>> OK
change switch state (True, True)
update switch state S True args=() kw={} ncanvase=5
16:06:59 -- OPEN   VALVE-S (Microbone to Inlet Pipette)
---------------------------------------- open None (Microbone to Inlet Pipette) result=[(True, True)], time=0.42 sec
action=open, ok=True, locked=[False]
sleep (1,) {}
SLEEP 1.0
GetData ===>> H2,0.0510898651159194,H1,1438.41667577824,AX,-0.066518935131358,L1,0.0695357002451282,L2,-0.01494...
set_resource () {'name': 'CO2PumpTimeFlag', 'value': 30}
Set CO2PumpTimeFlag 30 ===>> OK
Get Checksum: 1695186306
release ('JanCO2Flag',) {}
release JanCO2Flag
Set JanCO2Flag 0 ===>> OK
executed 6.0
PumpMicrobone.py completed successfully
gosub finished
get_resource_value () {'name': 'JanMiniboneFlag'}
Read JanMiniboneFlag ===>> 0
Get Resource Value JanMiniboneFlag=0.0
get resource value 0.0
get_resource_value () {'name': 'JanMiniboneFlag'}
Read JanMiniboneFlag ===>> 0
Get Resource Value JanMiniboneFlag=0.0
executed 4.0
jan_pump_extraction_line.py completed successfully
Post Equilibration Finished
16:07:00 -- ******* Post Equilibration Finished *******
GetData ===>> H2,0.0153724321959348,H1,1437.10948665651,AX,-0.139092678483168,L1,0.0726719321303197,L2,0.099595...
GetData ===>> H2,-0.0280057225484638,H1,1436.851473937,AX,0.061563174155523,L1,0.00595645167173052,L2,0.0286237...
GetData ===>> H2,-0.15133429614291,H1,1435.8705102427,AX,0.0849457240999023,L1,-0.0452557126106644,L2,0.0294446...
Get Checksum: 1695186306
GetData ===>> H2,-0.168226176644212,H1,1435.59710332364,AX,0.0538630078082499,L1,-0.00665868299690118,L2,0.0227...
GetData ===>> H2,-0.167775416593031,H1,1434.44947671871,AX,0.0923467285730057,L1,-0.0347179289405155,L2,0.14226...
Get Checksum: 1695186306
GetData ===>> H2,-0.0483635271000599,H1,1434.23606115213,AX,0.0474707696650169,L1,-0.023592362836395,L2,-0.0154...
GetData ===>> H2,-0.0366537582190586,H1,1433.83310678757,AX,0.0868017225383017,L1,-0.0314576031570574,L2,0.0109...
GetData ===>> H2,-0.101453870817817,H1,1433.28929596063,AX,-0.0121448545286754,L1,-0.0379422408513878,L2,-0.001...
Get Checksum: 1695186306
GetData ===>> H2,-0.0794601017170802,H1,1433.0370316184,AX,0.0297029336844661,L1,-0.0346939613974964,L2,-0.0596...
GetData ===>> H2,-0.123440000533722,H1,1432.85554668118,AX,0.00667108210435678,L1,-0.05706935698416,L2,-0.00036...
GetData ===>> H2,-0.183848921294071,H1,1431.84828246146,AX,0.0960126381397953,L1,-0.0120855530829845,L2,0.02992...
Get Checksum: 1695186306
GetData ===>> H2,0.0270760083671616,H1,1431.00293051051,AX,0.0509643703313524,L1,0.0213831217020546,L2,0.006759...
GetData ===>> H2,-0.122049726725562,H1,1430.77984423017,AX,0.0588378950590706,L1,0.0124812997318251,L2,0.008434...
GetData ===>> H2,-0.1723240313104,H1,1430.30002008563,AX,-0.0122376491483807,L1,-0.001414886204042,L2,0.0052202...
Get Checksum: 1695186306
GetData ===>> H2,-0.235390769816428,H1,1428.98641108908,AX,0.00628823086874598,L1,-0.0243474052491056,L2,0.1245...
GetData ===>> H2,-0.271299242298997,H1,1428.45422467058,AX,0.000858866347943365,L1,-0.022759353466293,L2,-0.015...
GetData ===>> H2,-0.139114398948108,H1,1428.46364085668,AX,-0.00339856449992034,L1,-0.0523437526157906,L2,0.041...
Get Checksum: 1695186306
GetData ===>> H2,-0.0417420043068049,H1,1427.22748377049,AX,0.104006191593879,L1,-0.0260011096426854,L2,-0.0978...
16:07:20 -- collecting point 25
GetData ===>> H2,-0.139169820127688,H1,1426.62826716625,AX,0.130938505617518,L1,-0.0208221901408051,L2,0.085792...
GetData ===>> H2,-0.128470881611372,H1,1426.01685855458,AX,0.0881937445808443,L1,-0.0322731275070774,L2,0.00254...
GetData ===>> H2,-0.0444412684843614,H1,1425.55856524518,AX,0.130218976026569,L1,0.00122904196737022,L2,-0.0124...
GetData ===>> H2,-0.1345608269029,H1,1425.25225949164,AX,0.0163704823520043,L1,0.0468114287492394,L2,0.03251159...
Get Checksum: 1695186306
GetData ===>> H2,-0.187887035195848,H1,1425.63630295791,AX,0.117709294960064,L1,0.00398652351537745,L2,0.034734...
GetData ===>> H2,-0.168546016461177,H1,1424.6209083877,AX,0.0212669581555761,L1,0.00406816703999075,L2,0.019719...
GetData ===>> H2,-0.135307262050474,H1,1423.41247099543,AX,0.0788791759837151,L1,-0.0452401500402833,L2,-0.0340...
Get Checksum: 1695186306
GetData ===>> H2,-0.0724363389063589,H1,1422.51176607288,AX,0.0818834040092659,L1,-0.0186592230172524,L2,0.0128...
GetData ===>> H2,-0.0330272168397334,H1,1421.48379859833,AX,0.0991334104002617,L1,0.0196506616633626,L2,0.03444...
GetData ===>> H2,-0.177860582349837,H1,1421.47616313766,AX,0.143519527044911,L1,0.0242563937511394,L2,0.0133931...
Get Checksum: 1695186306
GetData ===>> H2,-0.135566880156024,H1,1420.93463690041,AX,0.0927991593145531,L1,-0.0234581271402048,L2,-0.0103...
GetData ===>> H2,-0.0723197365873652,H1,1420.70846040337,AX,0.227194466909746,L1,-0.0370856405066214,L2,-0.0181...
Get Checksum: 1695186306
GetData ===>> H2,-0.0693147809190756,H1,1419.93941042159,AX,0.160397360390292,L1,-0.0197071931007281,L2,-0.0156...
GetData ===>> H2,-0.0822171864675276,H1,1419.63762286492,AX,0.171739885640775,L1,0.00771175671532695,L2,0.03910...
GetData ===>> H2,-0.0537946224136985,H1,1418.31218610601,AX,0.098622942669135,L1,0.008772526745574,L2,0.0833192...
Get Checksum: 1695186306
GetData ===>> H2,-0.0446110030288464,H1,1418.30118893846,AX,0.123012368022894,L1,0.0214984694188924,L2,-0.00928...
GetData ===>> H2,-0.00549199283086736,H1,1417.80278436955,AX,0.0877993363152701,L1,-0.0252689595733352,L2,-0.00...
GetData ===>> H2,-0.0232144291933618,H1,1417.48785855006,AX,0.227566206180773,L1,-0.0205896095609051,L2,-0.0018...
Get Checksum: 1695186306
GetData ===>> H2,-0.0291916847347904,H1,1417.14275877335,AX,0.127085602683057,L1,0.0135689852325381,L2,-0.05588...
GetData ===>> H2,-0.0052635172111849,H1,1416.24530445586,AX,0.217994371785894,L1,-0.00748621193805133,L2,0.0289...
GetData ===>> H2,-0.102488019894862,H1,1415.4955736574,AX,0.199515492139962,L1,-0.0696646885149126,L2,0.0716724...
Get Checksum: 1695186306
GetData ===>> H2,-0.07846278017075,H1,1414.56806184445,AX,0.147999877209612,L1,-0.0592905363132406,L2,-0.003453...
GetData ===>> H2,-0.0116074550427305,H1,1413.89861643326,AX,0.212767431937264,L1,-0.0135215173543467,L2,0.02492...
GetData ===>> H2,-0.0350816292792983,H1,1413.36972082061,AX,0.225893390627797,L1,0.00937135914991125,L2,0.10888...
Get Checksum: 1695186306
GetData ===>> H2,-0.136036070724147,H1,1412.65795074711,AX,0.125437720851236,L1,-0.00978494622400478,L2,0.09142...
16:07:46 -- collecting point 50
GetData ===>> H2,-0.159782919885903,H1,1412.11156457241,AX,0.116479301759187,L1,-0.0112847761769622,L2,0.061624...
GetData ===>> H2,-0.182923485920434,H1,1411.676406835,AX,0.188564547937126,L1,-0.0125003017032658,L2,0.00527725...
Get Checksum: 1695186306
GetData ===>> H2,-0.146335794892072,H1,1411.12774082953,AX,0.299415716733755,L1,-0.0202359329098619,L2,-0.17393...
GetData ===>> H2,-0.190206208806989,H1,1410.35356997359,AX,0.0298653943077624,L1,-0.0540243791009944,L2,-0.0221...
GetData ===>> H2,-0.23433054350966,H1,1410.38417945522,AX,0.145330213698915,L1,-0.0460745092389685,L2,0.0739194...
Get Checksum: 1695186306
GetData ===>> H2,-0.127457043079635,H1,1409.73051142913,AX,0.0619110876156292,L1,-0.0191220699460712,L2,0.06691...
GetData ===>> H2,-0.0940767377597381,H1,1409.06519464578,AX,0.220375626227796,L1,0.0129302859190184,L2,0.017713...
GetData ===>> H2,-0.0588108589280951,H1,1408.57339372988,AX,0.166561864848088,L1,0.0130719488143501,L2,-0.06188...
Get Checksum: 1695186306
GetData ===>> H2,-0.0510020438501784,H1,1408.26288368899,AX,0.194754060821833,L1,0.0167366675909619,L2,0.073474...
GetData ===>> H2,-0.13631324911789,H1,1407.80473952292,AX,0.225324175216533,L1,-0.0103556512685639,L2,0.0992075...
Get Checksum: 1695186306
GetData ===>> H2,-0.200317156438883,H1,1406.87496347408,AX,0.162161924455433,L1,-0.00086407507479115,L2,0.04475...
GetData ===>> H2,-0.0964591219734141,H1,1406.25126645059,AX,0.100769245473206,L1,0.00991621955711608,L2,0.03560...
GetData ===>> H2,-0.0767592719711036,H1,1405.24091516616,AX,0.205415344428839,L1,0.0188770378181323,L2,0.019993...
Get Checksum: 1695186306
GetData ===>> H2,-0.0872554372661858,H1,1404.5387856236,AX,0.213626953895626,L1,0.0237924809333564,L2,0.0820883...
GetData ===>> H2,-0.081083272333688,H1,1403.86289485789,AX,0.21862162340851,L1,-0.0552846376790108,L2,0.0746494...
GetData ===>> H2,-0.105828057382654,H1,1403.9288533523,AX,0.14606146208063,L1,-0.0611259893601089,L2,-0.1283964...
Get Checksum: 1695186306
GetData ===>> H2,-0.111270682292235,H1,1402.90531321886,AX,0.125739443608713,L1,-0.0777329250873255,L2,0.019366...
GetData ===>> H2,-0.171223139932803,H1,1402.33617275519,AX,0.129627108895722,L1,-0.0436047486804521,L2,0.049455...
GetData ===>> H2,-0.0566665458533334,H1,1402.18822977951,AX,0.211118100222097,L1,-0.0163686566802804,L2,-0.0105...
Get Checksum: 1695186306
GetData ===>> H2,-0.00701912605850971,H1,1401.13594063795,AX,0.193046970159822,L1,-0.0247656503811955,L2,-0.095...
GetData ===>> H2,-0.0689228306317416,H1,1400.66642079458,AX,0.22023623412048,L1,-0.0362409491054708,L2,0.002712...
GetData ===>> H2,-0.0709800800255291,H1,1400.17849494974,AX,0.240026100423652,L1,-0.0238644243329153,L2,0.06668...
Get Checksum: 1695186306
GetData ===>> H2,-0.145721128293316,H1,1399.93455243465,AX,0.295408827332597,L1,-0.0234209723006102,L2,-0.01344...
GetData ===>> H2,-0.181510904451786,H1,1399.16662335367,AX,0.189853513515427,L1,-0.0276066204085632,L2,0.053059...
GetData ===>> H2,-0.251915501347748,H1,1398.4243286468,AX,0.319696587390897,L1,-0.030692315304384,L2,0.04165604...
Get Checksum: 1695186306
16:08:12 -- collecting point 75
GetData ===>> H2,-0.203111831535752,H1,1398.54253740661,AX,0.225521657737662,L1,-0.0135107304066131,L2,-0.00030...
GetData ===>> H2,-0.152730802551283,H1,1397.72725299333,AX,0.186729833551133,L1,0.00360592934720598,L2,-0.03845...
GetData ===>> H2,-0.0834918581616431,H1,1397.30923211356,AX,0.207447856586851,L1,-0.0201052492385925,L2,0.04944...
Get Checksum: 1695186306
GetData ===>> H2,-0.0441095915421596,H1,1396.93987228031,AX,0.238726087397284,L1,-0.0307953151837736,L2,0.03795...
GetData ===>> H2,-0.164766741262244,H1,1395.5037863994,AX,0.275980652678175,L1,-0.0142801703413455,L2,0.0257393...
GetData ===>> H2,-0.0693351239910237,H1,1395.60155615446,AX,0.183257905307009,L1,-0.0106314005142468,L2,0.04265...
Get Checksum: 1695186306
GetData ===>> H2,-0.0285464170622866,H1,1395.00304288223,AX,0.186544041615616,L1,0.00655391693358806,L2,0.06541...
GetData ===>> H2,-0.219817780243759,H1,1394.50282483505,AX,0.232410563197395,L1,0.00779815009634224,L2,0.067566...
Get Checksum: 1695186306
GetData ===>> H2,-0.103700724027293,H1,1393.71861969737,AX,0.294050006582759,L1,-0.0565929840710692,L2,0.031075...
GetData ===>> H2,-0.164197041170262,H1,1393.24769729643,AX,0.345187237860358,L1,-0.0313414364503995,L2,0.026081...
GetData ===>> H2,-0.200600295331546,H1,1392.51861915434,AX,0.256219680168347,L1,-0.0210223969519288,L2,0.037893...
Get Checksum: 1695186306
GetData ===>> H2,-0.0408138301262073,H1,1392.02635725412,AX,0.305292785768287,L1,-0.0180656446270533,L2,0.06336...
GetData ===>> H2,0.0155752472687477,H1,1391.12277096182,AX,0.280544125801646,L1,-0.0326790687136963,L2,-0.05310...
GetData ===>> H2,-0.102224077178686,H1,1390.86252762965,AX,0.28702392795047,L1,-0.0593372045308602,L2,0.0384063...
Get Checksum: 1695186306
GetData ===>> H2,-0.103042956376506,H1,1390.7047018806,AX,0.2104560523855,L1,-0.0239279442394346,L2,-0.02949254...
GetData ===>> H2,-0.0690286178526874,H1,1389.87391068637,AX,0.311727769641144,L1,0.00123264288759053,L2,-0.0680...
GetData ===>> H2,-0.0369727734561968,H1,1389.2430012132,AX,0.307127990583714,L1,-0.0412170157574354,L2,-0.02037...
Get Checksum: 1695186306
GetData ===>> H2,-0.160801196478866,H1,1388.85010594005,AX,0.226799495487931,L1,-0.000952878906237017,L2,0.0010...
GetData ===>> H2,-0.149626058705794,H1,1388.63789409845,AX,0.257287738426589,L1,-0.0115113497588699,L2,0.003829...
GetData ===>> H2,-0.0535978888182845,H1,1387.29863893185,AX,0.271161949858288,L1,-0.0310695771591949,L2,0.00678...
Get Checksum: 1695186306
GetData ===>> H2,-0.0887223391273563,H1,1387.0639330534,AX,0.359062343109069,L1,-0.0319138738304766,L2,0.054941...
GetData ===>> H2,-0.0384672748420057,H1,1386.68521385251,AX,0.241210055946049,L1,-0.0235216496125852,L2,0.08018...
GetData ===>> H2,-0.0595838518765761,H1,1385.62484288068,AX,0.250577740535622,L1,-0.00272519158398151,L2,0.0716...
Get Checksum: 1695186306
GetData ===>> H2,-0.0407636197177448,H1,1385.27250973904,AX,0.284434277929103,L1,0.0286034399558088,L2,0.040059...
GetData ===>> H2,-0.113722102020819,H1,1384.1248724236,AX,0.215880331236981,L1,-0.0135263115496317,L2,0.0312688...
16:08:39 -- collecting point 100
GetData ===>> H2,-0.142022969173387,H1,1383.67895388657,AX,0.308893536680347,L1,-0.00238203284587869,L2,0.13012...
Get Checksum: 1695186306
GetData ===>> H2,-0.0151898267326393,H1,1382.94949913301,AX,0.429677154296831,L1,-0.0170870631917696,L2,0.04048...
GetData ===>> H2,-0.0186827786572703,H1,1383.12342007967,AX,0.312331797152335,L1,-0.00641280984099682,L2,0.0107...
GetData ===>> H2,-0.0715645042590767,H1,1381.8666687567,AX,0.281182796842757,L1,-0.00301794713669347,L2,-0.0241...
Get Checksum: 1695186306
GetData ===>> H2,-0.0585531829470968,H1,1382.00788542343,AX,0.218563544385004,L1,0.00497469475805866,L2,-0.0784...
GetData ===>> H2,-0.105763106534761,H1,1381.2741329112,AX,0.285177488833802,L1,-0.00685657654108442,L2,0.059856...
Get Checksum: 1695186306
GetData ===>> H2,-0.0148936034623069,H1,1380.77800603107,AX,0.26287201618488,L1,0.0199425879535607,L2,-0.049760...
GetData ===>> H2,-0.0845578128742742,H1,1379.95291698601,AX,0.276677352313812,L1,0.0116662128350267,L2,-0.02855...
GetData ===>> H2,-0.111005339531375,H1,1379.45615728184,AX,0.404210767407196,L1,0.0208328351375803,L2,-0.065559...
Get Checksum: 1695186306
GetData ===>> H2,-0.0465091418653399,H1,1378.55884675557,AX,0.313981275957087,L1,-0.00561877844528192,L2,0.0510...
GetData ===>> H2,-0.157281406473696,H1,1378.28268328228,AX,0.400432098448881,L1,0.00383644523326034,L2,0.048178...
GetData ===>> H2,-0.0972405002414723,H1,1378.29632537318,AX,0.277838529438796,L1,0.0160329189937527,L2,0.057392...
Get Checksum: 1695186306
GetData ===>> H2,-0.157914941288722,H1,1377.03630342155,AX,0.363827281863251,L1,-0.0320456016690567,L2,-0.03523...
GetData ===>> H2,-0.197818485605617,H1,1376.49713348112,AX,0.316502012264527,L1,0.0079577398179637,L2,0.0293192...
GetData ===>> H2,-0.244102687480608,H1,1376.15505561885,AX,0.342747096853508,L1,0.010083043943793,L2,0.10606975...
Get Checksum: 1695186306
GetData ===>> H2,-0.166200314756504,H1,1375.74335720469,AX,0.409024422334383,L1,-0.0301581362141414,L2,0.011626...
GetData ===>> H2,-0.191094650003798,H1,1375.17635265448,AX,0.299218271949166,L1,-0.0256643991271149,L2,-0.00033...
GetData ===>> H2,-0.0934306043400865,H1,1374.2568925373,AX,0.283656235084166,L1,0.0225258432475545,L2,0.0328194...
Get Checksum: 1695186306
GetData ===>> H2,-0.0923143460266336,H1,1374.01287121425,AX,0.364605964718469,L1,-0.0116468119507937,L2,-0.0399...
GetData ===>> H2,-0.126065909228705,H1,1373.2599269259,AX,0.424692768795679,L1,0.00349067338255279,L2,0.0119568...
GetData ===>> H2,-0.147076052416025,H1,1372.69741550468,AX,0.378937163818664,L1,-0.0120292130789802,L2,0.015319...
Get Checksum: 1695186306
measurement finished
estimated time: 125.829 actual time: :126.113
flush and close file /Users/jan/PychronDev/data/isotopes/f8/1f5d9e-5429-4cc2-97bf-0e57a017be31.h5
baselines () {'settling_time': 15.0, 'detector': 'H1', 'mass': 34.2, 'ncounts': 60}
%%%%%%%%%%%%%%%%%%%%%%%%%%%%%%%% Baseline
build tables- baseline [Detector(H2), Detector(H1), Detector(AX), Detector(L1), Detector(L2), Detector(CDD)]
add group baseline table H2
add group baseline table H1
add group baseline table AX
add group baseline table L1
add group baseline table L2
add group baseline table CDD
flush and close file /Users/jan/PychronDev/data/isotopes/f8/1f5d9e-5429-4cc2-97bf-0e57a017be31.h5
detector Detector(H1)
POSITION 34.2 H1
Mapping mass to dac mass func: "parabolic"
H1 map mass coeffs = [-0.00063987  0.15840543  0.57037999]
H1 map mass to dac 34.2 >> 5.23942599104
GetDeflection H1 ===>> 0
GetHighVoltage ===>> 4499.94659342336
positioning 34.2 (5.23939513656) on H1
setting magnet DAC
current  : 5.878735
requested: 5.239395
Delta Dac: 0.639340
Checking detector protection. dv=0.63934
Checking detector "CDD". Protection Threshold: 0.1 (V)
ProtectDetector CDD,On ===>> OK
GetDeflection CDD ===>> 2000
SetMagnetDAC 5.23939513656 ===>> OK
Magnet settling time: 0.500
GetMagnetMoving ===>> True
GetMagnetMoving ===>> True
GetMagnetMoving ===>> True
GetMagnetMoving ===>> True
GetMagnetMoving ===>> True
GetMagnetMoving ===>> True
GetMagnetMoving ===>> True
GetMagnetMoving ===>> True
GetMagnetMoving ===>> False
ProtectDetector CDD,Off ===>> OK
GetDeflection CDD ===>> 50
Delaying 15.0s for detectors to settle
Get Checksum: 1695186306
Get Checksum: 1695186306
Get Checksum: 1695186306
Get Checksum: 1695186306
Get Checksum: 1695186306
Join finished
measuring baseline. ncounts=60
starting measurement
GetData ===>> H2,-0.0669303209356947,H1,-0.138076638950113,AX,-0.052397814252345,L1,-0.014087216632205,L2,-0.12...
GetData ===>> H2,-0.065512453915381,H1,-0.109852242358488,AX,0.0807930557100547,L1,-0.0137827976676308,L2,0.030...
Get Checksum: 1695186306
GetData ===>> H2,-0.131603000514784,H1,-0.067924742953873,AX,-0.0309223632206314,L1,-0.0371695067011032,L2,-0.0...
GetData ===>> H2,-0.154515862276779,H1,-0.0786883668051573,AX,-0.0962964204941461,L1,-0.05903206225732,L2,-0.03...
GetData ===>> H2,-0.278401093637921,H1,-0.0675790481368342,AX,-0.0453364853165328,L1,-0.0571411700360083,L2,-0....
Get Checksum: 1695186306
GetData ===>> H2,-0.165660383697557,H1,0.0189537272546449,AX,0.0166489483045907,L1,-0.029784433522642,L2,-0.087...
GetData ===>> H2,-0.160381202232933,H1,-0.0219129947392148,AX,-0.123712856923084,L1,-0.015172797871668,L2,-0.03...
Get Checksum: 1695186306
GetData ===>> H2,-0.17225253058513,H1,-0.0189076046294588,AX,-0.0458698712372773,L1,-0.0160508143948092,L2,-0.0...
GetData ===>> H2,-0.240330208785108,H1,-0.067137987498511,AX,-0.0581717221522752,L1,-0.0298838493766288,L2,0.00...
GetData ===>> H2,-0.2516895867906,H1,-0.0982577927419957,AX,-0.0621947044610381,L1,-0.0372665509956868,L2,-0.04...
Get Checksum: 1695186306
GetData ===>> H2,-0.301036553660391,H1,0.0375198390090372,AX,-0.0217370302470777,L1,-0.0164046381931714,L2,0.03...
GetData ===>> H2,-0.123640142664113,H1,0.0913371852731217,AX,-0.0391211643038048,L1,-0.0235635981951613,L2,-0.1...
GetData ===>> H2,-0.107240646455086,H1,-0.00507210532731932,AX,0.031339156631842,L1,-0.0362409491054708,L2,0.01...
Get Checksum: 1695186306
GetData ===>> H2,-0.193798641192266,H1,0.0502890219573395,AX,-0.072848427622641,L1,-0.0131439673037556,L2,0.001...
GetData ===>> H2,-0.241256285308697,H1,0.00593802470267875,AX,-0.202671738419584,L1,-0.0190309411461684,L2,-0.0...
GetData ===>> H2,-0.180805222292185,H1,0.0595864889863631,AX,-0.0724542954222319,L1,-0.0157689458552563,L2,-0.0...
Get Checksum: 1695186306
GetData ===>> H2,-0.0429075428414829,H1,0.0161261576111961,AX,-0.0502180169701187,L1,-0.0217200925446743,L2,-0....
GetData ===>> H2,-0.14603859761981,H1,0.0578558296015387,AX,0.0176235854117468,L1,-0.0195405323895873,L2,-0.006...
GetData ===>> H2,-0.222089027796511,H1,0.0446799279500755,AX,-0.066066812769951,L1,0.00181840971644228,L2,-0.05...
Get Checksum: 1695186306
GetData ===>> H2,-0.170315093853835,H1,-0.0398361260143919,AX,-0.0812407461401259,L1,-0.0135035391016912,L2,-0....
GetData ===>> H2,-0.223464217416667,H1,0.0415652263358492,AX,0.0512661490281133,L1,-0.0195081591254573,L2,-0.04...
GetData ===>> H2,-0.247999008837879,H1,-0.080142499632818,AX,-0.101418759252332,L1,0.000558092970597277,L2,0.00...
Get Checksum: 1695186306
GetData ===>> H2,-0.266464953979394,H1,0.0713080178081917,AX,-0.0490005557480321,L1,-0.0108783695123926,L2,-0.1...
GetData ===>> H2,-0.215775602693672,H1,-0.0336116897170278,AX,-0.00617101471805217,L1,-0.0610362585834639,L2,0....
16:09:44 -- collecting point 25
GetData ===>> H2,-0.0880325330648174,H1,0.0230938150669104,AX,0.000998077040029481,L1,-0.0773252163723044,L2,0....
Get Checksum: 1695186306
GetData ===>> H2,-0.0686787025220183,H1,0.0512079885928387,AX,-0.0325459430322883,L1,-0.014875310417028,L2,0.08...
GetData ===>> H2,-0.266019993186633,H1,0.00691623134077015,AX,-0.112948829136607,L1,-0.0110186356139768,L2,-0.0...
GetData ===>> H2,-0.220547970101462,H1,0.0539410690795219,AX,-0.0316529774876276,L1,-0.00639841707996682,L2,-0....
Get Checksum: 1695186306
GetData ===>> H2,-0.201219131383129,H1,0.10914743716921,AX,-0.00491820180476091,L1,-0.0588884626844298,L2,-0.09...
GetData ===>> H2,-0.194045284204499,H1,0.0418993659304646,AX,-0.0735903191984401,L1,-0.0581333344700662,L2,-0.1...
Get Checksum: 1695186306
GetData ===>> H2,-0.191267207124918,H1,-0.0464059443711083,AX,-0.00933777546558917,L1,-0.0171949996376468,L2,-0...
GetData ===>> H2,-0.277369742427769,H1,0.00874144733280531,AX,-0.0416258936561006,L1,-0.0224620902563679,L2,0.0...
GetData ===>> H2,-0.246690070197483,H1,-0.00911560850791455,AX,0.0300974813826748,L1,-0.0392922864776752,L2,0.0...
Get Checksum: 1695186306
GetData ===>> H2,-0.237687137088981,H1,0.0115091586039952,AX,-0.0604556835254333,L1,-0.0234677154636315,L2,-0.0...
GetData ===>> H2,-0.238776706401463,H1,0.0626659430986055,AX,-0.0696489554044471,L1,-0.0252342080814605,L2,0.02...
GetData ===>> H2,-0.251140918326044,H1,-0.0294976256561384,AX,-0.0405822642601879,L1,0.011369724824769,L2,-0.00...
Get Checksum: 1695186306
GetData ===>> H2,-0.268466388342336,H1,0.0585122830883079,AX,-0.101129041404956,L1,0.00289280423195044,L2,-0.02...
GetData ===>> H2,-0.253083999106747,H1,-0.0185855931938093,AX,-0.0471337522918227,L1,-0.0261089504849042,L2,0.0...
GetData ===>> H2,-0.294947497780153,H1,0.0498593781121272,AX,0.068463689958992,L1,-0.0335519664099602,L2,-0.129...
Get Checksum: 1695186306
GetData ===>> H2,-0.22057626064118,H1,0.00481667763325713,AX,-0.110724037629786,L1,-0.00930173997550019,L2,-0.0...
GetData ===>> H2,-0.16173296093706,H1,-0.033945577351857,AX,-0.0694866605318749,L1,0.00928975263932615,L2,-0.00...
GetData ===>> H2,-0.0335079255117463,H1,0.00339711797676685,AX,-0.0638873216593299,L1,0.00286999466598562,L2,0....
Get Checksum: 1695186306
GetData ===>> H2,-0.145152363148221,H1,-0.0191699835518254,AX,-0.0422288744281873,L1,-0.0179769046465738,L2,-0....
GetData ===>> H2,-0.296896139097648,H1,-0.00688514170275028,AX,-0.00189050402596299,L1,-0.027416129174593,L2,-0...
GetData ===>> H2,-0.248768427116976,H1,-0.0237257260947253,AX,-0.1229713474592,L1,-0.0413918639983664,L2,0.0608...
Get Checksum: 1695186306
GetData ===>> H2,-0.0577326495190009,H1,0.00233544366061729,AX,-0.0444204461526954,L1,-0.0117666884760745,L2,0....
GetData ===>> H2,-0.140436323040358,H1,0.0690519346526976,AX,-0.0217022356710953,L1,-0.0154798724711833,L2,-0.0...
GetData ===>> H2,-0.216315518480415,H1,-0.028090457685903,AX,-0.181776953837126,L1,-0.0130312988302491,L2,0.058...
Get Checksum: 1695186306
GetData ===>> H2,-0.245477854980054,H1,-0.0234633591148058,AX,-0.160124154693485,L1,-0.0218807235085026,L2,-0.0...
16:10:10 -- collecting point 50
GetData ===>> H2,-0.198239239462171,H1,-0.0549067207709751,AX,-0.0486874918290824,L1,-0.0450306515542,L2,-0.026...
GetData ===>> H2,-0.21654170994866,H1,-0.0568976818424936,AX,-0.0317921414880991,L1,-0.0414373719457093,L2,-0.1...
Get Checksum: 1695186306
GetData ===>> H2,-0.195064145904008,H1,-0.0229505489408808,AX,-0.0723383738830245,L1,-0.0452796549795719,L2,-0....
GetData ===>> H2,-0.213452728234083,H1,-0.0195277718828766,AX,-0.0365467919595835,L1,-0.0342128755649627,L2,-0....
Get Checksum: 1695186306
GetData ===>> H2,-0.254706786681011,H1,-0.0477651632890595,AX,-0.00434979062842904,L1,-0.0147313617171053,L2,-0...
GetData ===>> H2,-0.332717858178967,H1,-0.0152938613181107,AX,-0.0070062143687497,L1,-0.0491073059922533,L2,-0....
GetData ===>> H2,-0.184442455184306,H1,0.0166272400799584,AX,-0.152229188779303,L1,-0.0166996817455961,L2,-0.02...
Get Checksum: 1695186306
GetData ===>> H2,-0.126886550113708,H1,0.0947606113731016,AX,-0.134025430288361,L1,-0.0147877418698891,L2,0.053...
GetData ===>> H2,-0.248625846569309,H1,0.0761657785486094,AX,-0.107467870836405,L1,-0.0235444217219762,L2,0.034...
GetData ===>> H2,-0.165765672273574,H1,0.0892617156295518,AX,-0.0622874513713165,L1,-0.0356286532348666,L2,-0.0...
Get Checksum: 1695186306
GetData ===>> H2,-0.192577476921199,H1,-0.0148764238167008,AX,-0.0303541038877258,L1,-0.0552690753512145,L2,-0....
measurement finished
estimated time: 62.915 actual time: :63.055
flush and close file /Users/jan/PychronDev/data/isotopes/f8/1f5d9e-5429-4cc2-97bf-0e57a017be31.h5
activate_detectors ('H1', 'AX', 'CDD') {'peak_center': True}
peak_center () {'detector': 'H1', 'integration_time': 0.262144, 'isotope': 'Ar40'}
peak center: mean=1375.31316339 threshold=3
peak center started
setup peak center. detector=['H1', 'AX', 'CDD'], isotope=Ar40
VersionedUnpickler [<apptools.sweet_pickle.versioned_unpickler.VersionedUnpickler object at 0x1468f4950>] using Updater [<apptools.sweet_pickle.updater.Updater object at 0x135b265f0>]
VersionedUnpickler [<apptools.sweet_pickle.versioned_unpickler.VersionedUnpickler object at 0x1468f4950>] using Updater [<apptools.sweet_pickle.updater.Updater object at 0x135b265f0>]
VersionedUnpickler [<apptools.sweet_pickle.versioned_unpickler.VersionedUnpickler object at 0x14483e830>] using Updater [<apptools.sweet_pickle.updater.Updater object at 0x135b265f0>]
setting integration time = 0.524288
SetIntegrationTime 0.524288 ===>> OK
Mapping mass to dac mass func: "parabolic"
H1 map mass coeffs = [-0.00063987  0.15840543  0.57037999]
H1 map mass to dac 39.9624 >> 5.87877
GetDeflection H1 ===>> 0
GetHighVoltage ===>> 4499.94659342336
do peak center. <pychron.spectrometer.jobs.peak_center.PeakCenter object at 0x13aecf0b0>
doing pc
starting peak center. center dac= 5.87873538047 step_width=0.001
width = 0.001
get scan parameters. half-width=0.015,window=0.015, i=0, scalar=1
Scan parameters center=5.87874 width=0.03000 (5.86374 - 5.89374)
GetData ===>> H2,-0.182012816047158,H1,0.0240841208118738,AX,-0.00342176524773805,L1,-0.0444188909742044,L2,-0....
Moving to starting dac 5.86373538047
setting magnet DAC
current  : 5.239395
requested: 5.863735
Delta Dac: 0.624340
Checking detector protection. dv=0.62434
Checking detector "CDD". Protection Threshold: 0.1 (V)
ProtectDetector CDD,On ===>> OK
GetDeflection CDD ===>> 2000
SetMagnetDAC 5.86373538047 ===>> OK
Magnet settling time: 0.500
GetMagnetMoving ===>> True
GetMagnetMoving ===>> True
GetMagnetMoving ===>> True
GetMagnetMoving ===>> True
GetMagnetMoving ===>> True
Get Checksum: 1695186306
GetMagnetMoving ===>> True
GetMagnetMoving ===>> True
GetMagnetMoving ===>> True
GetMagnetMoving ===>> True
GetMagnetMoving ===>> False
ProtectDetector CDD,Off ===>> OK
GetDeflection CDD ===>> 50
Wait until signal near baseline. tol= 0.0180630906089. timeout= 10
GetData ===>> H2,66.6503165033796,H1,7.39225833237713,AX,-0.173218996725511,L1,-0.00465194268007568,L2,0.104542...
GetData ===>> H2,107.731683599246,H1,37.2071839251901,AX,-0.179309962611703,L1,-0.0353159006409914,L2,-0.057622...
GetData ===>> H2,62.6036874301914,H1,17.6876162244852,AX,-0.0640496258711129,L1,-0.0459560033305742,L2,-0.24075...
GetData ===>> H2,27.1520585818588,H1,8.93441707531093,AX,0.00780804313435537,L1,-0.0579527182337828,L2,-0.21011...
Get Checksum: 1695186306
GetData ===>> H2,9.54819904802498,H1,4.75970094170035,AX,-0.0191274025290642,L1,-0.0519657224382782,L2,-0.05291...
GetData ===>> H2,2.93017295530849,H1,2.77964503077721,AX,-0.00859539391297501,L1,-0.0415906603574376,L2,-0.0729...
GetData ===>> H2,0.969735719926295,H1,1.84109153652725,AX,-0.0530818895036928,L1,-0.0331334244860988,L2,-0.0658...
GetData ===>> H2,0.544681024735939,H1,1.35382664727806,AX,-0.0275011599507584,L1,0.0161329227243171,L2,-0.02197...
GetData ===>> H2,0.531967666886005,H1,1.13729144144916,AX,0.0054413228788637,L1,0.00436112866434059,L2,-0.03333...
GetData ===>> H2,0.531967666886005,H1,1.13729144144916,AX,0.0054413228788637,L1,0.00436112866434059,L2,-0.03333...
Get Checksum: 1695186306
GetData ===>> H2,0.49580058439206,H1,0.94082178930337,AX,-0.0295422990850599,L1,-0.0287136368707758,L2,0.021022...
GetData ===>> H2,0.443609958988842,H1,0.809864787968206,AX,0.00885220271678238,L1,-0.0382561096954392,L2,0.0866...
GetData ===>> H2,0.450034091074346,H1,0.844034426411145,AX,-0.101627355568261,L1,-0.00977055828369032,L2,-0.036...
GetData ===>> H2,0.371306431930433,H1,0.889113683307286,AX,0.0387663298996708,L1,0.0121410083397898,L2,-0.03180...
GetData ===>> H2,0.348566643103849,H1,0.935434287544168,AX,-0.00061443460653985,L1,-0.0172015886616159,L2,0.079...
GetData ===>> H2,0.367265110987751,H1,0.875520780957539,AX,-0.010428138105539,L1,-0.0277944982207938,L2,-0.1015...
Get Checksum: 1695186306
GetData ===>> H2,0.390037999028487,H1,0.895695414289732,AX,0.0293664089701022,L1,-0.0274617684685481,L2,-0.0850...
GetData ===>> H2,0.253571206693566,H1,0.893661015073133,AX,0.0418766270205598,L1,-0.00487026854943698,L2,0.0700...
GetData ===>> H2,0.176645917066806,H1,0.811086719763465,AX,-0.128532530669983,L1,-0.016657631630526,L2,-0.06181...
GetData ===>> H2,0.0977385587580242,H1,0.82865063571258,AX,-0.0926341306186164,L1,-0.0399642469177786,L2,0.0255...
GetData ===>> H2,0.0449436925269726,H1,0.860541999531406,AX,-0.173844322582094,L1,-0.0331788805338652,L2,-0.048...
Peak center failed to move to a baseline position
_do_sweep sm= 5.86373538047, em= 5.89373538047, stm= 0.001
calculated step values: start=5.86373538047, end=5.89373538047, width=0.001, nsteps=31.0
setting magnet DAC
current  : 5.863735
requested: 5.863735
Delta Dac: 0.000000
Checking detector protection. dv=0.00000
Checking detector "CDD". Protection Threshold: 0.1 (V)
SetMagnetDAC 5.86373538047 ===>> OK
GetData ===>> H2,0.0449436925269726,H1,0.860541999531406,AX,-0.173844322582094,L1,-0.0331788805338652,L2,-0.048...
setting magnet DAC
current  : 5.863735
requested: 5.864770
Delta Dac: 0.001034
Checking detector protection. dv=0.00103
Checking detector "CDD". Protection Threshold: 0.1 (V)
SetMagnetDAC 5.86476986323 ===>> OK
Magnet settling time: 1.049
Get Checksum: 1695186306
GetData ===>> H2,0.10859552495697,H1,1.7459204066353,AX,-0.150519262345579,L1,-0.0253526281729967,L2,-0.0375234...
setting magnet DAC
current  : 5.864770
requested: 5.865804
Delta Dac: 0.001034
Checking detector protection. dv=0.00103
Checking detector "CDD". Protection Threshold: 0.1 (V)
SetMagnetDAC 5.86580434599 ===>> OK
Magnet settling time: 1.049
GetData ===>> H2,-0.0812797171681968,H1,6.16491281523486,AX,-0.02569193265796,L1,-0.0323558550010462,L2,0.03664...
setting magnet DAC
current  : 5.865804
requested: 5.866839
Delta Dac: 0.001034
Checking detector protection. dv=0.00103
Checking detector "CDD". Protection Threshold: 0.1 (V)
SetMagnetDAC 5.86683882875 ===>> OK
Magnet settling time: 1.049
GetData ===>> H2,-0.0225545436978791,H1,23.7893338412457,AX,-0.199247680633334,L1,-0.0724736255041332,L2,-0.128...
setting magnet DAC
current  : 5.866839
requested: 5.867873
Delta Dac: 0.001034
Checking detector protection. dv=0.00103
Checking detector "CDD". Protection Threshold: 0.1 (V)
SetMagnetDAC 5.86787331151 ===>> OK
Magnet settling time: 1.049
Get Checksum: 1695186306
GetData ===>> H2,-0.0837695307037392,H1,81.6188470167458,AX,-0.146581014046441,L1,-0.0417056251318261,L2,0.0275...
setting magnet DAC
current  : 5.867873
requested: 5.868908
Delta Dac: 0.001034
Checking detector protection. dv=0.00103
Checking detector "CDD". Protection Threshold: 0.1 (V)
SetMagnetDAC 5.86890779427 ===>> OK
Magnet settling time: 1.049
GetData ===>> H2,-0.168829411285417,H1,224.255379986242,AX,-0.00984815949847583,L1,0.0206089134694329,L2,0.0788...
setting magnet DAC
current  : 5.868908
requested: 5.869942
Delta Dac: 0.001034
Checking detector protection. dv=0.00103
Checking detector "CDD". Protection Threshold: 0.1 (V)
SetMagnetDAC 5.86994227703 ===>> OK
Magnet settling time: 1.049
GetData ===>> H2,-0.0623079688344914,H1,646.340670654687,AX,0.216338405464154,L1,-0.0519178695025754,L2,-0.0054...
setting magnet DAC
current  : 5.869942
requested: 5.870977
Delta Dac: 0.001034
Checking detector protection. dv=0.00103
Checking detector "CDD". Protection Threshold: 0.1 (V)
SetMagnetDAC 5.87097675979 ===>> OK
Magnet settling time: 1.049
Get Checksum: 1695186306
GetData ===>> H2,0.0185579975919153,H1,973.667853819033,AX,0.408070974231771,L1,-0.0502237286825309,L2,-0.15692...
setting magnet DAC
current  : 5.870977
requested: 5.872011
Delta Dac: 0.001034
Checking detector protection. dv=0.00103
Checking detector "CDD". Protection Threshold: 0.1 (V)
SetMagnetDAC 5.87201124254 ===>> OK
Magnet settling time: 1.049
GetData ===>> H2,0.0151655373093163,H1,1180.73428298784,AX,0.527743751603891,L1,-0.0284359892594073,L2,0.008904...
setting magnet DAC
current  : 5.872011
requested: 5.873046
Delta Dac: 0.001034
Checking detector protection. dv=0.00103
Checking detector "CDD". Protection Threshold: 0.1 (V)
SetMagnetDAC 5.8730457253 ===>> OK
Magnet settling time: 1.049
GetData ===>> H2,-0.0879162034785776,H1,1270.79748679965,AX,0.501719362328011,L1,-0.00247562275248501,L2,-0.014...
setting magnet DAC
current  : 5.873046
requested: 5.874080
Delta Dac: 0.001034
Checking detector protection. dv=0.00103
Checking detector "CDD". Protection Threshold: 0.1 (V)
SetMagnetDAC 5.87408020806 ===>> OK
Magnet settling time: 1.049
GetData ===>> H2,-0.157831192448871,H1,1301.93699538032,AX,0.534785471092798,L1,-0.018823699990893,L2,0.0910920...
setting magnet DAC
current  : 5.874080
requested: 5.875115
Delta Dac: 0.001034
Checking detector protection. dv=0.00103
Checking detector "CDD". Protection Threshold: 0.1 (V)
SetMagnetDAC 5.87511469082 ===>> OK
Magnet settling time: 1.049
Get Checksum: 1695186306
GetData ===>> H2,-0.119303841497147,H1,1309.16577052047,AX,0.525466340492891,L1,0.0430475890414493,L2,-0.076374...
setting magnet DAC
current  : 5.875115
requested: 5.876149
Delta Dac: 0.001034
Checking detector protection. dv=0.00103
Checking detector "CDD". Protection Threshold: 0.1 (V)
SetMagnetDAC 5.87614917358 ===>> OK
Magnet settling time: 1.049
GetData ===>> H2,-0.186510015092866,H1,1310.7929409431,AX,0.704917092395659,L1,0.00497829701769218,L2,-0.130424...
setting magnet DAC
current  : 5.876149
requested: 5.877184
Delta Dac: 0.001034
Checking detector protection. dv=0.00103
Checking detector "CDD". Protection Threshold: 0.1 (V)
SetMagnetDAC 5.87718365634 ===>> OK
Magnet settling time: 1.049
GetData ===>> H2,-0.149987488896302,H1,1311.62898197421,AX,0.701029182060809,L1,-0.0144048092798026,L2,0.107027...
setting magnet DAC
current  : 5.877184
requested: 5.878218
Delta Dac: 0.001034
Checking detector protection. dv=0.00103
Checking detector "CDD". Protection Threshold: 0.1 (V)
SetMagnetDAC 5.8782181391 ===>> OK
Magnet settling time: 1.049
Get Checksum: 1695186306
GetData ===>> H2,0.00871012245323064,H1,1311.3906375688,AX,0.624745705023558,L1,0.0100689071321839,L2,0.0151911...
setting magnet DAC
current  : 5.878218
requested: 5.879253
Delta Dac: 0.001034
Checking detector protection. dv=0.00103
Checking detector "CDD". Protection Threshold: 0.1 (V)
SetMagnetDAC 5.87925262185 ===>> OK
Magnet settling time: 1.049
GetData ===>> H2,-0.0889722664538286,H1,1310.88349182047,AX,0.650756377078542,L1,-0.00333708898425443,L2,0.0514...
setting magnet DAC
current  : 5.879253
requested: 5.880287
Delta Dac: 0.001034
Checking detector protection. dv=0.00103
Checking detector "CDD". Protection Threshold: 0.1 (V)
SetMagnetDAC 5.88028710461 ===>> OK
Magnet settling time: 1.049
GetData ===>> H2,-0.068860442835267,H1,1310.09424278981,AX,0.55542551607202,L1,-0.0521714874639722,L2,0.0706697...
setting magnet DAC
current  : 5.880287
requested: 5.881322
Delta Dac: 0.001034
Checking detector protection. dv=0.00103
Checking detector "CDD". Protection Threshold: 0.1 (V)
SetMagnetDAC 5.88132158737 ===>> OK
Magnet settling time: 1.049
Get Checksum: 1695186306
GetData ===>> H2,-0.154237514156319,H1,1309.23666127259,AX,0.500046603248179,L1,0.0177166922158598,L2,0.0214778...
setting magnet DAC
current  : 5.881322
requested: 5.882356
Delta Dac: 0.001034
Checking detector protection. dv=0.00103
Checking detector "CDD". Protection Threshold: 0.1 (V)
SetMagnetDAC 5.88235607013 ===>> OK
Magnet settling time: 1.049
GetData ===>> H2,-0.106653508689466,H1,1307.90585442287,AX,0.65673655388977,L1,0.00722765565405356,L2,-0.078081...
setting magnet DAC
current  : 5.882356
requested: 5.883391
Delta Dac: 0.001034
Checking detector protection. dv=0.00103
Checking detector "CDD". Protection Threshold: 0.1 (V)
SetMagnetDAC 5.88339055289 ===>> OK
Magnet settling time: 1.049
Get Checksum: 1695186306
GetData ===>> H2,-0.177330657669193,H1,1300.10415920276,AX,0.732439540360711,L1,0.0122225580744773,L2,-0.078172...
setting magnet DAC
current  : 5.883391
requested: 5.884425
Delta Dac: 0.001034
Checking detector protection. dv=0.00103
Checking detector "CDD". Protection Threshold: 0.1 (V)
SetMagnetDAC 5.88442503565 ===>> OK
Magnet settling time: 1.049
GetData ===>> H2,-0.0586801040301244,H1,1272.43464793994,AX,0.610231132577472,L1,-0.0207449765233147,L2,-0.0108...
setting magnet DAC
current  : 5.884425
requested: 5.885460
Delta Dac: 0.001034
Checking detector protection. dv=0.00103
Checking detector "CDD". Protection Threshold: 0.1 (V)
SetMagnetDAC 5.88545951841 ===>> OK
Magnet settling time: 1.049
GetData ===>> H2,-0.147906889045337,H1,1187.898835765,AX,0.706127730797729,L1,-0.0245169894269375,L2,0.09031705...
setting magnet DAC
current  : 5.885460
requested: 5.886494
Delta Dac: 0.001034
Checking detector protection. dv=0.00103
Checking detector "CDD". Protection Threshold: 0.1 (V)
SetMagnetDAC 5.88649400116 ===>> OK
Magnet settling time: 1.049
Get Checksum: 1695186306
GetData ===>> H2,-0.345709163666893,H1,994.749355653929,AX,0.448344610730294,L1,-0.0245912180277736,L2,-0.02156...
setting magnet DAC
current  : 5.886494
requested: 5.887528
Delta Dac: 0.001034
Checking detector protection. dv=0.00103
Checking detector "CDD". Protection Threshold: 0.1 (V)
SetMagnetDAC 5.88752848392 ===>> OK
Magnet settling time: 1.049
GetData ===>> H2,-0.401636887235545,H1,688.368228894985,AX,0.295025568280358,L1,-0.0377122238722684,L2,0.015236...
setting magnet DAC
current  : 5.887528
requested: 5.888563
Delta Dac: 0.001034
Checking detector protection. dv=0.00103
Checking detector "CDD". Protection Threshold: 0.1 (V)
SetMagnetDAC 5.88856296668 ===>> OK
Magnet settling time: 1.049
GetData ===>> H2,-0.304558598597694,H1,364.832804762841,AX,0.162949054048426,L1,-0.0160105959883395,L2,-0.03945...
setting magnet DAC
current  : 5.888563
requested: 5.889597
Delta Dac: 0.001034
Checking detector protection. dv=0.00103
Checking detector "CDD". Protection Threshold: 0.1 (V)
SetMagnetDAC 5.88959744944 ===>> OK
Magnet settling time: 1.049
Get Checksum: 1695186306
GetData ===>> H2,-0.359847376483902,H1,147.043108650096,AX,-0.124732423207046,L1,-0.0172998332719911,L2,0.07456...
setting magnet DAC
current  : 5.889597
requested: 5.890632
Delta Dac: 0.001034
Checking detector protection. dv=0.00103
Checking detector "CDD". Protection Threshold: 0.1 (V)
SetMagnetDAC 5.8906319322 ===>> OK
Magnet settling time: 1.049
GetData ===>> H2,-0.192614680923117,H1,23.9801447591815,AX,-0.00813140256731281,L1,0.0137793251462564,L2,-0.091...
setting magnet DAC
current  : 5.890632
requested: 5.891666
Delta Dac: 0.001034
Checking detector protection. dv=0.00103
Checking detector "CDD". Protection Threshold: 0.1 (V)
SetMagnetDAC 5.89166641496 ===>> OK
Magnet settling time: 1.049
GetData ===>> H2,-0.0149520770172836,H1,5.89212217862898,AX,-0.0776358471737425,L1,0.0023681972837375,L2,-0.048...
setting magnet DAC
current  : 5.891666
requested: 5.892701
Delta Dac: 0.001034
Checking detector protection. dv=0.00103
Checking detector "CDD". Protection Threshold: 0.1 (V)
SetMagnetDAC 5.89270089772 ===>> OK
Magnet settling time: 1.049
Get Checksum: 1695186306
GetData ===>> H2,-0.192445001697501,H1,1.14969601510888,AX,0.0582044318085329,L1,-0.0236357822485145,L2,-0.2208...
setting magnet DAC
current  : 5.892701
requested: 5.893735
Delta Dac: 0.001034
Checking detector protection. dv=0.00103
Checking detector "CDD". Protection Threshold: 0.1 (V)
SetMagnetDAC 5.89373538047 ===>> OK
Magnet settling time: 1.049
GetData ===>> H2,-0.176017171924542,H1,0.110271470876256,AX,-0.12540440423351,L1,-0.0274091051965064,L2,-0.0339...
result of _do_sweep=True
result of _calculate_peak_center=([5.870979869452686, 5.8787955007152108, 5.8866111319777357], [972.72377514722007, 1311.624683177319, 960.05890743374721], 5.8772023143424654, 1311.624683177319)
Failed to find a valid peak. No peak greater than 1.0. max = 0.731949727103
Failed to find a valid peak. No peak greater than 1.0. max = 0.0396370823713
new center pos Detector(H1) (Ar40) @ 5.87879550072
GetHighVoltage ===>> 4499.94659342336
GetDeflection H1 ===>> 0
dac uncorrected for HV and deflection 5.87883012059
update mftable H1 Ar40 5.87883012059 message=automated run peakcenter
get initial guess parabolic
get initial guess parabolic
get initial guess parabolic
get initial guess parabolic
get initial guess parabolic
get initial guess parabolic
dump mftable to /Users/jan/PychronDev/setupfiles/spectrometer/mftables/mftable.csv
add to repo msg=modified - automated run peakcenter
sweep finished
locally archiving mftable
setting magnet DAC
current  : 5.893735
requested: 5.878796
Delta Dac: 0.014940
Get Checksum: 1695186306
Checking detector protection. dv=0.01494
Checking detector "CDD". Protection Threshold: 0.1 (V)
SetMagnetDAC 5.87879550072 ===>> OK
Magnet settling time: 0.500
setting integration time = 1.048576
SetIntegrationTime 1.048576 ===>> OK
Failed to find a valid peak. No peak greater than 1.0. max = 0.731949727103
Failed to find a valid peak. No peak greater than 1.0. max = 0.0396370823713
flush and close file /Users/jan/PychronDev/data/isotopes/f8/1f5d9e-5429-4cc2-97bf-0e57a017be31.h5
finished measure script
executed 226.132928
jan_unknown120_60.py completed successfully
Measurement Finished
16:11:08 -- ******* Measurement Finished *******
Post Measurement Started jan_pump_ms.py
16:11:08 -- ******* Post Measurement Started jan_pump_ms.py *******
testing...
no interpolation path defined
executed 0
Pumping spectrometer
open () {'name': 'O'}
opening name=O desc=---
checking ownership. requestor=129.138.12.150
check software interlocks O
interlocks []
actuate state mode=None-script, software_lock=False
doing actuation None-script open_channel True
Open O ===>> OK
GetValveState O ===>> OK
change switch state (True, True)
update switch state O True args=() kw={} ncanvase=5
16:11:09 -- OPEN   VALVE-O (Jan Ion Pump)
---------------------------------------- open O () result=[(True, True)], time=0.10 sec
action=open, ok=True, locked=[False]
executed 0
jan_pump_ms.py completed successfully
setting _ms_pumptime
Post Measurement Finished
16:11:09 -- ******* Post Measurement Finished *******
$$$$$$$$$$$$$$$$$$$$ state at run end measurement
state changed from measurement to success
post measurement save measured=True aborted=False
Set filtering
setting fod for Ar40= {'filter_outliers': True, 'std_devs': 2, 'iterations': 1}
setting fod for H1= {'filter_outliers': True, 'std_devs': 2, 'iterations': 1}
setting fod for PM41= {'filter_outliers': False, 'std_devs': 2, 'iterations': 1}
setting fod for H2= {'filter_outliers': True, 'std_devs': 2, 'iterations': 1}
setting fod for Ar36= {'filter_outliers': True, 'std_devs': 2, 'iterations': 1}
setting fod for CDD= {'filter_outliers': True, 'std_devs': 10, 'iterations': 1}
setting fod for Ar37= {'filter_outliers': True, 'std_devs': 2, 'iterations': 1}
setting fod for L2= {'filter_outliers': True, 'std_devs': 2, 'iterations': 1}
setting fod for Ar38= {'filter_outliers': True, 'std_devs': 2, 'iterations': 1}
setting fod for L1= {'filter_outliers': True, 'std_devs': 2, 'iterations': 1}
setting fod for Ar39= {'filter_outliers': True, 'std_devs': 2, 'iterations': 1}
setting fod for AX= {'filter_outliers': True, 'std_devs': 2, 'iterations': 1}
persistence save...
persistence save - db
post measurement save
5296166480 connecting to database sqlite:////Users/jan/PychronDev/.appdata/local_lab.db
connected to db sqlite:////Users/jan/PychronDev/.appdata/local_lab.db
create new session 5296166480
close session 5296166480
No database instance. Not saving post measurement to isotopedb database
$$$$$$$$$$$$$$$ auto_save_detector_ic=False
massspec enabled True
create new session 5259923728
MassSpec Database Version: 16.0
close session 5259923728
saving post measurement to secondary database
saving to massspec database 129.138.12.160/massspecdata
setting labnumber to 4506
setting aliquot to 4
setting step to 
setting uuid to f81f5d9e-5429-4cc2-97bf-0e57a017be31
setting irradpos to 4506
setting extract_device to Fusions CO2
setting tray to 
setting position to 218
setting power_requested to 5.0
setting extract_value to 5.0
setting duration to 30.0
setting duration_at_request to 30.0
setting first_stage_delay to 30.0
setting cleanup to 30.0
setting comment to FC-2 unirr test Stainless Steel tray
setting irradiation to Unirradiated
setting level to B
setting irradiation_level to B
setting sample to GA1550
setting material to 
setting project to 
setting mass_spectrometer to Jan
no attribute chron_dosages
no attribute production_ratios
no attribute interference_corrections
no attribute production_name
no attribute j
Reference Isotope=Ar40
Reference Detector=H1
%%%%%%%%%%%%%%%%%%%% Comment: FC-2 unirr test Stainless Steel tray %%%%%%%%%%%%%%%%%%%
adding isotope PM41 H2
add baseline dbdet= PM41. original det= H2
get baseline data PM41 H2
Get data baseline <pychron.processing.isotope.Baseline object at 0x13e51ab50> len t=60
baseline PM41. v=-0.201504877325, e=0.00839302093934
get signal data PM41 H2
Get data signal PM41 0.15+/-0.09 len t=120
adding isotope Ar40 H1
add baseline dbdet= Ar40. original det= H1
get baseline data Ar40 H1
Get data baseline <pychron.processing.isotope.Baseline object at 0x13e51ad50> len t=60
baseline Ar40. v=0.00297804384215, e=0.00638761025607
get signal data Ar40 H1
Get data signal Ar40 1448.14+/-0.07 len t=120
adding isotope Ar39 AX
add baseline dbdet= Ar39. original det= AX
get baseline data Ar39 AX
Get data baseline <pychron.processing.isotope.Baseline object at 0x13e51af10> len t=60
baseline Ar39. v=-0.0513802809231, e=0.0060859086659
get signal data Ar39 AX
Get data signal Ar39 0.027+/-0.012 len t=120
adding isotope Ar38 L1
add baseline dbdet= Ar38. original det= L1
get baseline data Ar38 L1
Get data baseline <pychron.processing.isotope.Baseline object at 0x13e529110> len t=60
baseline Ar38. v=-0.0240934373779, e=0.00227983326423
get signal data Ar38 L1
Get data signal Ar38 0.012+/-0.005 len t=120
adding isotope Ar37 L2
add baseline dbdet= Ar37. original det= L2
get baseline data Ar37 L2
Get data baseline <pychron.processing.isotope.Baseline object at 0x13e5292d0> len t=60
baseline Ar37. v=-0.0354882874742, e=0.00729949372466
get signal data Ar37 L2
Get data signal Ar37 0.065+/-0.009 len t=120
adding isotope Ar36 CDD
add baseline dbdet= Ar36. original det= CDD
get baseline data Ar36 CDD
Get data baseline <pychron.processing.isotope.Baseline object at 0x13e529490> len t=60
baseline Ar36. v=0.000315098460051, e=2.81056209357e-05
get signal data Ar36 CDD
Get data signal Ar36 0.0270+/-0.0004 len t=120
4506-04 added analysis time 0.539088964462s
analysis added to mass spec database
mass spec save time= 0.550
persistence save - dvc
================= post measurement started
create new session 4992088592
close session 4992088592
---------------- Experiment Queue saving disabled
DVC saving peakcenter
Failed to find a valid peak. No peak greater than 1.0. max = 0.731949727103
Failed to find a valid peak. No peak greater than 1.0. max = 0.0396370823713
Get Checksum: 192129876
Smart pull ahead: 0 behind: 0
Up-to-date with origin
add to repo msg=modified - ad8224ebc6dbfeb9f5997218dfa5fe690569839d.json
add to repo msg=modified - 6-04.json
add to repo msg=modified - 6-04.dat.json
add to repo msg=modified - 6-04.blan.json
add to repo msg=modified - 6-04.inte.json
add to repo msg=modified - 6-04.icfa.json
add to repo msg=modified - 6-04.base.json
not at valid file /Users/jan/PychronDev/data/.dvc/repositories/Calibration/450/tags/6-04.tags.json
add to repo msg=modified - 6-04.peak.json
add to repo msg=modified - 6-04.extr.json
not at valid file /Users/jan/PychronDev/data/.dvc/repositories/Calibration/450/monitor/6-04.moni.json
commit message=<COLLECTION>
add to repo msg=modified - 6-04.inte.json
add to repo msg=modified - 6-04.base.json
commit message=<ISOEVO> default collection fits
add to repo msg=modified - 6-04.blan.json
Get Checksum: 192129876
commit message=<BLANKS> preceding bu-FC-J-7455
add to repo msg=modified - 6-04.icfa.json
commit message=<ICFactor> default
push repository <pychron.git_archive.repo_manager.GitRepoManager object at 0x12c3eb5f0>
pushing to remote=origin, url=https://github.com
Get Checksum: 192129876
Get Checksum: 192129876
no changes to meta repo
create new session 4992088592
add association Calibration
get identifier "4506"
setting analysis irradiation position=<pychron.dvc.dvc_orm.IrradiationPositionTbl object at 0x12c629190>
close session 4992088592
================= post measurement finished
16:11:22 -- ******* Post Run Check *******
loading queue conditionals post_run_actions
loading system conditionals post_run_actions
loading conditionals from /Users/jan/PychronDev/setupfiles/spectrometer/default_conditionals.yaml
loading queue conditionals post_run_terminations
loading system conditionals post_run_terminations
loading conditionals from /Users/jan/PychronDev/setupfiles/spectrometer/default_conditionals.yaml
Checking default post run terminations n=1
GetDeflection CDD ===>> 50
testing CDD==2000
evaluate ot="CDD.deflection==2000" t="CDD==2000", ctx="{'CDD': 50.0}"
16:11:22 -- ******* Post Run Check Passed *******
16:11:22 -- Automated run 4506-04 success duration: 363.673 s
----------------- finish -----------------
----------------- stop -----------------
retroactive repository identifiers disabled
finish run. runs completed=3
update duration runid=4506-04, duration=363.672940016, md5=301e91d8
loading script "jan_unknown120_60.py"
loading script "jan_pump_ms.py"
loading script "jan_co2.py"
loading script "jan_pump_extraction_line.py"
testing...
no interpolation path defined
executed 213.652928
script duration name:unknown120_60 seconds:214.0
loading script "jan_unknown120_60.py"
loading script "jan_pump_ms.py"
loading script "jan_co2.py"
loading script "jan_pump_extraction_line.py"
testing...
no interpolation path defined
executed 0
loading script "jan_unknown120_60.py"
loading script "jan_pump_ms.py"
loading script "jan_co2.py"
loading script "jan_pump_extraction_line.py"
testing...
no interpolation path defined
calculate duration
testing...
no interpolation path defined
executed 0
calculate duration
testing...
no interpolation path defined
executed 0
executed 0.0
script duration name:co2 seconds:0.0
loading script "jan_unknown120_60.py"
loading script "jan_pump_ms.py"
loading script "jan_co2.py"
loading script "jan_pump_extraction_line.py"
testing...
no interpolation path defined
calculate duration
testing...
no interpolation path defined
executed 4.0
executed 4.0
Script duration 214.0
Run total estimated duration= 215.000
unknown120_60 in script context. using previous estimated duration
script duration name:unknown120_60 seconds:214.0
pump_ms in script context. using previous estimated duration
co2 in script context. using previous estimated duration
script duration name:co2 seconds:0.0
pump_extraction_line in script context. using previous estimated duration
Script duration 214.0
Run total estimated duration= 215.000
script duration name:unknown120_60 seconds:214.0
script duration name:co2 seconds:0.0
Script duration 214.0
Run total estimated duration= 215.000
nruns=3 before=0.0, run_dur=645.0, btw=0.0
write rem/ex queues
/Users/jan/PychronDev/experiments/rem/Load1782FC2.rem.txt
/Users/jan/PychronDev/experiments/rem/Load1782FC2.ex.txt
doing event level: 3
