do run
loading script "jan_unknown120_60.py"
loading script "jan_pump_ms.py"
loading script "jan_co2.py"
loading script "jan_pump_extraction_line.py"
testing...
no interpolation path defined
executed 213.652928
script duration name:unknown120_60 seconds:214.0
loading script "jan_unknown120_60.py"
loading script "jan_pump_ms.py"
loading script "jan_co2.py"
loading script "jan_pump_extraction_line.py"
testing...
no interpolation path defined
executed 0
loading script "jan_unknown120_60.py"
loading script "jan_pump_ms.py"
loading script "jan_co2.py"
loading script "jan_pump_extraction_line.py"
testing...
no interpolation path defined
calculate duration
testing...
no interpolation path defined
executed 0
calculate duration
testing...
no interpolation path defined
executed 0
executed 0.0
script duration name:co2 seconds:0.0
loading script "jan_unknown120_60.py"
loading script "jan_pump_ms.py"
loading script "jan_co2.py"
loading script "jan_pump_extraction_line.py"
testing...
no interpolation path defined
calculate duration
testing...
no interpolation path defined
executed 4.0
executed 4.0
Script duration 214.0
Run total estimated duration= 215.000
run duration: 0:03:35
doing event level: 2
16:18:39 -- Setting default integration. t=1.048576
setting integration time = 1.048576
SetIntegrationTime 1.048576 ===>> OK
----------------- start -----------------
**************** Experiment Type: Ar/Ar, Ar/Ar
create new session 4995596944
close session 4995596944
$$$$$ Clearing conditionals
adding conditionals 
Add queue conditionals
add default conditionals
adding default conditionals from /Users/jan/PychronDev/setupfiles/spectrometer/default_conditionals.yaml
Start automated run 4506-06
loading script "jan_unknown120_60.py"
loading script "jan_pump_ms.py"
loading script "jan_co2.py"
loading script "jan_pump_extraction_line.py"
%%%%%%%%%%%%%%%%%% setting automated run 4506-06
No value "sensitivity_multiplier" in metadata
$$$$$$$$$$$$$$$ auto_save_detector_ic=False
============================= Pre Extraction Check =============================
loading queue conditionals pre_run_terminations
loading system conditionals pre_run_terminations
loading conditionals from /Users/jan/PychronDev/setupfiles/spectrometer/default_conditionals.yaml
16:18:39 -- ******* Pre Extraction Check *******
Get a measurement from the spectrometer
GetData ===>> H2,-0.0756424344272406,H1,0.00224001281294868,AX,-0.0901538939928277,L1,-0.00605058576416016,L2,-...
Pre Extraction Termination data. keys=H2,H1,AX,L1,L2,CDD, signals=-0.07564,0.00224,-0.09015,-0.00605,-0.04773,0.00372
16:18:39 -- testing system defined conditionals
Checking default pre extraction terminations n=2
testing CDD
evaluate ot="CDD.inactive" t="CDD", ctx="{'CDD': False}"
GetDeflection CDD ===>> 50
testing CDD==2000
evaluate ot="CDD.deflection==2000" t="CDD==2000", ctx="{'CDD': 50.0}"
16:18:39 -- ******* Pre Extraction Check Passed *******
=================================================================================
16:18:39 -- stopping status monitor
stop 5135913040
Alive clients [5025122352, 4993443984]
16:18:39 -- starting status monitor
start 5135913040
Monitor already running
set states for children of Q. state=True
set states for children of P. state=True
handle state [('Q', True), ('P', True)]
update switch state Q True args=() kw={'refresh': True} ncanvase=5
update switch state P True args=() kw={'refresh': False} ncanvase=5
refresh_canvas_needed fired
start extraction
do extraction
Analysis started at 16:18:39.620094
Extraction Started jan_co2.py
16:18:39 -- ******* Extraction Started jan_co2.py *******
state changed from not run to extraction
DO EXTRACTION <pychron.extraction_line.pyscript_runner.RemotePyScriptRunner object at 0x12c066470>
testing...
no interpolation path defined
calculate duration
testing...
no interpolation path defined
executed 0
calculate duration
testing...
no interpolation path defined
executed 0
executed 100.0
Jan CO2 laser analysis
doing GOSUB
testing...
no interpolation path defined
executed 0
Waiting for CO2 access
wait ('FelixCO2Flag', 0) {}
waiting for FelixCO2Flag = 0
Read FelixCO2Flag ===>> 0
finished waiting
CO2 free
wait ('CO2PumpTimeFlag', 0) {}
waiting for CO2PumpTimeFlag = 0
Read CO2PumpTimeFlag ===>> 28.7917010784
set states for children of I. state=False
handle state [('I', False)]
update switch state I False args=() kw={'refresh': False} ncanvase=5
refresh_canvas_needed fired
Get Checksum: 192129876
Read CO2PumpTimeFlag ===>> 27.7878549099
Get Checksum: 192129876
Get Checksum: 192129876
Get Checksum: 192129876
Read CO2PumpTimeFlag ===>> 17.7223899364
Get Checksum: 192129876
Get Checksum: 192129876
Get Checksum: 192129876
Read CO2PumpTimeFlag ===>> 7.66704797745
Get Checksum: 192129876
Get Checksum: 192129876
Get Checksum: 192129876
finished waiting
acquire ('JanCO2Flag',) {'clear': True}
acquire JanCO2Flag
Set JanCO2Flag 1 ===>> OK
JanCO2Flag acquired
set extraction state False (0.75, 'red', 1.5)
CO2 acquired
executed 0
WaitForCO2Access.py completed successfully
gosub finished
doing GOSUB
testing...
no interpolation path defined
executed 0
Prepare for CO2 analysis
close () {'description': 'Jan Inlet'}
closing name=--- desc=Jan Inlet
checking ownership. requestor=129.138.12.150
check software interlocks R
interlocks []
actuate state mode=None-script, software_lock=False
doing actuation None-script close_channel False
Close R ===>> OK
GetValveState R ===>> False
change switch state (True, True)
update switch state R False args=() kw={} ncanvase=5
16:19:09 -- CLOSE  VALVE-R (Jan Inlet)
---------------------------------------- close None (Jan Inlet) result=[(True, True)]
action=close, ok=True, locked=[False]
open () {'description': 'Jan Ion Pump'}
opening name=--- desc=Jan Ion Pump
checking ownership. requestor=129.138.12.150
check software interlocks O
interlocks []
actuate state mode=None-script, software_lock=False
doing actuation None-script open_channel False
Open O ===>> OK
GetValveState O ===>> OK
change switch state (True, True)
update switch state O True args=() kw={} ncanvase=5
16:19:09 -- OPEN   VALVE-O (Jan Ion Pump)
---------------------------------------- open None (Jan Ion Pump) result=[(True, True)], time=0.12 sec
action=open, ok=True, locked=[False]
close () {'description': 'Microbone to Minibone'}
closing name=--- desc=Microbone to Minibone
checking ownership. requestor=129.138.12.150
check software interlocks L
interlocks []
actuate state mode=None-script, software_lock=False
doing actuation None-script close_channel False
Close L ===>> OK
GetValveState L ===>> False
change switch state (True, True)
update switch state L False args=() kw={} ncanvase=5
16:19:10 -- CLOSE  VALVE-L (Microbone to Minibone)
---------------------------------------- close None (Microbone to Minibone) result=[(True, True)]
action=close, ok=True, locked=[False]
open () {'description': 'Microbone to Turbo'}
opening name=--- desc=Microbone to Turbo
checking ownership. requestor=129.138.12.150
check software interlocks U
interlocks []
actuate state mode=None-script, software_lock=False
doing actuation None-script open_channel False
Open U ===>> OK
Get Checksum: 192129876
GetValveState U ===>> OK
change switch state (True, True)
update switch state U True args=() kw={} ncanvase=5
16:19:10 -- OPEN   VALVE-U (Microbone to Turbo)
---------------------------------------- open None (Microbone to Turbo) result=[(True, True)], time=0.15 sec
action=open, ok=True, locked=[False]
open () {'description': 'Microbone to Inlet Pipette'}
opening name=--- desc=Microbone to Inlet Pipette
checking ownership. requestor=129.138.12.150
check software interlocks S
interlocks []
actuate state mode=None-script, software_lock=False
doing actuation None-script open_channel False
Open S ===>> OK
GetValveState S ===>> OK
change switch state (True, True)
update switch state S True args=() kw={} ncanvase=5
16:19:11 -- OPEN   VALVE-S (Microbone to Inlet Pipette)
---------------------------------------- open None (Microbone to Inlet Pipette) result=[(True, True)], time=0.43 sec
action=open, ok=True, locked=[False]
open () {'description': 'Microbone to Getter D-50'}
opening name=--- desc=Microbone to Getter D-50
checking ownership. requestor=129.138.12.150
check software interlocks K
interlocks []
actuate state mode=None-script, software_lock=False
doing actuation None-script open_channel False
Open K ===>> OK
GetValveState K ===>> OK
change switch state (True, True)
update switch state K True args=() kw={} ncanvase=5
16:19:12 -- OPEN   VALVE-K (Microbone to Getter D-50)
---------------------------------------- open None (Microbone to Getter D-50) result=[(True, True)], time=0.42 sec
action=open, ok=True, locked=[False]
open () {'description': 'Microbone to Getter NP-10'}
opening name=--- desc=Microbone to Getter NP-10
checking ownership. requestor=129.138.12.150
check software interlocks M
interlocks []
actuate state mode=None-script, software_lock=False
doing actuation None-script open_channel False
Open M ===>> OK
GetValveState M ===>> OK
change switch state (True, True)
update switch state M True args=() kw={} ncanvase=5
16:19:12 -- OPEN   VALVE-M (Microbone to Getter NP-10)
---------------------------------------- open None (Microbone to Getter NP-10) result=[(True, True)], time=0.15 sec
action=open, ok=True, locked=[False]
close () {'description': 'CO2 Laser to Felix'}
closing name=--- desc=CO2 Laser to Felix
checking ownership. requestor=129.138.12.150
check software interlocks F
interlocks []
actuate state mode=None-script, software_lock=True
VALVE-F(CO2 Laser to Felix) software locked
change switch state (True, False)
---------------------------------------- close None (CO2 Laser to Felix) result=[(True, False)]
action=close, ok=True, locked=[True]
open () {'description': 'CO2 Laser to Jan'}
opening name=--- desc=CO2 Laser to Jan
checking ownership. requestor=129.138.12.150
check software interlocks A
interlocks []
actuate state mode=None-script, software_lock=False
doing actuation None-script open_channel False
Open A ===>> OK
GetValveState A ===>> OK
change switch state (True, True)
update switch state A True args=() kw={} ncanvase=5
16:19:12 -- OPEN   VALVE-A (CO2 Laser to Jan)
---------------------------------------- open None (CO2 Laser to Jan) result=[(True, True)], time=0.15 sec
action=open, ok=True, locked=[False]
open () {'description': 'Microbone to CO2 Laser'}
opening name=--- desc=Microbone to CO2 Laser
checking ownership. requestor=129.138.12.150
check software interlocks T
interlocks []
actuate state mode=None-script, software_lock=False
doing actuation None-script open_channel False
Open T ===>> OK
GetValveState T ===>> OK
change switch state (True, True)
update switch state T True args=() kw={} ncanvase=5
16:19:13 -- OPEN   VALVE-T (Microbone to CO2 Laser)
---------------------------------------- open None (Microbone to CO2 Laser) result=[(True, True)], time=0.43 sec
Get Checksum: 192129876
action=open, ok=True, locked=[False]
executed 0
PrepareForCO2Analysis.py completed successfully
gosub finished
set_motor ('beam', '1.25') {}
setting motor "beam" to 1.25
set motor beam to 1.25
SetMotor beam,1.25 ===>> OK
GetMotorMoving beam ===>> False
GetMotorMoving beam ===>> False
Block completed
move_to_position ('220',) {'autocenter': True}
FusionsCO2 move to position 220
sending GoToHole 220,True
GoToHole 220,True ===>> OK
GetDriveMoving ===>> OK
GetDriveMoving ===>> OK
GetDriveMoving ===>> OK
GetDriveMoving ===>> OK
GetDriveMoving ===>> OK
GetDriveMoving ===>> OK
GetDriveMoving ===>> False
GetDriveMoving ===>> False
Block completed
GetAutoCorrecting ===>> OK
GetAutoCorrecting ===>> OK
Get Checksum: 192129876
GetAutoCorrecting ===>> False
GetAutoCorrecting ===>> False
Block completed
update position
GetPosition ===>> 1.99390,-15.95120,1.00000
got position (1.9939, -15.9512, 1.0)
move to position succeeded
sleep (5,) {}
SLEEP 5.0
block started
WaitControl setup for 5.0  
Get Checksum: 192129876
Join finished
block finished. duration 5.00977396965
close () {'description': 'Microbone to Turbo'}
closing name=--- desc=Microbone to Turbo
checking ownership. requestor=129.138.12.150
check software interlocks U
interlocks []
actuate state mode=None-script, software_lock=False
doing actuation None-script close_channel True
Close U ===>> OK
GetValveState U ===>> False
change switch state (True, True)
update switch state U False args=() kw={} ncanvase=5
16:19:24 -- CLOSE  VALVE-U (Microbone to Turbo)
---------------------------------------- close None (Microbone to Turbo) result=[(True, True)]
Get Checksum: 38271967
action=close, ok=True, locked=[False]
enable laser
enable () {}
set extraction state FusionsCO2 Enabled (False, 'red', 1.5)
enabling laser
Enable ===>> OK
begin interval
BEGIN INTERVAL Interval 1 waiting for 30.0
block started
set extract to 5.0
WaitControl setup for 30.0  
extract (5.0,) {}
GetPosition ===>> 1.99390,-15.95120,1.00000
set extraction state FusionsCO2 ON! 5.0(watts) (0.75, 'red', 1.5)
extract sample to 5.0 (watts)
set laser output
SetLaserOutput 5.0,watts ===>> OK
executing pattern triangle.lp
execute_pattern ('triangle.lp',) {}
executing pattern triangle.lp
IsPatterning ===>> OK
Get Checksum: 38271967
IsPatterning ===>> OK
IsPatterning ===>> OK
IsPatterning ===>> OK
Get Checksum: 38271967
IsPatterning ===>> OK
IsPatterning ===>> OK
IsPatterning ===>> OK
Get Checksum: 38271967
IsPatterning ===>> OK
IsPatterning ===>> OK
IsPatterning ===>> OK
Get Checksum: 38271967
IsPatterning ===>> OK
IsPatterning ===>> OK
IsPatterning ===>> OK
Get Checksum: 38271967
IsPatterning ===>> OK
IsPatterning ===>> OK
IsPatterning ===>> OK
Get Checksum: 38271967
IsPatterning ===>> OK
IsPatterning ===>> OK
IsPatterning ===>> OK
Get Checksum: 38271967
IsPatterning ===>> OK
IsPatterning ===>> OK
IsPatterning ===>> OK
Get Checksum: 38271967
IsPatterning ===>> OK
IsPatterning ===>> OK
IsPatterning ===>> OK
Get Checksum: 38271967
IsPatterning ===>> OK
IsPatterning ===>> OK
IsPatterning ===>> False
Get Checksum: 38271967
IsPatterning ===>> False
Block completed
COMPLETE INTERVAL waiting for Interval 1 to complete
Join finished
block finished. duration 30.0416460037
Interval 1 finished
end_extract () {}
ending extraction. set laser power to 0
set laser power 0
SetLaserPower 0 ===>> OK
disable () {}
%%%%%%%%%%%%%%%%%%%%%%%%%%%%%%%%%%% disable
set extraction state False (0.75, 'red', 1.5)
disabling laser
Disable ===>> OK
sleep (30.0,) {}
SLEEP 30.0
block started
WaitControl setup for 30.0  
Get Checksum: 38271967
Get Checksum: 38271967
Get Checksum: 38271967
Get Checksum: 38271967
Get Checksum: 38271967
Get Checksum: 38271967
Get Checksum: 38271967
Get Checksum: 38271967
Get Checksum: 38271967
Get Checksum: 38271967
Join finished
block finished. duration 30.0271179676
executed 165.5
jan_co2.py completed successfully
GetAchievedOutput ===>> No Response
Requested Output= 0.000
Achieved Output=  0.000
GetResponseBlob ===>> No Response
GetOutputBlob ===>> No Response
persistence save...
persistence save - db
AutomatedRunPersister post_extraction_save deprecated
persistence save - dvc
no extraction position for 220
create new session 4992088592
close session 4992088592
Extraction Finished
16:20:26 -- ******* Extraction Finished *******
no overlap. not waiting for min ms pumptime
16:20:26 -- Sending spectrometer configuration
======== Sending configuration ========
SetDeflection CDD,50.0 ===>> OK
SetDeflection H2,0.0 ===>> OK
SetDeflection H1,0.0 ===>> OK
SetDeflection L2,825.0 ===>> OK
SetDeflection L1,400.0 ===>> OK
SetDeflection AX,190.0 ===>> OK
SetZFocus 74.64 ===>> OK
SetZSymmetry -50.72 ===>> OK
SetExtractionLens 26.13 ===>> OK
SetIonRepeller -3.81 ===>> OK
SetElectronEnergy 75.08 ===>> OK
SetYSymmetry -2.81 ===>> OK
SetIonCounterVoltage 1590.0 ===>> OK
send trap current 200.0
GetParameter Trap Current Readback ===>> 198.147042666178
SetParameter Trap Current Set,200.0 ===>> OK
updating mftable name mftable
Using mftable located at /Users/jan/PychronDev/setupfiles/spectrometer/mftables/mftable.csv
============ MFtable ===========
Isotope  H2     H1     AX     L1     L2     CDD    
Ar40     5.7737 5.8789 5.9922 6.1136 6.2303 6.3418
Ar39     5.6729 5.7712 5.8846 5.9997 6.1155 6.2283
Ar36     5.3505 5.4402 5.5480 5.6585 5.7704 5.8794
================================
get initial guess parabolic
get initial guess parabolic
get initial guess parabolic
get initial guess parabolic
get initial guess parabolic
get initial guess parabolic
======== Configuration Finished ========
GetYSymmetry ===>> -2.81
GetZSymmetry ===>> -50.72
GetParameter Trap Current Readback ===>> 198.035158395898
GetHighVoltage ===>> 4499.94659342336
start measurement
do measurement
L#=4506 analysis type=unknown
Measurement Started jan_unknown120_60.py
16:20:26 -- ******* Measurement Started jan_unknown120_60.py *******
state changed from extraction to measurement
setting spec, defl, and gains
GetExtractionLens ===>> 26.13
GetYSymmetry ===>> -2.81
GetZSymmetry ===>> -50.72
GetZFocus ===>> 74.64
GetDeflection H2 ===>> 0
GetDeflection H1 ===>> 0
GetDeflection AX ===>> 190
GetDeflection L1 ===>> 400
GetDeflection L2 ===>> 825
GetDeflection CDD ===>> 50
GetGain H2 ===>> 0.0113
GetGain H1 ===>> 0.1
GetGain AX ===>> 0.097049
GetGain L1 ===>> 0.010355
GetGain L2 ===>> 0.095649
GetGain CDD ===>> 0
pre measurement save
New frame /Users/jan/PychronDev/data/isotopes/fb/9961ff-4fc2-4b4e-b4e0-d144589592a1.h5
flush and close file /Users/jan/PychronDev/data/isotopes/fb/9961ff-4fc2-4b4e-b4e0-d144589592a1.h5
testing...
no interpolation path defined
executed 226.132928
unknown measurement script
activate_detectors ('H2', 'H1', 'AX', 'L1', 'L2', 'CDD') {}
activate detectors
*************** Set Analysis View Ar/Ar
create graphs
clearing graphs
clear isotope group
setting isotope det=H2, iso=PM41
setting isotope det=H1, iso=Ar40
setting isotope det=AX, iso=Ar39
setting isotope det=L1, iso=Ar38
setting isotope det=L2, iso=Ar37
setting isotope det=CDD, iso=Ar36
setting previous blanks
 - setting Ar40 blank 2.216+/-0.015
 - setting Ar36 blank 0.01144+/-0.00035
 - setting Ar37 blank 0.026+/-0.010
 - setting Ar38 blank 0.006+/-0.005
 - setting PM41 blank 0.09+/-0.08
 - setting Ar39 blank 0.049+/-0.013
load analysis view
position_magnet ('Ar40',) {'detector': 'H1'}
detector Detector(H1)
POSITION Ar40 H1
setting detector H2 to PM41 (40.9624)
setting detector H1 to Ar40 (39.9624)
setting detector AX to Ar39 (38.9624)
setting detector L1 to Ar38 (37.9624)
setting detector L2 to Ar37 (36.9624)
setting detector CDD to Ar36 (35.9624)
Mapping mass to dac mass func: "parabolic"
H1 map mass coeffs = [-0.00063987  0.15840543  0.57052999]
H1 map mass to dac 39.9624 >> 5.87892
GetDeflection H1 ===>> 0
GetHighVoltage ===>> 4499.94659342336
positioning Ar40 (5.87888537959) on H1
setting magnet DAC
current  : 5.878886
requested: 5.878885
Delta Dac: 0.000000
Checking detector protection. dv=0.00000
Checking detector "CDD". Protection Threshold: 0.1 (V)
SetMagnetDAC 5.87888537959 ===>> OK
Magnet settling time: 0.500
equilibrate () {'delay': 3, 'inlet': 'R', 'outlet': 'O', 'eqtime': 12.0}
Equilibration Started
16:20:27 -- ******* Equilibration Started *******
checking ownership. requestor=129.138.12.150
check software interlocks O
interlocks []
actuate state mode=None-script, software_lock=False
doing actuation None-script close_channel True
Close O ===>> OK
GetValveState O ===>> False
change switch state (True, True)
update switch state O False args=() kw={} ncanvase=5
16:20:28 -- CLOSE  VALVE-O (Jan Ion Pump)
waiting 3s before opening inlet value ('R',)
Get Checksum: 1838806504
checking ownership. requestor=129.138.12.150
check software interlocks R
interlocks []
actuate state mode=None-script, software_lock=False
doing actuation None-script open_channel True
Open R ===>> OK
Get Checksum: 1775861429
State checksums do not match. Local:1838806504 Remote:1775861429
State checksum failed
GetValveState R ===>> OK
change switch state (True, True)
update switch state R True args=() kw={} ncanvase=5
16:20:31 -- OPEN   VALVE-R (Jan Inlet)
equilibrating for 12.0sec
set_time_zero () {}
sniff (12.0,) {}
py_sniff
build tables- sniff [Detector(H2), Detector(H1), Detector(AX), Detector(L1), Detector(L2), Detector(CDD)]
add group /sniff/PM41 (Group) '' table H2
add group /sniff/Ar40 (Group) '' table H1
add group /sniff/Ar39 (Group) '' table AX
add group /sniff/Ar38 (Group) '' table L1
add group /sniff/Ar37 (Group) '' table L2
add group /sniff/Ar36 (Group) '' table CDD
flush and close file /Users/jan/PychronDev/data/isotopes/fb/9961ff-4fc2-4b4e-b4e0-d144589592a1.h5
measuring sniff. ncounts=12.0
starting measurement
GetData ===>> H2,0.290408281080687,H1,214.593836735716,AX,0.672095884192466,L1,0.0215321127515837,L2,0.21837426...
GetData ===>> H2,1.26499387339543,H1,1066.81559821034,AX,1.161984135306,L1,0.187305977458431,L2,0.2775430173042...
GetData ===>> H2,0.744150575567137,H1,1427.19343906361,AX,0.689587517371189,L1,0.226380731353244,L2,0.207954948...
Get Checksum: 1775861429
GetData ===>> H2,0.443691763936047,H1,1541.83092431498,AX,0.608102975193698,L1,0.195034499842375,L2,0.072231316...
GetData ===>> H2,0.28863727413745,H1,1584.29474620934,AX,0.521172489059203,L1,0.160065758821612,L2,0.1986778032...
GetData ===>> H2,0.295280638705619,H1,1600.42534825757,AX,0.396758209908079,L1,0.133541117494747,L2,0.149933360...
Get Checksum: 1775861429
GetData ===>> H2,0.394740142744437,H1,1607.75982014815,AX,0.395258466069939,L1,0.132457743803565,L2,0.157403692...
GetData ===>> H2,0.391340578706229,H1,1609.99229717022,AX,0.427771671494991,L1,0.124255882184984,L2,0.202100999...
Get Checksum: 1775861429
GetData ===>> H2,0.420727348114213,H1,1611.29683258048,AX,0.394549292905366,L1,0.142485486080524,L2,0.140011836...
GetData ===>> H2,0.346031256504606,H1,1611.87591679752,AX,0.382180282083898,L1,0.148352960382957,L2,0.073965082...
GetData ===>> H2,0.319762643982185,H1,1611.72979344239,AX,0.337901855002963,L1,0.150805156822268,L2,0.137982042...
Get Checksum: 1775861429
Equilibration Finished
16:20:43 -- ******* Equilibration Finished *******
GetData ===>> H2,0.244481103255215,H1,1611.8174893731,AX,0.43686952535726,L1,0.117533004876576,L2,0.03422183805...
checking ownership. requestor=129.138.12.150
check software interlocks R
interlocks []
actuate state mode=None-script, software_lock=False
doing actuation None-script close_channel True
Close R ===>> OK
GetValveState R ===>> False
change switch state (True, True)
update switch state R False args=() kw={} ncanvase=5
16:20:44 -- CLOSE  VALVE-R (Jan Inlet)
Post Equilibration Started jan_pump_extraction_line.py
16:20:44 -- ******* Post Equilibration Started jan_pump_extraction_line.py *******
testing...
no interpolation path defined
calculate duration
testing...
no interpolation path defined
executed 4.0
executed 4.0
Pump after analysis
doing GOSUB
testing...
no interpolation path defined
executed 4.0
Pump Microbone
close () {'description': 'Jan Inlet'}
closing name=--- desc=Jan Inlet
checking ownership. requestor=129.138.12.150
check software interlocks R
interlocks []
actuate state mode=None-script, software_lock=False
doing actuation None-script close_channel False
measurement finished
estimated time: 12.583 actual time: :12.657
flush and close file /Users/jan/PychronDev/data/isotopes/fb/9961ff-4fc2-4b4e-b4e0-d144589592a1.h5
Close R ===>> OK
set_fits () {}
using default fits file=/Users/jan/PychronDev/scripts/measurement/fits/nominal_linear.yaml
set "Ar40" to "('Linear', 'SEM')"
No fit for "PM41". defaulting to linear. check the measurement script "jan_unknown120_60.py"
set "PM41" to "linear"
set "Ar36" to "('Linear', 'SEM')"
set "Ar37" to "('linear', 'SEM')"
set "Ar38" to "('linear', 'SEM')"
set "Ar39" to "('Linear', 'SEM')"
set_baseline_fits () {}
using default fits file=/Users/jan/PychronDev/scripts/measurement/fits/nominal_linear.yaml
set "H1" to "('average', 'SEM')"
set "H2" to "('average', 'SEM')"
set "CDD" to "('average', 'SEM')"
set "L2" to "('average', 'SEM')"
set "L1" to "('average', 'SEM')"
set "AX" to "('average', 'SEM')"
multicollect () {'integration_time': 1, 'ncounts': 120}
build tables- signal [Detector(H2), Detector(H1), Detector(AX), Detector(L1), Detector(L2), Detector(CDD)]
add group /signal/PM41 (Group) '' table H2
add group /signal/Ar40 (Group) '' table H1
add group /signal/Ar39 (Group) '' table AX
add group /signal/Ar38 (Group) '' table L1
add group /signal/Ar37 (Group) '' table L2
add group /signal/Ar36 (Group) '' table CDD
flush and close file /Users/jan/PychronDev/data/isotopes/fb/9961ff-4fc2-4b4e-b4e0-d144589592a1.h5
measuring signal. ncounts=120
GetValveState R ===>> False
change switch state (True, True)
update switch state R False args=() kw={} ncanvase=5
16:20:44 -- CLOSE  VALVE-R (Jan Inlet)
---------------------------------------- close None (Jan Inlet) result=[(True, True)]
action=close, ok=True, locked=[False]
is_closed ('F',) {}
is F () closed?
is closed True
open () {'description': 'CO2 Laser to Jan'}
opening name=--- desc=CO2 Laser to Jan
checking ownership. requestor=129.138.12.150
check software interlocks A
interlocks []
actuate state mode=None-script, software_lock=False
doing actuation None-script open_channel False
Open A ===>> OK
GetValveState A ===>> OK
change switch state (True, True)
update switch state A True args=() kw={} ncanvase=5
16:20:45 -- OPEN   VALVE-A (CO2 Laser to Jan)
---------------------------------------- open None (CO2 Laser to Jan) result=[(True, True)], time=0.19 sec
starting measurement
GetData ===>> H2,0.233672755904222,H1,1611.97418647078,AX,0.437485374988138,L1,0.11059813150803,L2,0.0238810379...
action=open, ok=True, locked=[False]
sleep (1,) {}
SLEEP 1.0
GetData ===>> H2,0.319562623469386,H1,1612.00043152284,AX,0.134002368538834,L1,0.0648012925431636,L2,0.09600459...
close () {'description': 'CO2 Laser to Roughing'}
closing name=--- desc=CO2 Laser to Roughing
checking ownership. requestor=129.138.12.150
check software interlocks G
interlocks []
actuate state mode=None-script, software_lock=True
VALVE-G(CO2 Laser to Roughing) software locked
change switch state (True, False)
---------------------------------------- close None (CO2 Laser to Roughing) result=[(True, False)]
action=close, ok=True, locked=[True]
open () {'description': 'Microbone to Turbo'}
opening name=--- desc=Microbone to Turbo
checking ownership. requestor=129.138.12.150
check software interlocks U
interlocks []
actuate state mode=None-script, software_lock=False
doing actuation None-script open_channel True
Open U ===>> OK
GetValveState U ===>> OK
change switch state (True, True)
update switch state U True args=() kw={} ncanvase=5
16:20:46 -- OPEN   VALVE-U (Microbone to Turbo)
---------------------------------------- open None (Microbone to Turbo) result=[(True, True)], time=0.18 sec
Get Checksum: 1695186306
action=open, ok=True, locked=[False]
open () {'description': 'Microbone to Getter NP-10'}
opening name=--- desc=Microbone to Getter NP-10
checking ownership. requestor=129.138.12.150
check software interlocks M
interlocks []
actuate state mode=None-script, software_lock=False
doing actuation None-script open_channel False
Open M ===>> OK
GetValveState M ===>> OK
change switch state (True, True)
update switch state M True args=() kw={} ncanvase=5
16:20:47 -- OPEN   VALVE-M (Microbone to Getter NP-10)
---------------------------------------- open None (Microbone to Getter NP-10) result=[(True, True)], time=0.16 sec
action=open, ok=True, locked=[False]
open () {'description': 'Microbone to Getter D-50'}
opening name=--- desc=Microbone to Getter D-50
checking ownership. requestor=129.138.12.150
check software interlocks K
interlocks []
actuate state mode=None-script, software_lock=False
doing actuation None-script open_channel False
GetData ===>> H2,0.0947696002217101,H1,1610.77463503056,AX,0.0500938601003375,L1,0.054356910740347,L2,0.0263321...
Open K ===>> OK
GetValveState K ===>> OK
change switch state (True, True)
update switch state K True args=() kw={} ncanvase=5
16:20:47 -- OPEN   VALVE-K (Microbone to Getter D-50)
---------------------------------------- open None (Microbone to Getter D-50) result=[(True, True)], time=0.42 sec
action=open, ok=True, locked=[False]
open () {'description': 'Microbone to CO2 Laser'}
opening name=--- desc=Microbone to CO2 Laser
checking ownership. requestor=129.138.12.150
check software interlocks T
interlocks []
actuate state mode=None-script, software_lock=False
doing actuation None-script open_channel False
Open T ===>> OK
GetValveState T ===>> OK
change switch state (True, True)
update switch state T True args=() kw={} ncanvase=5
16:20:48 -- OPEN   VALVE-T (Microbone to CO2 Laser)
---------------------------------------- open None (Microbone to CO2 Laser) result=[(True, True)], time=0.43 sec
GetData ===>> H2,-0.0130698944092709,H1,1610.41400459055,AX,0.0734393232566719,L1,0.0512016503839702,L2,0.06155...
action=open, ok=True, locked=[False]
open () {'description': 'Microbone to Inlet Pipette'}
opening name=--- desc=Microbone to Inlet Pipette
checking ownership. requestor=129.138.12.150
check software interlocks S
interlocks []
actuate state mode=None-script, software_lock=False
doing actuation None-script open_channel False
Open S ===>> OK
GetValveState S ===>> OK
change switch state (True, True)
update switch state S True args=() kw={} ncanvase=5
16:20:49 -- OPEN   VALVE-S (Microbone to Inlet Pipette)
---------------------------------------- open None (Microbone to Inlet Pipette) result=[(True, True)], time=0.44 sec
action=open, ok=True, locked=[False]
sleep (1,) {}
SLEEP 1.0
GetData ===>> H2,0.0837954459560225,H1,1609.51797238495,AX,0.031791733791501,L1,0.0306925710686137,L2,0.0365364...
Get Checksum: 1695186306
set_resource () {'name': 'CO2PumpTimeFlag', 'value': 30}
Set CO2PumpTimeFlag 30 ===>> OK
release ('JanCO2Flag',) {}
release JanCO2Flag
Set JanCO2Flag 0 ===>> OK
executed 6.0
PumpMicrobone.py completed successfully
gosub finished
get_resource_value () {'name': 'JanMiniboneFlag'}
Read JanMiniboneFlag ===>> 0
Get Resource Value JanMiniboneFlag=0.0
get resource value 0.0
get_resource_value () {'name': 'JanMiniboneFlag'}
Read JanMiniboneFlag ===>> 0
Get Resource Value JanMiniboneFlag=0.0
executed 4.0
jan_pump_extraction_line.py completed successfully
Post Equilibration Finished
16:20:50 -- ******* Post Equilibration Finished *******
GetData ===>> H2,0.0106569764272339,H1,1608.87068470453,AX,0.107660937488419,L1,0.029106762048195,L2,0.04055000...
GetData ===>> H2,-0.0575603978009958,H1,1608.28092584992,AX,0.12006489133508,L1,0.0112977047627638,L2,0.0036701...
GetData ===>> H2,-0.103855009690718,H1,1607.79020099826,AX,-0.0300293827792196,L1,-0.00794791953426883,L2,0.083...
Get Checksum: 1695186306
GetData ===>> H2,-0.0824109024249861,H1,1606.90070181903,AX,0.0035039035420924,L1,-0.0261293202919279,L2,-0.026...
GetData ===>> H2,-0.0872513750600478,H1,1606.09237855972,AX,0.0428863343898992,L1,-0.0192131979205469,L2,0.0031...
GetData ===>> H2,-0.120269711331323,H1,1605.30615487455,AX,0.042410493980241,L1,0.010824785811117,L2,-0.0126733...
Get Checksum: 1695186306
GetData ===>> H2,-0.156192562422942,H1,1604.91859113021,AX,0.0177048056111064,L1,0.0313678169608405,L2,0.000535...
GetData ===>> H2,-0.26406652863149,H1,1604.50401766939,AX,0.102683555449027,L1,0.0311959974368036,L2,0.02863515...
GetData ===>> H2,-0.18099142950454,H1,1604.02867287216,AX,0.0360855192014793,L1,-0.0439340053464369,L2,0.116660...
GetData ===>> H2,-0.0845700023756886,H1,1603.40813409246,AX,0.11620081488913,L1,-0.0450857201508757,L2,-0.07304...
GetData ===>> H2,0.00986513413157731,H1,1601.64024879967,AX,-0.0414055728267119,L1,-0.0113411203484289,L2,0.004...
Get Checksum: 1695186306
GetData ===>> H2,-0.024165782074179,H1,1600.96016199046,AX,-0.032661911982466,L1,-0.0304108567647416,L2,0.03010...
GetData ===>> H2,-0.134237626884924,H1,1599.99990963479,AX,0.0319541979004676,L1,-0.00434124001071238,L2,0.0851...
Get Checksum: 1695186306
GetData ===>> H2,-0.179597499729462,H1,1599.43086206724,AX,0.00676389475191296,L1,-0.00913267226172147,L2,-0.03...
GetData ===>> H2,-0.210238968443006,H1,1599.06615154393,AX,0.0712704262023404,L1,-0.0119572892113023,L2,0.00022...
GetData ===>> H2,-0.222156376924436,H1,1598.46675805264,AX,0.0478653893737793,L1,-0.0319186639639346,L2,0.02770...
Get Checksum: 1695186306
GetData ===>> H2,-0.134744735773806,H1,1598.08167691817,AX,-0.0921705397921159,L1,-0.0444643852151254,L2,0.0705...
GetData ===>> H2,-0.0513196018706853,H1,1597.23414083008,AX,0.0417837808916129,L1,-0.0512646541345168,L2,-0.071...
GetData ===>> H2,-0.143306719689976,H1,1596.21068315077,AX,0.0969987449613387,L1,-0.00983530385314013,L2,0.0465...
Get Checksum: 1695186306
16:21:10 -- collecting point 25
GetData ===>> H2,-0.153213242321896,H1,1595.70680681771,AX,0.0715487846194715,L1,-0.00446480245229811,L2,-0.011...
GetData ===>> H2,0.0142100582350997,H1,1595.39407177418,AX,-0.0819246186534325,L1,-0.0158948880934144,L2,0.0259...
GetData ===>> H2,-0.154151035678777,H1,1594.37619432882,AX,0.0644276986609972,L1,-0.0271273902988187,L2,0.08628...
Get Checksum: 1695186306
GetData ===>> H2,-0.17944905566473,H1,1594.2392931475,AX,0.0973699877635512,L1,-0.0181136118581909,L2,-0.028831...
GetData ===>> H2,-0.106804981585853,H1,1593.26538118769,AX,0.087277327831675,L1,-0.016959936559427,L2,0.0930525...
GetData ===>> H2,-0.0850399654106008,H1,1592.74904811566,AX,0.129070060763696,L1,-0.00378579011138702,L2,0.0950...
Get Checksum: 1695186306
GetData ===>> H2,-0.0729623903245484,H1,1591.54910172042,AX,0.0209072560539415,L1,0.0210214671046269,L2,0.02483...
GetData ===>> H2,-0.0833211877712237,H1,1591.37525515411,AX,0.190422521763391,L1,0.0368964405014062,L2,0.037380...
GetData ===>> H2,-0.0147522832281696,H1,1590.13180060292,AX,0.129986870840754,L1,-0.00626288423771573,L2,0.0277...
Get Checksum: 1695186306
GetData ===>> H2,-0.135910324146687,H1,1589.73722941891,AX,0.176848516649328,L1,-0.0380344857652809,L2,-0.05143...
GetData ===>> H2,-0.0893755157174347,H1,1589.56122689429,AX,0.100177557274992,L1,0.00143429647486616,L2,0.04678...
GetData ===>> H2,-0.113535320024824,H1,1588.5275383213,AX,0.09480612102259,L1,0.00643874015003679,L2,0.02198857...
Get Checksum: 1695186306
GetData ===>> H2,-0.123564413624372,H1,1587.94292079396,AX,0.116839015144848,L1,-0.0156130151859162,L2,0.098933...
GetData ===>> H2,-0.208005231066571,H1,1588.13129089861,AX,0.135801272353045,L1,-0.00849234751679201,L2,0.01137...
GetData ===>> H2,-0.15352945220935,H1,1587.15701447865,AX,0.0824749810675314,L1,-0.0163530646514004,L2,-0.12338...
Get Checksum: 1695186306
GetData ===>> H2,-0.116792736560102,H1,1586.7542469667,AX,0.0930543775832099,L1,0.00137908140072279,L2,0.043434...
GetData ===>> H2,-0.128861523219689,H1,1585.71415992338,AX,0.0337529257953154,L1,0.00220974014654502,L2,0.15578...
Get Checksum: 1695186306
GetData ===>> H2,-0.081669887190144,H1,1585.20967353595,AX,0.108461519186252,L1,0.00340543284044338,L2,-0.08355...
GetData ===>> H2,-0.0697745254679878,H1,1584.66472194516,AX,0.207180723997683,L1,0.0187617200939578,L2,0.099458...
GetData ===>> H2,-0.0923197650211037,H1,1583.66523883223,AX,0.218435770654968,L1,-0.0101074704880887,L2,0.06050...
Get Checksum: 1695186306
GetData ===>> H2,-0.067312844751856,H1,1582.88766666903,AX,0.130636766754897,L1,-0.0211890331156566,L2,0.031930...
GetData ===>> H2,-0.0834241321227994,H1,1582.32250369695,AX,0.0759910286995504,L1,-0.0312803585714392,L2,0.0808...
GetData ===>> H2,-0.0825138550174931,H1,1581.83019812104,AX,0.181458124974627,L1,0.00905213744648564,L2,-0.0248...
Get Checksum: 1695186306
GetData ===>> H2,-0.0813650680043531,H1,1581.66111679452,AX,0.220015530358366,L1,-0.000789671261707288,L2,-0.02...
GetData ===>> H2,-0.084163678619907,H1,1580.48380780664,AX,0.169545578654364,L1,-0.00239523147513985,L2,0.00712...
16:21:36 -- collecting point 50
GetData ===>> H2,-0.0859432692011647,H1,1579.47646808319,AX,0.135348641813803,L1,-0.00692733753085597,L2,-0.028...
Get Checksum: 1695186306
GetData ===>> H2,0.0719970757725646,H1,1579.28414986003,AX,0.140652675340815,L1,-0.00140768625290838,L2,0.03720...
GetData ===>> H2,0.0270664794537323,H1,1579.11484505558,AX,0.182468320164654,L1,0.0180217960890741,L2,0.0197199...
GetData ===>> H2,-0.0398855803194979,H1,1578.12558411208,AX,0.0175539681519016,L1,0.0028483856511405,L2,0.05502...
Get Checksum: 1695186306
GetData ===>> H2,0.0137595680553,H1,1577.00527532717,AX,0.16049023138642,L1,-0.00538487508085998,L2,0.069927281...
GetData ===>> H2,-0.107733117057364,H1,1576.5303113009,AX,0.134547839089074,L1,-0.00821893802556495,L2,2.279528...
GetData ===>> H2,-0.114865736379121,H1,1576.04369422641,AX,0.283040772755028,L1,-0.0147505549960684,L2,0.003943...
Get Checksum: 1695186306
GetData ===>> H2,-0.0672409529591417,H1,1575.5320513794,AX,0.21930695850062,L1,0.00505274400525724,L2,0.0173031...
GetData ===>> H2,-0.00144267259244686,H1,1574.21081334036,AX,0.152329530531829,L1,-0.00305154149175281,L2,-0.12...
GetData ===>> H2,-0.0475585492190921,H1,1573.32647222252,AX,0.130961716338007,L1,-0.0122725516866228,L2,0.06810...
Get Checksum: 1695186306
GetData ===>> H2,-0.0597981108060904,H1,1573.13437594765,AX,0.215055635546029,L1,0.0490093070800772,L2,-0.01941...
GetData ===>> H2,-0.0478829906564758,H1,1572.85755034199,AX,0.185580251636178,L1,0.0622511836486326,L2,0.011831...
GetData ===>> H2,0.0035826830239287,H1,1572.58714514754,AX,0.185278343483074,L1,0.0389512165160897,L2,0.0442786...
Get Checksum: 1695186306
GetData ===>> H2,-0.0610117165971858,H1,1570.97488915704,AX,0.203917119753023,L1,0.00526785093128675,L2,0.00849...
GetData ===>> H2,-0.0130712534664604,H1,1571.23190566906,AX,0.151400902348925,L1,0.0137983025692233,L2,-0.00430...
Get Checksum: 1695186306
GetData ===>> H2,-0.105955251717428,H1,1570.58870900492,AX,0.213057810129225,L1,-0.0258357514387096,L2,0.070463...
GetData ===>> H2,-0.133649352177192,H1,1569.69441545148,AX,0.201002035430169,L1,-0.0399882018973279,L2,0.001253...
GetData ===>> H2,-0.0594957062094322,H1,1569.28091229443,AX,0.183072119991968,L1,-0.0329628585837176,L2,0.07972...
Get Checksum: 1695186306
GetData ===>> H2,-0.00506903733523882,H1,1567.84262947229,AX,0.172552604474168,L1,-0.0544214906146731,L2,0.0121...
GetData ===>> H2,-0.106592555077533,H1,1567.08909480136,AX,0.239329662717289,L1,-0.0548225459808396,L2,0.043742...
GetData ===>> H2,-0.187312561791635,H1,1566.18135543567,AX,0.249405279664958,L1,-0.0251395396152049,L2,0.114129...
Get Checksum: 1695186306
GetData ===>> H2,-0.161010512558107,H1,1566.96891567805,AX,0.248186399653392,L1,-0.0389221500414489,L2,0.016049...
GetData ===>> H2,-0.119671801599399,H1,1566.16882676589,AX,0.232642912511373,L1,0.00503833486795079,L2,0.037688...
GetData ===>> H2,-0.150922452164738,H1,1565.26257808648,AX,0.209573328933416,L1,0.0163091284548877,L2,-0.026894...
Get Checksum: 1695186306
GetData ===>> H2,-0.148205257303601,H1,1565.66295490246,AX,0.218168607942724,L1,0.0229163929272394,L2,-0.047539...
16:22:02 -- collecting point 75
GetData ===>> H2,-0.145001047901836,H1,1564.30983692302,AX,0.257752115232826,L1,-0.0214587620628596,L2,-0.02397...
GetData ===>> H2,-0.218125498430876,H1,1563.24520280228,AX,0.287267799882396,L1,-0.0406493367985757,L2,0.014384...
Get Checksum: 1695186306
GetData ===>> H2,-0.199295100908384,H1,1561.97629439922,AX,0.199213540805264,L1,0.00119783404605568,L2,-0.07059...
GetData ===>> H2,-0.0665816976058376,H1,1562.11240563511,AX,0.340492925611746,L1,0.0122892261894134,L2,0.018101...
GetData ===>> H2,0.0451984117223369,H1,1561.05810280343,AX,0.31503835099019,L1,0.0178236113821371,L2,-0.0345855...
Get Checksum: 1695186306
GetData ===>> H2,-0.0978525649297742,H1,1560.53643106383,AX,0.25523289761423,L1,0.0604898132201476,L2,-0.012867...
GetData ===>> H2,-0.0558919982632794,H1,1560.09644689025,AX,0.216542415927031,L1,0.0213062239573905,L2,0.080014...
GetData ===>> H2,-0.0938356272785011,H1,1559.00038773356,AX,0.243961066959597,L1,-0.00959790139570559,L2,0.0863...
Get Checksum: 1695186306
GetData ===>> H2,-0.0705746265508062,H1,1558.77276600756,AX,0.200978808016845,L1,0.00431070023662327,L2,0.05303...
GetData ===>> H2,-0.0244769931414141,H1,1558.51124478029,AX,0.290403350498423,L1,0.0226279855489223,L2,-0.03168...
GetData ===>> H2,-0.13858720833582,H1,1557.38845131829,AX,0.218145376437163,L1,-0.0228564415631532,L2,0.0575754...
Get Checksum: 1695186306
GetData ===>> H2,-0.100660598442834,H1,1556.66065097962,AX,0.278790705002819,L1,-0.0109503010907293,L2,0.116078...
GetData ===>> H2,-0.0820925562749241,H1,1556.16450285112,AX,0.270964562291455,L1,0.0131127673063266,L2,0.111131...
Get Checksum: 1695186306
GetData ===>> H2,-0.148891369943095,H1,1555.61807847969,AX,0.33710014755142,L1,0.00713821944412628,L2,-0.035554...
GetData ===>> H2,-0.0572145301817871,H1,1555.00499851029,AX,0.278755869147564,L1,-0.0119992448632427,L2,-0.0802...
GetData ===>> H2,-0.0752832340000477,H1,1554.32096043048,AX,0.341875632720561,L1,-0.0666650125574037,L2,0.02356...
Get Checksum: 1695186306
GetData ===>> H2,-0.156573534644566,H1,1553.17344805297,AX,0.252330653886012,L1,-0.0412349797580219,L2,0.007990...
GetData ===>> H2,-0.245197991020991,H1,1552.97634470743,AX,0.215427328514663,L1,-0.0291759391662326,L2,0.063574...
GetData ===>> H2,-0.125200589334113,H1,1551.89091248259,AX,0.33758814260649,L1,-0.0159884441642023,L2,-0.048564...
Get Checksum: 1695186306
GetData ===>> H2,-0.0293193754814664,H1,1551.911588167,AX,0.308754150299732,L1,-0.00123488588125988,L2,0.041313...
GetData ===>> H2,-0.0374248095401468,H1,1550.84315962111,AX,0.361072886434193,L1,0.0189791431543082,L2,0.033731...
GetData ===>> H2,-0.0371207391937053,H1,1550.85724897243,AX,0.324912682297199,L1,0.0124740969079122,L2,0.089211...
Get Checksum: 1695186306
GetData ===>> H2,-0.0567072386655349,H1,1550.13117023417,AX,0.279940295211115,L1,0.0181911570174424,L2,0.048418...
GetData ===>> H2,-0.108243153388154,H1,1549.7732825094,AX,0.263893706612433,L1,-0.0202587124586255,L2,0.0053912...
GetData ===>> H2,-0.150163539815668,H1,1548.75707169848,AX,0.227996031480609,L1,0.0352543633636934,L2,-0.036898...
Get Checksum: 1695186306
16:22:29 -- collecting point 100
GetData ===>> H2,-0.0522844353722957,H1,1548.02938668269,AX,0.312784820241583,L1,-0.00880292209629384,L2,0.0140...
GetData ===>> H2,0.0386608740033464,H1,1547.22230713457,AX,0.288533621140167,L1,0.00901373551712187,L2,0.134675...
GetData ===>> H2,-0.0792731105885228,H1,1547.23136815251,AX,0.290205923965969,L1,-0.0515613579554867,L2,0.02830...
Get Checksum: 1695186306
GetData ===>> H2,-0.0982587843546715,H1,1545.87547246731,AX,0.433151270557991,L1,-0.0616906766432253,L2,-0.0217...
GetData ===>> H2,-0.117956356387796,H1,1545.30454977672,AX,0.387469469744788,L1,-0.0752122785075592,L2,-0.05881...
GetData ===>> H2,-0.167348932488093,H1,1544.81745446604,AX,0.19805219823827,L1,-0.019694004224185,L2,-0.0060063...
Get Checksum: 1695186306
GetData ===>> H2,-0.0833929780094777,H1,1544.0439175871,AX,0.308870305603098,L1,-0.0373192660222672,L2,0.174992...
GetData ===>> H2,-0.0982303494675781,H1,1543.49801618469,AX,0.371765489510884,L1,-2.64004011434352E-05,L2,0.004...
GetData ===>> H2,-0.0913524335807096,H1,1542.52169732739,AX,0.266459590019369,L1,0.0429164697392415,L2,0.052865...
Get Checksum: 1695186306
GetData ===>> H2,-0.111887986360318,H1,1542.00700294266,AX,0.331174688185175,L1,-0.0341075161470415,L2,0.075550...
GetData ===>> H2,-0.143622905409314,H1,1541.77942974635,AX,0.324691951023127,L1,-0.0535112496638488,L2,0.009255...
GetData ===>> H2,-0.14843891843524,H1,1541.33007320944,AX,0.36524518663454,L1,-0.00358903592914139,L2,0.0397404...
GetData ===>> H2,-0.0954867252903985,H1,1540.79638927543,AX,0.312018167015993,L1,-0.00196326735327679,L2,0.0231...
Get Checksum: 1695186306
GetData ===>> H2,-0.010170656843809,H1,1540.3563114358,AX,0.29690703626676,L1,0.0143926309494154,L2,-0.02611982...
GetData ===>> H2,-0.107622177740839,H1,1538.91747727353,AX,0.353402828111483,L1,-0.015900885303535,L2,-0.063395...
GetData ===>> H2,-0.136593124819778,H1,1538.43755904613,AX,0.394340029678117,L1,-0.0352260274061786,L2,0.018933...
Get Checksum: 1695186306
GetData ===>> H2,-0.0471105604950419,H1,1538.23543790627,AX,0.415849987613125,L1,-0.0217572536673512,L2,-0.0198...
GetData ===>> H2,-0.0946361485577958,H1,1537.36695208691,AX,0.338552520968834,L1,0.0446199504348964,L2,0.009996...
GetData ===>> H2,-0.0528733371621081,H1,1537.28037571583,AX,0.359236666033608,L1,0.0325814507957528,L2,0.119784...
Get Checksum: 1695186306
GetData ===>> H2,0.0364971835856437,H1,1536.22939196183,AX,0.432000964182621,L1,0.0192097848970011,L2,0.0014475...
GetData ===>> H2,-0.0227504268898134,H1,1535.1460235319,AX,0.293991937741901,L1,-0.0262036098267569,L2,-0.02542...
measurement finished
estimated time: 125.829 actual time: :126.100
flush and close file /Users/jan/PychronDev/data/isotopes/fb/9961ff-4fc2-4b4e-b4e0-d144589592a1.h5
baselines () {'settling_time': 15.0, 'detector': 'H1', 'mass': 34.2, 'ncounts': 60}
%%%%%%%%%%%%%%%%%%%%%%%%%%%%%%%% Baseline
build tables- baseline [Detector(H2), Detector(H1), Detector(AX), Detector(L1), Detector(L2), Detector(CDD)]
add group baseline table H2
add group baseline table H1
add group baseline table AX
add group baseline table L1
add group baseline table L2
add group baseline table CDD
flush and close file /Users/jan/PychronDev/data/isotopes/fb/9961ff-4fc2-4b4e-b4e0-d144589592a1.h5
detector Detector(H1)
POSITION 34.2 H1
Mapping mass to dac mass func: "parabolic"
H1 map mass coeffs = [-0.00063987  0.15840543  0.57052999]
H1 map mass to dac 34.2 >> 5.23957599104
GetDeflection H1 ===>> 0
GetHighVoltage ===>> 4499.94659342336
positioning 34.2 (5.23954513567) on H1
setting magnet DAC
current  : 5.878885
requested: 5.239545
Delta Dac: 0.639340
Checking detector protection. dv=0.63934
Checking detector "CDD". Protection Threshold: 0.1 (V)
ProtectDetector CDD,On ===>> OK
GetDeflection CDD ===>> 2000
SetMagnetDAC 5.23954513567 ===>> OK
Magnet settling time: 0.500
Get Checksum: 1695186306
GetMagnetMoving ===>> True
GetMagnetMoving ===>> True
GetMagnetMoving ===>> True
GetMagnetMoving ===>> True
GetMagnetMoving ===>> True
GetMagnetMoving ===>> True
GetMagnetMoving ===>> True
GetMagnetMoving ===>> True
GetMagnetMoving ===>> False
ProtectDetector CDD,Off ===>> OK
GetDeflection CDD ===>> 50
Delaying 15.0s for detectors to settle
Get Checksum: 1695186306
Get Checksum: 1695186306
Get Checksum: 1695186306
Get Checksum: 1695186306
Get Checksum: 1695186306
Join finished
measuring baseline. ncounts=60
starting measurement
GetData ===>> H2,-0.204740055162557,H1,-0.157986886545225,AX,-0.0141515184525757,L1,-0.0264097005021885,L2,-0.0...
Get Checksum: 1695186306
GetData ===>> H2,-0.103637114415729,H1,-0.152169212050013,AX,-0.10263556479015,L1,-0.055923869380582,L2,-0.0282...
GetData ===>> H2,-0.170883137147464,H1,0.0346320813781944,AX,-0.0927036690520233,L1,-0.0621177601238531,L2,-0.0...
GetData ===>> H2,-0.243241440546164,H1,-0.0856727790078836,AX,-0.156252107582208,L1,-0.0564014710036671,L2,0.06...
Get Checksum: 1695186306
GetData ===>> H2,-0.238406757751448,H1,-0.0747191917702448,AX,-0.0107181261131228,L1,-0.0185177267012257,L2,0.0...
GetData ===>> H2,-0.125576470767617,H1,-0.116393635912115,AX,-0.0986606103559158,L1,-0.0224321237195633,L2,-0.0...
GetData ===>> H2,-0.0150580219156012,H1,-0.0597111880327404,AX,-0.115486419836147,L1,-0.0237409788389815,L2,-0....
Get Checksum: 1695186306
GetData ===>> H2,-0.147184115165667,H1,-0.0398718975179733,AX,-0.0835009844425161,L1,-0.0234916862322003,L2,-0....
GetData ===>> H2,-0.215387816841413,H1,0.0859100422552441,AX,-0.0456959413669961,L1,-0.0036586201647467,L2,0.01...
GetData ===>> H2,-0.206056750034609,H1,0.0158040344914624,AX,-0.0427390860095379,L1,0.00153512478269286,L2,0.05...
Get Checksum: 1695186306
GetData ===>> H2,-0.175514578730101,H1,0.011759687969959,AX,-0.0285797217587504,L1,-0.021390431413577,L2,0.0319...
GetData ===>> H2,-0.061198830893159,H1,0.0487733421681515,AX,-0.0820289377668589,L1,-0.000930077997214787,L2,-0...
Get Checksum: 1695186306
GetData ===>> H2,-0.0870374301521248,H1,0.0769648440442474,AX,-0.0186750599427363,L1,-0.00143768601532981,L2,-0...
GetData ===>> H2,-0.14699770627858,H1,0.0264704399583372,AX,-0.0720717538186411,L1,-0.0484311697634849,L2,-0.05...
GetData ===>> H2,-0.14609398497472,H1,-0.024524748569754,AX,-0.0595861614033025,L1,-0.0648054567945476,L2,-0.10...
Get Checksum: 1695186306
GetData ===>> H2,-0.0674932504581505,H1,-0.0693909525239842,AX,-0.0626816247538114,L1,-0.0734246736685616,L2,0....
GetData ===>> H2,-0.175606376269943,H1,0.0235472068427669,AX,-0.0156361911442278,L1,-0.0267931137773148,L2,0.01...
GetData ===>> H2,-0.234993869337767,H1,0.0193593767076063,AX,-0.071109597076563,L1,-0.0373444253693113,L2,-0.00...
Get Checksum: 1695186306
GetData ===>> H2,-0.221358937493955,H1,-0.00402243767914074,AX,-0.112914067160609,L1,-0.0158013311527659,L2,-0....
GetData ===>> H2,-0.260276945370585,H1,-0.0117038419112923,AX,-0.0768012534538578,L1,-0.0325653110314949,L2,0.0...
GetData ===>> H2,-0.313041131167272,H1,0.0494894085005583,AX,-0.0441421540661781,L1,0.0175425561159683,L2,0.014...
Get Checksum: 1695186306
GetData ===>> H2,-0.182742706913625,H1,-0.00899633346598243,AX,-0.012388440216884,L1,0.0115221689873568,L2,-0.0...
GetData ===>> H2,-0.207415062709861,H1,-0.0340052000266099,AX,-0.0534065337031226,L1,0.0127598128717253,L2,-0.0...
GetData ===>> H2,-0.161558767317387,H1,-0.069402872838986,AX,0.0502331412142834,L1,-0.00707725323888713,L2,-0.0...
Get Checksum: 1695186306
16:23:34 -- collecting point 25
GetData ===>> H2,-0.275167061976381,H1,0.0273533924592285,AX,-0.139857960758518,L1,-0.0191232690037242,L2,-0.02...
GetData ===>> H2,-0.15191085257931,H1,0.064301195601746,AX,-0.0889253421553019,L1,-0.0223649983531618,L2,0.0849...
GetData ===>> H2,-0.149619306268483,H1,-0.0187287095153142,AX,-0.0693475504256252,L1,-0.0170990561873797,L2,-0....
Get Checksum: 1695186306
GetData ===>> H2,-0.211656044691206,H1,0.00831198175246257,AX,0.0247712223663338,L1,0.00424826539019944,L2,-0.1...
GetData ===>> H2,-0.217397847155142,H1,-0.0205772769426236,AX,-0.0822723485965281,L1,-0.0231824589328974,L2,-0....
GetData ===>> H2,-0.239968102980205,H1,-0.0556339626404111,AX,-0.0560732129265679,L1,-0.0557981809675819,L2,-0....
Get Checksum: 1695186306
GetData ===>> H2,-0.213354416353666,H1,0.0411833538789487,AX,-0.0116692807138231,L1,0.0122400079334683,L2,-0.01...
GetData ===>> H2,-0.151793383271618,H1,-0.0296288013232225,AX,-0.132042863889763,L1,-0.0209372795730149,L2,-0.0...
Get Checksum: 1695186306
GetData ===>> H2,-0.183600706985143,H1,0.0608278079324844,AX,-0.0811711995135814,L1,-0.0283984981172751,L2,0.00...
GetData ===>> H2,-0.181604002638136,H1,0.0598729458388238,AX,-0.0925761818860548,L1,-0.0178030199829912,L2,-0.0...
GetData ===>> H2,-0.115163468440438,H1,0.0424721792584794,AX,-0.0838950718993157,L1,0.00759656669313148,L2,0.02...
Get Checksum: 1695186306
GetData ===>> H2,-0.061276116335166,H1,-0.0440928451768794,AX,-0.0737873831974678,L1,0.0235148645600174,L2,-0.0...
GetData ===>> H2,-0.182182813317392,H1,0.0264943034370859,AX,-0.0946739040132331,L1,-0.0300814803840508,L2,-0.0...
GetData ===>> H2,-0.206675287643066,H1,0.0589180928509016,AX,-0.086537734781036,L1,-0.0324707115576468,L2,0.014...
Get Checksum: 1695186306
GetData ===>> H2,-0.201971396287138,H1,0.000903990498568774,AX,0.0400313268153753,L1,-0.0275143703873594,L2,0.1...
GetData ===>> H2,-0.150796870532691,H1,0.0816162473935346,AX,-0.00719181331788812,L1,-0.0423079711496965,L2,-0....
GetData ===>> H2,-0.176529710140565,H1,-0.0712385843963269,AX,-0.0922980274895739,L1,-0.0874484657662429,L2,-0....
Get Checksum: 1695186306
GetData ===>> H2,-0.25376971246431,H1,0.0122607485829597,AX,-0.115822442865494,L1,-0.0508327429885655,L2,-0.014...
GetData ===>> H2,-0.19726824541327,H1,0.0711647729220168,AX,-0.0418230223964446,L1,-0.0236031495556455,L2,0.057...
GetData ===>> H2,-0.191594788796169,H1,0.0651128636957267,AX,-0.0709704892905595,L1,-0.0426492446196768,L2,-0.0...
Get Checksum: 1695186306
GetData ===>> H2,-0.244911392373382,H1,0.000355272213847924,AX,-0.068791108011979,L1,-0.05008373392729,L2,-0.04...
GetData ===>> H2,-0.144853783803797,H1,-0.0310359476651144,AX,-0.158396823380243,L1,-0.0392228120692562,L2,-0.1...
GetData ===>> H2,-0.188036717139827,H1,0.104661770581971,AX,-0.0634583735106936,L1,-0.0358551231770046,L2,-0.03...
Get Checksum: 1695186306
GetData ===>> H2,-0.151686714684914,H1,0.0300977540023119,AX,-0.0470293957622068,L1,-0.0570478129684596,L2,0.01...
GetData ===>> H2,-0.155154956127456,H1,-0.0253833924771961,AX,-0.00689021484580702,L1,-0.0625747312902461,L2,-0...
16:24:01 -- collecting point 50
GetData ===>> H2,-0.13612801357609,H1,-0.0259915941214438,AX,-0.02205018087133,L1,-0.0411978541214176,L2,0.0709...
Get Checksum: 1695186306
GetData ===>> H2,-0.261192855555327,H1,-0.00541801611813038,AX,-0.0956358277639935,L1,-0.0552583014178471,L2,-0...
GetData ===>> H2,-0.259677222160819,H1,-0.0343390863486224,AX,-0.134709582186187,L1,0.00519947328769655,L2,-0.0...
GetData ===>> H2,-0.26725669881318,H1,0.0865660549049131,AX,-0.162686113100774,L1,-0.00765170956331662,L2,-0.04...
Get Checksum: 1695186306
GetData ===>> H2,-0.160381202232933,H1,-0.0385125713924016,AX,-0.0724427032745174,L1,-0.0162475179744102,L2,0.0...
GetData ===>> H2,-0.25854031728344,H1,-0.0210066167497967,AX,-0.048374426903052,L1,-0.0301365768209958,L2,-0.00...
Get Checksum: 1695186306
GetData ===>> H2,-0.297285290163363,H1,0.0758795476833331,AX,0.0496063777705461,L1,-0.0677351473047532,L2,-0.07...
GetData ===>> H2,-0.202343465813327,H1,0.0486778670440781,AX,0.0662021225047979,L1,-0.0767512874617275,L2,-0.05...
GetData ===>> H2,-0.142454055288032,H1,0.0370067189647163,AX,-0.0620208037659695,L1,-0.0539310847896691,L2,-0.0...
Get Checksum: 1695186306
GetData ===>> H2,-0.101107328606327,H1,-0.0231532881608708,AX,-0.0133511776853055,L1,-0.0223578063230497,L2,0.0...
GetData ===>> H2,-0.174988078468106,H1,0.0725760256600651,AX,-0.108360140904851,L1,0.00247983903650033,L2,-0.04...
measurement finished
estimated time: 62.915 actual time: :63.537
flush and close file /Users/jan/PychronDev/data/isotopes/fb/9961ff-4fc2-4b4e-b4e0-d144589592a1.h5
activate_detectors ('H1', 'AX', 'CDD') {'peak_center': True}
peak_center () {'detector': 'H1', 'integration_time': 0.262144, 'isotope': 'Ar40'}
peak center: mean=1538.40959914 threshold=3
peak center started
setup peak center. detector=['H1', 'AX', 'CDD'], isotope=Ar40
VersionedUnpickler [<apptools.sweet_pickle.versioned_unpickler.VersionedUnpickler object at 0x142c41590>] using Updater [<apptools.sweet_pickle.updater.Updater object at 0x135b265f0>]
VersionedUnpickler [<apptools.sweet_pickle.versioned_unpickler.VersionedUnpickler object at 0x142c41590>] using Updater [<apptools.sweet_pickle.updater.Updater object at 0x135b265f0>]
VersionedUnpickler [<apptools.sweet_pickle.versioned_unpickler.VersionedUnpickler object at 0x142c41590>] using Updater [<apptools.sweet_pickle.updater.Updater object at 0x135b265f0>]
setting integration time = 0.524288
SetIntegrationTime 0.524288 ===>> OK
Mapping mass to dac mass func: "parabolic"
H1 map mass coeffs = [-0.00063987  0.15840543  0.57052999]
H1 map mass to dac 39.9624 >> 5.87892
GetDeflection H1 ===>> 0
GetHighVoltage ===>> 4499.94659342336
do peak center. <pychron.spectrometer.jobs.peak_center.PeakCenter object at 0x13aecf0b0>
doing pc
starting peak center. center dac= 5.87888537959 step_width=0.001
width = 0.001
get scan parameters. half-width=0.015,window=0.015, i=0, scalar=1
Scan parameters center=5.87889 width=0.03000 (5.86389 - 5.89389)
GetData ===>> H2,-0.296406326405514,H1,0.0682044244849191,AX,-0.0266081481185308,L1,-0.0304372064090979,L2,-0.0...
Moving to starting dac 5.86388537959
setting magnet DAC
current  : 5.239545
requested: 5.863885
Delta Dac: 0.624340
Checking detector protection. dv=0.62434
Checking detector "CDD". Protection Threshold: 0.1 (V)
ProtectDetector CDD,On ===>> OK
GetDeflection CDD ===>> 2000
SetMagnetDAC 5.86388537959 ===>> OK
Magnet settling time: 0.500
GetMagnetMoving ===>> True
Get Checksum: 1695186306
GetMagnetMoving ===>> True
GetMagnetMoving ===>> True
GetMagnetMoving ===>> True
GetMagnetMoving ===>> True
GetMagnetMoving ===>> True
GetMagnetMoving ===>> True
GetMagnetMoving ===>> True
GetMagnetMoving ===>> False
ProtectDetector CDD,Off ===>> OK
GetDeflection CDD ===>> 50
Wait until signal near baseline. tol= 0.0511533183637. timeout= 10
GetData ===>> H2,5.78652110018274,H1,0.114490894509145,AX,0.00372432655260523,L1,0.0204192735426484,L2,0.046036...
GetData ===>> H2,121.266079415635,H1,21.3346133534659,AX,-0.315504307684674,L1,0.0124792041934816,L2,-0.0094733...
GetData ===>> H2,120.664113591365,H1,35.3568377352144,AX,-0.123318930724171,L1,-0.0245122004661334,L2,-0.067590...
Get Checksum: 1695186306
GetData ===>> H2,63.5904432103184,H1,17.1632220474948,AX,-0.0213542892269973,L1,-0.047887834401445,L2,-0.094236...
GetData ===>> H2,26.0504380430897,H1,8.80123605829104,AX,-0.0447567146955187,L1,-0.0695052028026389,L2,-0.03654...
GetData ===>> H2,8.67371798813822,H1,4.86284635473277,AX,-0.0430405734139901,L1,-0.104736275712724,L2,-0.094941...
GetData ===>> H2,2.48884189236959,H1,2.94936302026503,AX,-0.175928713065576,L1,-0.0881030001267448,L2,-0.132452...
GetData ===>> H2,0.729331243868378,H1,2.05840940044524,AX,0.0659208084456894,L1,-0.0572138055702707,L2,-0.06115...
GetData ===>> H2,0.49662485202256,H1,1.52466965917017,AX,-0.0831300771427069,L1,-0.0469111930004868,L2,-0.04635...
Get Checksum: 1695186306
GetData ===>> H2,0.489480334964805,H1,1.30505036316857,AX,-0.0381007005303302,L1,-0.0257668302387618,L2,-0.0311...
GetData ===>> H2,0.472819228395494,H1,1.1822622941988,AX,-0.0534992889897934,L1,-0.0127532180503154,L2,0.097748...
GetData ===>> H2,0.538515563230467,H1,1.17304571249186,AX,-0.0406982236345877,L1,-0.0310135089352457,L2,-0.0904...
GetData ===>> H2,0.490172285871785,H1,1.09226872565531,AX,0.0778325722765402,L1,-0.047143393308935,L2,-0.004099...
GetData ===>> H2,0.553566455528904,H1,1.06179327879004,AX,0.0733828713262869,L1,-0.0412218061607337,L2,0.076640...
GetData ===>> H2,0.516624940031737,H1,1.15178358878094,AX,-0.108163146918334,L1,-0.0313724425488545,L2,-0.02759...
GetData ===>> H2,0.412723303120595,H1,1.09318001407479,AX,-0.0162277341106136,L1,-0.0528916318598468,L2,-0.0790...
GetData ===>> H2,0.264236742785256,H1,1.10620274737216,AX,-0.0329518337532615,L1,-0.0318797135380459,L2,0.01658...
GetData ===>> H2,0.174210116764891,H1,1.05086177200817,AX,-0.0647683984121354,L1,-0.0198993725833542,L2,0.04510...
Get Checksum: 1695186306
GetData ===>> H2,0.132669991275523,H1,1.05661504860131,AX,-0.0556790127745276,L1,-0.0333056778966462,L2,-0.0062...
GetData ===>> H2,0.186558833592922,H1,1.13817914545911,AX,-0.0576731853849307,L1,-0.0211617636454286,L2,-0.0712...
GetData ===>> H2,0.186421705144765,H1,1.06713960156111,AX,-0.070170615661479,L1,-0.0206299977266072,L2,0.076982...
Peak center failed to move to a baseline position
_do_sweep sm= 5.86388537959, em= 5.89388537959, stm= 0.001
calculated step values: start=5.86388537959, end=5.89388537959, width=0.001, nsteps=31.0
setting magnet DAC
current  : 5.863885
requested: 5.863885
Delta Dac: 0.000000
Checking detector protection. dv=0.00000
Checking detector "CDD". Protection Threshold: 0.1 (V)
SetMagnetDAC 5.86388537959 ===>> OK
GetData ===>> H2,0.186421705144765,H1,1.06713960156111,AX,-0.070170615661479,L1,-0.0206299977266072,L2,0.076982...
setting magnet DAC
current  : 5.863885
requested: 5.864920
Delta Dac: 0.001034
Checking detector protection. dv=0.00103
Checking detector "CDD". Protection Threshold: 0.1 (V)
SetMagnetDAC 5.86491986235 ===>> OK
Magnet settling time: 1.049
GetData ===>> H2,0.199152994391056,H1,2.6332313845346,AX,-0.225130511739366,L1,0.0135202470720326,L2,-0.0784455...
setting magnet DAC
current  : 5.864920
requested: 5.865954
Delta Dac: 0.001034
Checking detector protection. dv=0.00103
Checking detector "CDD". Protection Threshold: 0.1 (V)
SetMagnetDAC 5.86595434511 ===>> OK
Magnet settling time: 1.049
Get Checksum: 1695186306
GetData ===>> H2,0.136193053563934,H1,9.88233149447753,AX,0.0139107343647711,L1,-0.0057267320113628,L2,-0.13725...
setting magnet DAC
current  : 5.865954
requested: 5.866989
Delta Dac: 0.001034
Checking detector protection. dv=0.00103
Checking detector "CDD". Protection Threshold: 0.1 (V)
SetMagnetDAC 5.86698882787 ===>> OK
Magnet settling time: 1.049
GetData ===>> H2,0.200915242511903,H1,38.5778464889215,AX,-0.0423216403692168,L1,-0.0118086449225927,L2,-0.0425...
setting magnet DAC
current  : 5.866989
requested: 5.868023
Delta Dac: 0.001034
Checking detector protection. dv=0.00103
Checking detector "CDD". Protection Threshold: 0.1 (V)
SetMagnetDAC 5.86802331063 ===>> OK
Magnet settling time: 1.049
GetData ===>> H2,0.00999166194610915,H1,130.394032577525,AX,0.00792406031260624,L1,0.00954855051293347,L2,-0.01...
setting magnet DAC
current  : 5.868023
requested: 5.869058
Delta Dac: 0.001034
Checking detector protection. dv=0.00103
Checking detector "CDD". Protection Threshold: 0.1 (V)
SetMagnetDAC 5.86905779338 ===>> OK
Magnet settling time: 1.049
Get Checksum: 1695186306
GetData ===>> H2,0.0865277397433188,H1,348.144290050487,AX,0.116126943782363,L1,-0.0240093468924221,L2,-0.15375...
setting magnet DAC
current  : 5.869058
requested: 5.870092
Delta Dac: 0.001034
Checking detector protection. dv=0.00103
Checking detector "CDD". Protection Threshold: 0.1 (V)
SetMagnetDAC 5.87009227614 ===>> OK
Magnet settling time: 1.049
GetData ===>> H2,-0.0114056022466936,H1,696.292807930777,AX,0.285316841509215,L1,-0.0664283885066702,L2,-0.1254...
setting magnet DAC
current  : 5.870092
requested: 5.871127
Delta Dac: 0.001034
Checking detector protection. dv=0.00103
Checking detector "CDD". Protection Threshold: 0.1 (V)
SetMagnetDAC 5.8711267589 ===>> OK
Magnet settling time: 1.049
GetData ===>> H2,0.034079141923159,H1,1052.09270911647,AX,0.454800056348986,L1,-0.069734492807008,L2,-0.1852089...
setting magnet DAC
current  : 5.871127
requested: 5.872161
Delta Dac: 0.001034
Checking detector protection. dv=0.00103
Checking detector "CDD". Protection Threshold: 0.1 (V)
SetMagnetDAC 5.87216124166 ===>> OK
Magnet settling time: 1.049
Get Checksum: 1695186306
GetData ===>> H2,0.00309861939987439,H1,1297.79786548655,AX,0.478976940697917,L1,-0.0424504692008931,L2,0.05020...
setting magnet DAC
current  : 5.872161
requested: 5.873196
Delta Dac: 0.001034
Checking detector protection. dv=0.00103
Checking detector "CDD". Protection Threshold: 0.1 (V)
SetMagnetDAC 5.87319572442 ===>> OK
Magnet settling time: 1.049
GetData ===>> H2,-0.0100448318851902,H1,1413.36000736211,AX,0.518099976650563,L1,0.00766398143741031,L2,0.04555...
setting magnet DAC
current  : 5.873196
requested: 5.874230
Delta Dac: 0.001034
Checking detector protection. dv=0.00103
Checking detector "CDD". Protection Threshold: 0.1 (V)
SetMagnetDAC 5.87423020718 ===>> OK
Magnet settling time: 1.049
GetData ===>> H2,-0.158746992919818,H1,1452.53061239572,AX,0.574860898812014,L1,-0.0148650012182994,L2,0.007151...
setting magnet DAC
current  : 5.874230
requested: 5.875265
Delta Dac: 0.001034
Checking detector protection. dv=0.00103
Checking detector "CDD". Protection Threshold: 0.1 (V)
SetMagnetDAC 5.87526468994 ===>> OK
Magnet settling time: 1.049
Get Checksum: 1695186306
GetData ===>> H2,-0.0795942456328466,H1,1463.89988413423,AX,0.430002330309439,L1,0.00516854891308966,L2,0.12576...
setting magnet DAC
current  : 5.875265
requested: 5.876299
Delta Dac: 0.001034
Checking detector protection. dv=0.00103
Checking detector "CDD". Protection Threshold: 0.1 (V)
SetMagnetDAC 5.87629917269 ===>> OK
Magnet settling time: 1.049
GetData ===>> H2,-0.081648211428995,H1,1466.29680814987,AX,0.533553714522565,L1,-0.0556281880906732,L2,0.060710...
setting magnet DAC
current  : 5.876299
requested: 5.877334
Delta Dac: 0.001034
Checking detector protection. dv=0.00103
Checking detector "CDD". Protection Threshold: 0.1 (V)
SetMagnetDAC 5.87733365545 ===>> OK
Magnet settling time: 1.049
Get Checksum: 1695186306
GetData ===>> H2,-0.0669696590844439,H1,1466.05162168545,AX,0.689436212370825,L1,-0.0143137271304869,L2,-0.2705...
setting magnet DAC
current  : 5.877334
requested: 5.878368
Delta Dac: 0.001034
Checking detector protection. dv=0.00103
Checking detector "CDD". Protection Threshold: 0.1 (V)
SetMagnetDAC 5.87836813821 ===>> OK
Magnet settling time: 1.049
GetData ===>> H2,-0.0707671848520587,H1,1465.65267841869,AX,0.482391450325398,L1,0.0108842664796407,L2,0.035692...
setting magnet DAC
current  : 5.878368
requested: 5.879403
Delta Dac: 0.001034
Checking detector protection. dv=0.00103
Checking detector "CDD". Protection Threshold: 0.1 (V)
SetMagnetDAC 5.87940262097 ===>> OK
Magnet settling time: 1.049
GetData ===>> H2,-0.0793774465973541,H1,1466.23443605328,AX,0.696699116753745,L1,0.0312993291074169,L2,-0.00220...
setting magnet DAC
current  : 5.879403
requested: 5.880437
Delta Dac: 0.001034
Checking detector protection. dv=0.00103
Checking detector "CDD". Protection Threshold: 0.1 (V)
SetMagnetDAC 5.88043710373 ===>> OK
Magnet settling time: 1.049
Get Checksum: 1695186306
GetData ===>> H2,-0.199106320655406,H1,1465.46702488488,AX,0.630817344039404,L1,0.00944783943271806,L2,-0.03586...
setting magnet DAC
current  : 5.880437
requested: 5.881472
Delta Dac: 0.001034
Checking detector protection. dv=0.00103
Checking detector "CDD". Protection Threshold: 0.1 (V)
SetMagnetDAC 5.88147158649 ===>> OK
Magnet settling time: 1.049
GetData ===>> H2,-0.159022529022304,H1,1464.40133150942,AX,0.670001287832392,L1,-0.00895041168739605,L2,0.04419...
setting magnet DAC
current  : 5.881472
requested: 5.882506
Delta Dac: 0.001034
Checking detector protection. dv=0.00103
Checking detector "CDD". Protection Threshold: 0.1 (V)
SetMagnetDAC 5.88250606925 ===>> OK
Magnet settling time: 1.049
GetData ===>> H2,-0.169987207917669,H1,1461.65875392538,AX,0.669326371907001,L1,-0.0120148283465662,L2,0.090750...
setting magnet DAC
current  : 5.882506
requested: 5.883541
Delta Dac: 0.001034
Checking detector protection. dv=0.00103
Checking detector "CDD". Protection Threshold: 0.1 (V)
SetMagnetDAC 5.88354055201 ===>> OK
Magnet settling time: 1.049
Get Checksum: 1695186306
GetData ===>> H2,-0.189942611055583,H1,1452.59917112103,AX,0.679357499349134,L1,0.0144126551477387,L2,0.0203617...
setting magnet DAC
current  : 5.883541
requested: 5.884575
Delta Dac: 0.001034
Checking detector protection. dv=0.00103
Checking detector "CDD". Protection Threshold: 0.1 (V)
SetMagnetDAC 5.88457503476 ===>> OK
Magnet settling time: 1.049
GetData ===>> H2,-0.151959793281333,H1,1417.45999531313,AX,0.515451010112533,L1,0.0231105740035053,L2,0.0644709...
setting magnet DAC
current  : 5.884575
requested: 5.885610
Delta Dac: 0.001034
Checking detector protection. dv=0.00103
Checking detector "CDD". Protection Threshold: 0.1 (V)
SetMagnetDAC 5.88560951752 ===>> OK
Magnet settling time: 1.049
GetData ===>> H2,-0.256021517180391,H1,1311.98423857805,AX,0.458631727864634,L1,-0.026461119138504,L2,0.0568597...
setting magnet DAC
current  : 5.885610
requested: 5.886644
Delta Dac: 0.001034
Checking detector protection. dv=0.00103
Checking detector "CDD". Protection Threshold: 0.1 (V)
SetMagnetDAC 5.88664400028 ===>> OK
Magnet settling time: 1.049
Get Checksum: 1695186306
GetData ===>> H2,-0.390442196048895,H1,1075.32726295293,AX,0.375147850420678,L1,-0.0497618582441897,L2,-0.03085...
setting magnet DAC
current  : 5.886644
requested: 5.887678
Delta Dac: 0.001034
Checking detector protection. dv=0.00103
Checking detector "CDD". Protection Threshold: 0.1 (V)
SetMagnetDAC 5.88767848304 ===>> OK
Magnet settling time: 1.049
GetData ===>> H2,-0.288788004690089,H1,720.700618879059,AX,0.158031558892475,L1,-0.000133213798658504,L2,-0.060...
setting magnet DAC
current  : 5.887678
requested: 5.888713
Delta Dac: 0.001034
Checking detector protection. dv=0.00103
Checking detector "CDD". Protection Threshold: 0.1 (V)
SetMagnetDAC 5.8887129658 ===>> OK
Magnet settling time: 1.049
Get Checksum: 1695186306
GetData ===>> H2,-0.394072615234845,H1,378.445990301104,AX,0.117749919217292,L1,0.0127238635890274,L2,-0.080356...
setting magnet DAC
current  : 5.888713
requested: 5.889747
Delta Dac: 0.001034
Checking detector protection. dv=0.00103
Checking detector "CDD". Protection Threshold: 0.1 (V)
SetMagnetDAC 5.88974744856 ===>> OK
Magnet settling time: 1.049
GetData ===>> H2,-0.199524329837857,H1,150.190776029544,AX,0.0878683213269457,L1,-0.0391904703704849,L2,0.00594...
setting magnet DAC
current  : 5.889747
requested: 5.890782
Delta Dac: 0.001034
Checking detector protection. dv=0.00103
Checking detector "CDD". Protection Threshold: 0.1 (V)
SetMagnetDAC 5.89078193132 ===>> OK
Magnet settling time: 1.049
GetData ===>> H2,-0.177344142359056,H1,23.4980876100032,AX,-0.0767317036540633,L1,0.012575148346482,L2,-0.06991...
setting magnet DAC
current  : 5.890782
requested: 5.891816
Delta Dac: 0.001034
Checking detector protection. dv=0.00103
Checking detector "CDD". Protection Threshold: 0.1 (V)
SetMagnetDAC 5.89181641407 ===>> OK
Magnet settling time: 1.049
Get Checksum: 1695186306
GetData ===>> H2,-0.215491497000509,H1,5.77322348094744,AX,0.0245855628198345,L1,0.0133811152997259,L2,0.024963...
setting magnet DAC
current  : 5.891816
requested: 5.892851
Delta Dac: 0.001034
Checking detector protection. dv=0.00103
Checking detector "CDD". Protection Threshold: 0.1 (V)
SetMagnetDAC 5.89285089683 ===>> OK
Magnet settling time: 1.049
GetData ===>> H2,-0.0956421511102174,H1,1.21986248763288,AX,-0.0384949718930606,L1,-0.00811580795527603,L2,0.09...
setting magnet DAC
current  : 5.892851
requested: 5.893885
Delta Dac: 0.001034
Checking detector protection. dv=0.00103
Checking detector "CDD". Protection Threshold: 0.1 (V)
SetMagnetDAC 5.89388537959 ===>> OK
Magnet settling time: 1.049
GetData ===>> H2,-0.100311988522698,H1,0.00599767117528423,AX,-0.0616382211429461,L1,-0.0248067173134468,L2,-0....
result of _do_sweep=True
result of _calculate_peak_center=([5.8712501090503135, 5.8789154397116361, 5.8865807703729587], [1081.3902177417951, 1466.2894378152682, 1089.7922684771142], 5.8763302693709543, 1466.2894378152682)
Failed to find a valid peak. No peak greater than 1.0. max = 0.695410693909
Failed to find a valid peak. No peak greater than 1.0. max = 0.0626603577033
new center pos Detector(H1) (Ar40) @ 5.87891543971
GetHighVoltage ===>> 4499.94659342336
GetDeflection H1 ===>> 0
dac uncorrected for HV and deflection 5.8789500603
update mftable H1 Ar40 5.8789500603 message=automated run peakcenter
get initial guess parabolic
get initial guess parabolic
get initial guess parabolic
get initial guess parabolic
get initial guess parabolic
get initial guess parabolic
dump mftable to /Users/jan/PychronDev/setupfiles/spectrometer/mftables/mftable.csv
add to repo msg=modified - automated run peakcenter
sweep finished
Get Checksum: 1695186306
locally archiving mftable
setting magnet DAC
current  : 5.893885
requested: 5.878915
Delta Dac: 0.014970
Checking detector protection. dv=0.01497
Checking detector "CDD". Protection Threshold: 0.1 (V)
SetMagnetDAC 5.87891543971 ===>> OK
Magnet settling time: 0.500
setting integration time = 1.048576
SetIntegrationTime 1.048576 ===>> OK
Failed to find a valid peak. No peak greater than 1.0. max = 0.695410693909
Failed to find a valid peak. No peak greater than 1.0. max = 0.0626603577033
flush and close file /Users/jan/PychronDev/data/isotopes/fb/9961ff-4fc2-4b4e-b4e0-d144589592a1.h5
finished measure script
executed 226.132928
jan_unknown120_60.py completed successfully
Measurement Finished
16:24:59 -- ******* Measurement Finished *******
Post Measurement Started jan_pump_ms.py
16:24:59 -- ******* Post Measurement Started jan_pump_ms.py *******
testing...
no interpolation path defined
executed 0
Pumping spectrometer
open () {'name': 'O'}
opening name=O desc=---
checking ownership. requestor=129.138.12.150
check software interlocks O
interlocks []
actuate state mode=None-script, software_lock=False
doing actuation None-script open_channel True
Open O ===>> OK
GetValveState O ===>> OK
change switch state (True, True)
update switch state O True args=() kw={} ncanvase=5
16:24:59 -- OPEN   VALVE-O (Jan Ion Pump)
---------------------------------------- open O () result=[(True, True)], time=0.10 sec
action=open, ok=True, locked=[False]
executed 0
jan_pump_ms.py completed successfully
setting _ms_pumptime
Post Measurement Finished
16:24:59 -- ******* Post Measurement Finished *******
$$$$$$$$$$$$$$$$$$$$ state at run end measurement
state changed from measurement to success
post measurement save measured=True aborted=False
Set filtering
setting fod for Ar40= {'filter_outliers': True, 'std_devs': 2, 'iterations': 1}
setting fod for H1= {'filter_outliers': True, 'std_devs': 2, 'iterations': 1}
setting fod for PM41= {'filter_outliers': False, 'std_devs': 2, 'iterations': 1}
setting fod for H2= {'filter_outliers': True, 'std_devs': 2, 'iterations': 1}
setting fod for Ar36= {'filter_outliers': True, 'std_devs': 2, 'iterations': 1}
setting fod for CDD= {'filter_outliers': True, 'std_devs': 10, 'iterations': 1}
setting fod for Ar37= {'filter_outliers': True, 'std_devs': 2, 'iterations': 1}
setting fod for L2= {'filter_outliers': True, 'std_devs': 2, 'iterations': 1}
setting fod for Ar38= {'filter_outliers': True, 'std_devs': 2, 'iterations': 1}
setting fod for L1= {'filter_outliers': True, 'std_devs': 2, 'iterations': 1}
setting fod for Ar39= {'filter_outliers': True, 'std_devs': 2, 'iterations': 1}
setting fod for AX= {'filter_outliers': True, 'std_devs': 2, 'iterations': 1}
persistence save...
persistence save - db
post measurement save
5484719280 connecting to database sqlite:////Users/jan/PychronDev/.appdata/local_lab.db
connected to db sqlite:////Users/jan/PychronDev/.appdata/local_lab.db
create new session 5484719280
close session 5484719280
No database instance. Not saving post measurement to isotopedb database
$$$$$$$$$$$$$$$ auto_save_detector_ic=False
massspec enabled True
create new session 5259923728
MassSpec Database Version: 16.0
close session 5259923728
saving post measurement to secondary database
saving to massspec database 129.138.12.160/massspecdata
setting labnumber to 4506
setting aliquot to 6
setting step to 
setting uuid to fb9961ff-4fc2-4b4e-b4e0-d144589592a1
setting irradpos to 4506
setting extract_device to Fusions CO2
setting tray to 
setting position to 220
setting power_requested to 5.0
setting extract_value to 5.0
setting duration to 30.0
setting duration_at_request to 30.0
setting first_stage_delay to 30.0
setting cleanup to 30.0
setting comment to FC-2 unirr test Stainless Steel tray
setting irradiation to Unirradiated
setting level to B
setting irradiation_level to B
setting sample to GA1550
setting material to 
setting project to 
setting mass_spectrometer to Jan
no attribute chron_dosages
no attribute production_ratios
no attribute interference_corrections
no attribute production_name
no attribute j
Reference Isotope=Ar40
Reference Detector=H1
%%%%%%%%%%%%%%%%%%%% Comment: FC-2 unirr test Stainless Steel tray %%%%%%%%%%%%%%%%%%%
adding isotope PM41 H2
add baseline dbdet= PM41. original det= H2
get baseline data PM41 H2
Get data baseline <pychron.processing.isotope.Baseline object at 0x145ed7c90> len t=60
baseline PM41. v=-0.187861167569, e=0.00676636199756
get signal data PM41 H2
Get data signal PM41 0.13+/-0.08 len t=120
adding isotope Ar40 H1
add baseline dbdet= Ar40. original det= H1
get baseline data Ar40 H1
Get data baseline <pychron.processing.isotope.Baseline object at 0x145ed7e90> len t=60
baseline Ar40. v=0.00951865289652, e=0.00647313627597
get signal data Ar40 H1
Get data signal Ar40 1619.95+/-0.09 len t=120
adding isotope Ar39 AX
add baseline dbdet= Ar39. original det= AX
get baseline data Ar39 AX
Get data baseline <pychron.processing.isotope.Baseline object at 0x145ef4090> len t=60
baseline Ar39. v=-0.0702308393569, e=0.00564145114388
get signal data Ar39 AX
Get data signal Ar39 0.047+/-0.011 len t=120
adding isotope Ar38 L1
add baseline dbdet= Ar38. original det= L1
get baseline data Ar38 L1
Get data baseline <pychron.processing.isotope.Baseline object at 0x145ef4250> len t=60
baseline Ar38. v=-0.0278929134959, e=0.00314296299655
get signal data Ar38 L1
Get data signal Ar38 0.026+/-0.006 len t=120
adding isotope Ar37 L2
add baseline dbdet= Ar37. original det= L2
get baseline data Ar37 L2
Get data baseline <pychron.processing.isotope.Baseline object at 0x145ef4410> len t=60
baseline Ar37. v=-0.0280121554817, e=0.00623652428731
get signal data Ar37 L2
Get data signal Ar37 0.061+/-0.010 len t=120
adding isotope Ar36 CDD
add baseline dbdet= Ar36. original det= CDD
get baseline data Ar36 CDD
Get data baseline <pychron.processing.isotope.Baseline object at 0x145ef45d0> len t=60
baseline Ar36. v=0.000377125717747, e=3.19372239649e-05
get signal data Ar36 CDD
Get data signal Ar36 0.0544+/-0.0006 len t=120
4506-06 added analysis time 0.556583881378s
analysis added to mass spec database
mass spec save time= 0.564
persistence save - dvc
================= post measurement started
create new session 4992088592
close session 4992088592
---------------- Experiment Queue saving disabled
DVC saving peakcenter
Failed to find a valid peak. No peak greater than 1.0. max = 0.695410693909
Failed to find a valid peak. No peak greater than 1.0. max = 0.0626603577033
Smart pull ahead: 0 behind: 0
Up-to-date with origin
add to repo msg=modified - ad8224ebc6dbfeb9f5997218dfa5fe690569839d.json
Get Checksum: 192129876
add to repo msg=modified - 6-06.json
add to repo msg=modified - 6-06.dat.json
add to repo msg=modified - 6-06.blan.json
add to repo msg=modified - 6-06.inte.json
add to repo msg=modified - 6-06.icfa.json
add to repo msg=modified - 6-06.base.json
not at valid file /Users/jan/PychronDev/data/.dvc/repositories/Calibration/450/tags/6-06.tags.json
add to repo msg=modified - 6-06.peak.json
add to repo msg=modified - 6-06.extr.json
not at valid file /Users/jan/PychronDev/data/.dvc/repositories/Calibration/450/monitor/6-06.moni.json
commit message=<COLLECTION>
add to repo msg=modified - 6-06.inte.json
add to repo msg=modified - 6-06.base.json
commit message=<ISOEVO> default collection fits
add to repo msg=modified - 6-06.blan.json
commit message=<BLANKS> preceding bu-FC-J-7455
Get Checksum: 192129876
add to repo msg=modified - 6-06.icfa.json
commit message=<ICFactor> default
push repository <pychron.git_archive.repo_manager.GitRepoManager object at 0x1449a0530>
pushing to remote=origin, url=https://github.com
Get Checksum: 192129876
no changes to meta repo
Get Checksum: 192129876
create new session 4992088592
add association Calibration
get identifier "4506"
setting analysis irradiation position=<pychron.dvc.dvc_orm.IrradiationPositionTbl object at 0x145081590>
close session 4992088592
================= post measurement finished
16:25:11 -- ******* Post Run Check *******
loading queue conditionals post_run_actions
loading system conditionals post_run_actions
loading conditionals from /Users/jan/PychronDev/setupfiles/spectrometer/default_conditionals.yaml
loading queue conditionals post_run_terminations
loading system conditionals post_run_terminations
loading conditionals from /Users/jan/PychronDev/setupfiles/spectrometer/default_conditionals.yaml
Checking default post run terminations n=1
GetDeflection CDD ===>> 50
testing CDD==2000
evaluate ot="CDD.deflection==2000" t="CDD==2000", ctx="{'CDD': 50.0}"
16:25:11 -- ******* Post Run Check Passed *******
16:25:11 -- Automated run 4506-06 success duration: 392.297 s
----------------- finish -----------------
----------------- stop -----------------
retroactive repository identifiers disabled
finish run. runs completed=5
update duration runid=4506-06, duration=392.296750069, md5=301e91d8
loading script "jan_unknown120_60.py"
loading script "jan_pump_ms.py"
loading script "jan_co2.py"
loading script "jan_pump_extraction_line.py"
testing...
no interpolation path defined
executed 213.652928
script duration name:unknown120_60 seconds:214.0
loading script "jan_unknown120_60.py"
loading script "jan_pump_ms.py"
loading script "jan_co2.py"
loading script "jan_pump_extraction_line.py"
testing...
no interpolation path defined
executed 0
loading script "jan_unknown120_60.py"
loading script "jan_pump_ms.py"
loading script "jan_co2.py"
loading script "jan_pump_extraction_line.py"
testing...
no interpolation path defined
calculate duration
testing...
no interpolation path defined
executed 0
calculate duration
testing...
no interpolation path defined
executed 0
executed 0.0
script duration name:co2 seconds:0.0
loading script "jan_unknown120_60.py"
loading script "jan_pump_ms.py"
loading script "jan_co2.py"
loading script "jan_pump_extraction_line.py"
testing...
no interpolation path defined
calculate duration
testing...
no interpolation path defined
executed 4.0
executed 4.0
Script duration 214.0
Run total estimated duration= 215.000
nruns=1 before=0.0, run_dur=215.0, btw=0.0
write rem/ex queues
/Users/jan/PychronDev/experiments/rem/Load1782FC2.rem.txt
/Users/jan/PychronDev/experiments/rem/Load1782FC2.ex.txt
doing event level: 3
