do run
loading script "jan_unknown120_60.py"
loading script "jan_pump_ms.py"
loading script "jan_co2.py"
loading script "jan_pump_extraction_line.py"
testing...
no interpolation path defined
executed 213.652928
script duration name:unknown120_60 seconds:214.0
loading script "jan_unknown120_60.py"
loading script "jan_pump_ms.py"
loading script "jan_co2.py"
loading script "jan_pump_extraction_line.py"
testing...
no interpolation path defined
executed 0
loading script "jan_unknown120_60.py"
loading script "jan_pump_ms.py"
loading script "jan_co2.py"
loading script "jan_pump_extraction_line.py"
testing...
no interpolation path defined
calculate duration
testing...
no interpolation path defined
executed 0
calculate duration
testing...
no interpolation path defined
executed 0
executed 0.0
script duration name:co2 seconds:0.0
loading script "jan_unknown120_60.py"
loading script "jan_pump_ms.py"
loading script "jan_co2.py"
loading script "jan_pump_extraction_line.py"
testing...
no interpolation path defined
calculate duration
testing...
no interpolation path defined
executed 4.0
executed 4.0
Script duration 214.0
Run total estimated duration= 215.000
run duration: 0:03:35
doing event level: 2
16:25:47 -- Setting default integration. t=1.048576
setting integration time = 1.048576
SetIntegrationTime 1.048576 ===>> OK
----------------- start -----------------
**************** Experiment Type: Ar/Ar, Ar/Ar
create new session 4995596944
close session 4995596944
$$$$$ Clearing conditionals
adding conditionals 
Add queue conditionals
add default conditionals
adding default conditionals from /Users/jan/PychronDev/setupfiles/spectrometer/default_conditionals.yaml
Start automated run 4506-07
loading script "jan_unknown120_60.py"
loading script "jan_pump_ms.py"
loading script "jan_co2.py"
loading script "jan_pump_extraction_line.py"
%%%%%%%%%%%%%%%%%% setting automated run 4506-07
No value "sensitivity_multiplier" in metadata
$$$$$$$$$$$$$$$ auto_save_detector_ic=False
============================= Pre Extraction Check =============================
loading queue conditionals pre_run_terminations
loading system conditionals pre_run_terminations
loading conditionals from /Users/jan/PychronDev/setupfiles/spectrometer/default_conditionals.yaml
16:25:47 -- ******* Pre Extraction Check *******
Get a measurement from the spectrometer
GetData ===>> H2,-0.0975424743292868,H1,-0.0289609961368729,AX,-0.0646408746390638,L1,-0.0388131428616115,L2,0....
Pre Extraction Termination data. keys=H2,H1,AX,L1,L2,CDD, signals=-0.09754,-0.02896,-0.06464,-0.03881,0.00085,0.00313
16:25:47 -- testing system defined conditionals
Checking default pre extraction terminations n=2
testing CDD
evaluate ot="CDD.inactive" t="CDD", ctx="{'CDD': False}"
GetDeflection CDD ===>> 50
testing CDD==2000
evaluate ot="CDD.deflection==2000" t="CDD==2000", ctx="{'CDD': 50.0}"
16:25:47 -- ******* Pre Extraction Check Passed *******
=================================================================================
16:25:47 -- stopping status monitor
stop 5135913040
Alive clients [5025122352, 4993443984]
16:25:47 -- starting status monitor
start 5135913040
Monitor already running
start extraction
do extraction
Analysis started at 16:25:47.828412
Extraction Started jan_co2.py
16:25:47 -- ******* Extraction Started jan_co2.py *******
state changed from not run to extraction
DO EXTRACTION <pychron.extraction_line.pyscript_runner.RemotePyScriptRunner object at 0x12c066470>
testing...
no interpolation path defined
calculate duration
testing...
no interpolation path defined
executed 0
calculate duration
testing...
no interpolation path defined
executed 0
executed 100.0
Jan CO2 laser analysis
doing GOSUB
testing...
no interpolation path defined
executed 0
Waiting for CO2 access
wait ('FelixCO2Flag', 0) {}
waiting for FelixCO2Flag = 0
Read FelixCO2Flag ===>> 0
finished waiting
CO2 free
wait ('CO2PumpTimeFlag', 0) {}
waiting for CO2PumpTimeFlag = 0
Read CO2PumpTimeFlag ===>> 0
finished waiting
acquire ('JanCO2Flag',) {'clear': True}
acquire JanCO2Flag
Set JanCO2Flag 1 ===>> OK
JanCO2Flag acquired
set extraction state False (0.75, 'red', 1.5)
CO2 acquired
executed 0
WaitForCO2Access.py completed successfully
gosub finished
doing GOSUB
testing...
no interpolation path defined
executed 0
Prepare for CO2 analysis
close () {'description': 'Jan Inlet'}
closing name=--- desc=Jan Inlet
checking ownership. requestor=129.138.12.150
check software interlocks R
interlocks []
actuate state mode=None-script, software_lock=False
doing actuation None-script close_channel False
Close R ===>> OK
GetValveState R ===>> False
change switch state (True, True)
update switch state R False args=() kw={} ncanvase=5
16:25:48 -- CLOSE  VALVE-R (Jan Inlet)
---------------------------------------- close None (Jan Inlet) result=[(True, True)]
action=close, ok=True, locked=[False]
open () {'description': 'Jan Ion Pump'}
opening name=--- desc=Jan Ion Pump
checking ownership. requestor=129.138.12.150
check software interlocks O
interlocks []
actuate state mode=None-script, software_lock=False
doing actuation None-script open_channel False
Open O ===>> OK
GetValveState O ===>> OK
change switch state (True, True)
update switch state O True args=() kw={} ncanvase=5
16:25:48 -- OPEN   VALVE-O (Jan Ion Pump)
---------------------------------------- open None (Jan Ion Pump) result=[(True, True)], time=0.08 sec
action=open, ok=True, locked=[False]
close () {'description': 'Microbone to Minibone'}
closing name=--- desc=Microbone to Minibone
checking ownership. requestor=129.138.12.150
check software interlocks L
interlocks []
actuate state mode=None-script, software_lock=False
doing actuation None-script close_channel False
Close L ===>> OK
GetValveState L ===>> False
change switch state (True, True)
update switch state L False args=() kw={} ncanvase=5
16:25:49 -- CLOSE  VALVE-L (Microbone to Minibone)
---------------------------------------- close None (Microbone to Minibone) result=[(True, True)]
action=close, ok=True, locked=[False]
open () {'description': 'Microbone to Turbo'}
opening name=--- desc=Microbone to Turbo
checking ownership. requestor=129.138.12.150
check software interlocks U
interlocks []
actuate state mode=None-script, software_lock=False
doing actuation None-script open_channel False
Open U ===>> OK
GetValveState U ===>> OK
change switch state (True, True)
update switch state U True args=() kw={} ncanvase=5
16:25:49 -- OPEN   VALVE-U (Microbone to Turbo)
---------------------------------------- open None (Microbone to Turbo) result=[(True, True)], time=0.13 sec
action=open, ok=True, locked=[False]
open () {'description': 'Microbone to Inlet Pipette'}
opening name=--- desc=Microbone to Inlet Pipette
checking ownership. requestor=129.138.12.150
check software interlocks S
interlocks []
actuate state mode=None-script, software_lock=False
doing actuation None-script open_channel False
Open S ===>> OK
GetValveState S ===>> OK
change switch state (True, True)
update switch state S True args=() kw={} ncanvase=5
16:25:50 -- OPEN   VALVE-S (Microbone to Inlet Pipette)
---------------------------------------- open None (Microbone to Inlet Pipette) result=[(True, True)], time=0.42 sec
Get Checksum: 192129876
action=open, ok=True, locked=[False]
open () {'description': 'Microbone to Getter D-50'}
opening name=--- desc=Microbone to Getter D-50
checking ownership. requestor=129.138.12.150
check software interlocks K
interlocks []
actuate state mode=None-script, software_lock=False
doing actuation None-script open_channel False
Open K ===>> OK
GetValveState K ===>> OK
change switch state (True, True)
update switch state K True args=() kw={} ncanvase=5
16:25:51 -- OPEN   VALVE-K (Microbone to Getter D-50)
---------------------------------------- open None (Microbone to Getter D-50) result=[(True, True)], time=0.43 sec
action=open, ok=True, locked=[False]
open () {'description': 'Microbone to Getter NP-10'}
opening name=--- desc=Microbone to Getter NP-10
checking ownership. requestor=129.138.12.150
check software interlocks M
interlocks []
actuate state mode=None-script, software_lock=False
doing actuation None-script open_channel False
Open M ===>> OK
GetValveState M ===>> OK
change switch state (True, True)
update switch state M True args=() kw={} ncanvase=5
16:25:51 -- OPEN   VALVE-M (Microbone to Getter NP-10)
---------------------------------------- open None (Microbone to Getter NP-10) result=[(True, True)], time=0.14 sec
action=open, ok=True, locked=[False]
close () {'description': 'CO2 Laser to Felix'}
closing name=--- desc=CO2 Laser to Felix
checking ownership. requestor=129.138.12.150
check software interlocks F
interlocks []
actuate state mode=None-script, software_lock=True
VALVE-F(CO2 Laser to Felix) software locked
change switch state (True, False)
---------------------------------------- close None (CO2 Laser to Felix) result=[(True, False)]
action=close, ok=True, locked=[True]
open () {'description': 'CO2 Laser to Jan'}
opening name=--- desc=CO2 Laser to Jan
checking ownership. requestor=129.138.12.150
check software interlocks A
interlocks []
actuate state mode=None-script, software_lock=False
doing actuation None-script open_channel False
Open A ===>> OK
GetValveState A ===>> OK
change switch state (True, True)
update switch state A True args=() kw={} ncanvase=5
16:25:51 -- OPEN   VALVE-A (CO2 Laser to Jan)
---------------------------------------- open None (CO2 Laser to Jan) result=[(True, True)], time=0.14 sec
action=open, ok=True, locked=[False]
open () {'description': 'Microbone to CO2 Laser'}
opening name=--- desc=Microbone to CO2 Laser
checking ownership. requestor=129.138.12.150
check software interlocks T
interlocks []
actuate state mode=None-script, software_lock=False
doing actuation None-script open_channel False
Open T ===>> OK
GetValveState T ===>> OK
change switch state (True, True)
update switch state T True args=() kw={} ncanvase=5
16:25:52 -- OPEN   VALVE-T (Microbone to CO2 Laser)
---------------------------------------- open None (Microbone to CO2 Laser) result=[(True, True)], time=0.42 sec
action=open, ok=True, locked=[False]
executed 0
PrepareForCO2Analysis.py completed successfully
gosub finished
set_motor ('beam', '1.25') {}
setting motor "beam" to 1.25
set motor beam to 1.25
SetMotor beam,1.25 ===>> OK
Get Checksum: 192129876
GetMotorMoving beam ===>> False
GetMotorMoving beam ===>> False
Block completed
move_to_position ('221',) {'autocenter': True}
FusionsCO2 move to position 221
sending GoToHole 221,True
GoToHole 221,True ===>> OK
GetDriveMoving ===>> OK
GetDriveMoving ===>> OK
GetDriveMoving ===>> OK
GetDriveMoving ===>> OK
GetDriveMoving ===>> OK
GetDriveMoving ===>> False
GetDriveMoving ===>> OK
Get Checksum: 192129876
GetDriveMoving ===>> OK
GetDriveMoving ===>> OK
GetDriveMoving ===>> OK
GetDriveMoving ===>> False
Block completed
GetAutoCorrecting ===>> False
GetAutoCorrecting ===>> False
Block completed
update position
GetPosition ===>> 3.98780,-15.95120,1.00000
got position (3.9878, -15.9512, 1.0)
move to position succeeded
sleep (5,) {}
SLEEP 5.0
block started
WaitControl setup for 5.0  
Get Checksum: 192129876
Get Checksum: 192129876
Join finished
block finished. duration 5.00978779793
close () {'description': 'Microbone to Turbo'}
closing name=--- desc=Microbone to Turbo
checking ownership. requestor=129.138.12.150
check software interlocks U
interlocks []
actuate state mode=None-script, software_lock=False
doing actuation None-script close_channel True
Close U ===>> OK
GetValveState U ===>> False
change switch state (True, True)
update switch state U False args=() kw={} ncanvase=5
16:26:03 -- CLOSE  VALVE-U (Microbone to Turbo)
---------------------------------------- close None (Microbone to Turbo) result=[(True, True)]
action=close, ok=True, locked=[False]
enable laser
enable () {}
set extraction state FusionsCO2 Enabled (False, 'red', 1.5)
enabling laser
Enable ===>> OK
begin interval
BEGIN INTERVAL Interval 1 waiting for 30.0
block started
set extract to 5.0
WaitControl setup for 30.0  
extract (5.0,) {}
GetPosition ===>> 3.98780,-15.95120,1.00000
set extraction state FusionsCO2 ON! 5.0(watts) (0.75, 'red', 1.5)
extract sample to 5.0 (watts)
set laser output
SetLaserOutput 5.0,watts ===>> OK
executing pattern triangle.lp
execute_pattern ('triangle.lp',) {}
executing pattern triangle.lp
IsPatterning ===>> OK
IsPatterning ===>> OK
Get Checksum: 38271967
IsPatterning ===>> OK
IsPatterning ===>> OK
IsPatterning ===>> OK
Get Checksum: 38271967
IsPatterning ===>> OK
IsPatterning ===>> OK
IsPatterning ===>> OK
Get Checksum: 38271967
IsPatterning ===>> OK
IsPatterning ===>> OK
IsPatterning ===>> OK
Get Checksum: 38271967
IsPatterning ===>> OK
IsPatterning ===>> OK
IsPatterning ===>> OK
Get Checksum: 38271967
IsPatterning ===>> OK
IsPatterning ===>> OK
IsPatterning ===>> OK
Get Checksum: 38271967
IsPatterning ===>> OK
IsPatterning ===>> OK
IsPatterning ===>> OK
Get Checksum: 38271967
IsPatterning ===>> OK
IsPatterning ===>> OK
IsPatterning ===>> OK
Get Checksum: 38271967
IsPatterning ===>> OK
IsPatterning ===>> OK
IsPatterning ===>> OK
Get Checksum: 38271967
IsPatterning ===>> False
IsPatterning ===>> False
Block completed
COMPLETE INTERVAL waiting for Interval 1 to complete
Join finished
block finished. duration 30.0352950096
Interval 1 finished
end_extract () {}
ending extraction. set laser power to 0
set laser power 0
SetLaserPower 0 ===>> OK
disable () {}
%%%%%%%%%%%%%%%%%%%%%%%%%%%%%%%%%%% disable
set extraction state False (0.75, 'red', 1.5)
disabling laser
Get Checksum: 38271967
Disable ===>> OK
sleep (30.0,) {}
SLEEP 30.0
block started
WaitControl setup for 30.0  
Get Checksum: 38271967
Get Checksum: 38271967
Get Checksum: 38271967
Get Checksum: 38271967
Get Checksum: 38271967
Get Checksum: 38271967
Get Checksum: 38271967
Get Checksum: 38271967
Get Checksum: 38271967
Get Checksum: 38271967
Join finished
block finished. duration 30.0329709053
executed 166.0
jan_co2.py completed successfully
GetAchievedOutput ===>> No Response
Requested Output= 0.000
Achieved Output=  0.000
GetResponseBlob ===>> No Response
GetOutputBlob ===>> No Response
persistence save...
persistence save - db
AutomatedRunPersister post_extraction_save deprecated
persistence save - dvc
no extraction position for 221
create new session 4992088592
close session 4992088592
Extraction Finished
16:27:05 -- ******* Extraction Finished *******
no overlap. not waiting for min ms pumptime
16:27:05 -- Sending spectrometer configuration
======== Sending configuration ========
SetDeflection CDD,50.0 ===>> OK
SetDeflection H2,0.0 ===>> OK
SetDeflection H1,0.0 ===>> OK
SetDeflection L2,825.0 ===>> OK
SetDeflection L1,400.0 ===>> OK
SetDeflection AX,190.0 ===>> OK
SetZFocus 74.64 ===>> OK
SetZSymmetry -50.72 ===>> OK
SetExtractionLens 26.13 ===>> OK
SetIonRepeller -3.81 ===>> OK
SetElectronEnergy 75.08 ===>> OK
SetYSymmetry -2.81 ===>> OK
SetIonCounterVoltage 1590.0 ===>> OK
send trap current 200.0
GetParameter Trap Current Readback ===>> 197.923274125618
SetParameter Trap Current Set,200.0 ===>> OK
updating mftable name mftable
Using mftable located at /Users/jan/PychronDev/setupfiles/spectrometer/mftables/mftable.csv
============ MFtable ===========
Isotope  H2     H1     AX     L1     L2     CDD    
Ar40     5.7737 5.8789 5.9922 6.1136 6.2304 6.3419
Ar39     5.6730 5.7712 5.8846 5.9997 6.1155 6.2284
Ar36     5.3505 5.4402 5.5480 5.6586 5.7705 5.8795
================================
get initial guess parabolic
get initial guess parabolic
get initial guess parabolic
get initial guess parabolic
get initial guess parabolic
get initial guess parabolic
======== Configuration Finished ========
GetYSymmetry ===>> -2.81
GetZSymmetry ===>> -50.72
GetParameter Trap Current Readback ===>> 198.147042666178
GetHighVoltage ===>> 4499.94659342336
start measurement
do measurement
L#=4506 analysis type=unknown
Measurement Started jan_unknown120_60.py
16:27:05 -- ******* Measurement Started jan_unknown120_60.py *******
state changed from extraction to measurement
setting spec, defl, and gains
GetExtractionLens ===>> 26.13
GetYSymmetry ===>> -2.81
GetZSymmetry ===>> -50.72
GetZFocus ===>> 74.64
GetDeflection H2 ===>> 0
GetDeflection H1 ===>> 0
GetDeflection AX ===>> 190
GetDeflection L1 ===>> 400
GetDeflection L2 ===>> 825
GetDeflection CDD ===>> 50
GetGain H2 ===>> 0.0113
GetGain H1 ===>> 0.1
GetGain AX ===>> 0.097049
GetGain L1 ===>> 0.010355
GetGain L2 ===>> 0.095649
GetGain CDD ===>> 0
pre measurement save
New frame /Users/jan/PychronDev/data/isotopes/85/d33d7a-cd4a-4740-9aa3-a7b818ef1e1d.h5
flush and close file /Users/jan/PychronDev/data/isotopes/85/d33d7a-cd4a-4740-9aa3-a7b818ef1e1d.h5
testing...
no interpolation path defined
executed 226.132928
unknown measurement script
activate_detectors ('H2', 'H1', 'AX', 'L1', 'L2', 'CDD') {}
activate detectors
*************** Set Analysis View Ar/Ar
create graphs
clearing graphs
clear isotope group
setting isotope det=H2, iso=PM41
setting isotope det=H1, iso=Ar40
setting isotope det=AX, iso=Ar39
setting isotope det=L1, iso=Ar38
setting isotope det=L2, iso=Ar37
setting isotope det=CDD, iso=Ar36
setting previous blanks
 - setting Ar40 blank 2.216+/-0.015
 - setting Ar36 blank 0.01144+/-0.00035
 - setting Ar37 blank 0.026+/-0.010
 - setting Ar38 blank 0.006+/-0.005
 - setting PM41 blank 0.09+/-0.08
 - setting Ar39 blank 0.049+/-0.013
load analysis view
position_magnet ('Ar40',) {'detector': 'H1'}
detector Detector(H1)
POSITION Ar40 H1
setting detector H2 to PM41 (40.9624)
setting detector H1 to Ar40 (39.9624)
setting detector AX to Ar39 (38.9624)
setting detector L1 to Ar38 (37.9624)
setting detector L2 to Ar37 (36.9624)
setting detector CDD to Ar36 (35.9624)
Mapping mass to dac mass func: "parabolic"
H1 map mass coeffs = [-0.00063987  0.15840543  0.57055999]
H1 map mass to dac 39.9624 >> 5.87895
GetDeflection H1 ===>> 0
GetHighVoltage ===>> 4499.94659342336
positioning Ar40 (5.87891537941) on H1
setting magnet DAC
current  : 5.878915
requested: 5.878915
Delta Dac: 0.000000
Checking detector protection. dv=0.00000
Checking detector "CDD". Protection Threshold: 0.1 (V)
SetMagnetDAC 5.87891537941 ===>> OK
equilibrate () {'delay': 3, 'inlet': 'R', 'outlet': 'O', 'eqtime': 12.0}
Equilibration Started
16:27:06 -- ******* Equilibration Started *******
checking ownership. requestor=129.138.12.150
check software interlocks O
interlocks []
actuate state mode=None-script, software_lock=False
doing actuation None-script close_channel True
Close O ===>> OK
GetValveState O ===>> False
change switch state (True, True)
update switch state O False args=() kw={} ncanvase=5
16:27:06 -- CLOSE  VALVE-O (Jan Ion Pump)
waiting 3s before opening inlet value ('R',)
Get Checksum: 1838806504
checking ownership. requestor=129.138.12.150
check software interlocks R
interlocks []
actuate state mode=None-script, software_lock=False
doing actuation None-script open_channel True
Open R ===>> OK
GetValveState R ===>> OK
change switch state (True, True)
update switch state R True args=() kw={} ncanvase=5
16:27:10 -- OPEN   VALVE-R (Jan Inlet)
equilibrating for 12.0sec
set_time_zero () {}
sniff (12.0,) {}
py_sniff
build tables- sniff [Detector(H2), Detector(H1), Detector(AX), Detector(L1), Detector(L2), Detector(CDD)]
add group /sniff/PM41 (Group) '' table H2
add group /sniff/Ar40 (Group) '' table H1
add group /sniff/Ar39 (Group) '' table AX
add group /sniff/Ar38 (Group) '' table L1
add group /sniff/Ar37 (Group) '' table L2
add group /sniff/Ar36 (Group) '' table CDD
flush and close file /Users/jan/PychronDev/data/isotopes/85/d33d7a-cd4a-4740-9aa3-a7b818ef1e1d.h5
measuring sniff. ncounts=12.0
starting measurement
GetData ===>> H2,-0.0384224833721055,H1,0.0473531590927447,AX,-0.074135142222123,L1,-0.0389700649112886,L2,0.02...
Get Checksum: 1775861429
GetData ===>> H2,1.09901315097474,H1,409.095220518803,AX,1.46087011098606,L1,0.0556647742995491,L2,0.4444181892...
GetData ===>> H2,2.63847619920301,H1,1220.51032416928,AX,2.21854103821213,L1,0.369481367579879,L2,0.39343709919...
GetData ===>> H2,2.51384064158109,H1,1503.72472234517,AX,1.99607678992411,L1,0.460572787140117,L2,0.45114363034...
Get Checksum: 1775861429
GetData ===>> H2,2.35563002691634,H1,1595.33487297572,AX,1.8118410139408,L1,0.49046236175512,L2,0.3413975637975...
GetData ===>> H2,2.11768452684013,H1,1630.24855180385,AX,1.79400202155593,L1,0.49575787282637,L2,0.425506242654...
GetData ===>> H2,2.1046583231405,H1,1643.73739185994,AX,1.8333012590488,L1,0.515355282558468,L2,0.3320934933744...
Get Checksum: 1775861429
GetData ===>> H2,2.19463609350198,H1,1650.33294247349,AX,1.76340001055517,L1,0.498623770622786,L2,0.32191142350...
GetData ===>> H2,2.34774463063393,H1,1652.85965054277,AX,1.80775555189398,L1,0.481539792508781,L2,0.38316855858...
GetData ===>> H2,2.26601987710352,H1,1653.92432274561,AX,1.69756783565137,L1,0.512733612550817,L2,0.36723679409...
Get Checksum: 1775861429
GetData ===>> H2,2.27585353077045,H1,1654.11958819972,AX,1.74462223491496,L1,0.473913186974029,L2,0.31144510960...
Equilibration Finished
16:27:22 -- ******* Equilibration Finished *******
checking ownership. requestor=129.138.12.150
check software interlocks R
interlocks []
actuate state mode=None-script, software_lock=False
doing actuation None-script close_channel True
GetData ===>> H2,2.26736805365686,H1,1654.14464219581,AX,1.75956226671068,L1,0.468957778628713,L2,0.43520792975...
Close R ===>> OK
GetValveState R ===>> False
change switch state (True, True)
update switch state R False args=() kw={} ncanvase=5
16:27:22 -- CLOSE  VALVE-R (Jan Inlet)
Post Equilibration Started jan_pump_extraction_line.py
16:27:22 -- ******* Post Equilibration Started jan_pump_extraction_line.py *******
testing...
no interpolation path defined
calculate duration
testing...
no interpolation path defined
executed 4.0
executed 4.0
Pump after analysis
doing GOSUB
testing...
no interpolation path defined
executed 4.0
Pump Microbone
close () {'description': 'Jan Inlet'}
closing name=--- desc=Jan Inlet
checking ownership. requestor=129.138.12.150
check software interlocks R
interlocks []
actuate state mode=None-script, software_lock=False
doing actuation None-script close_channel False
Close R ===>> OK
measurement finished
estimated time: 12.583 actual time: :12.657
flush and close file /Users/jan/PychronDev/data/isotopes/85/d33d7a-cd4a-4740-9aa3-a7b818ef1e1d.h5
set_fits () {}
using default fits file=/Users/jan/PychronDev/scripts/measurement/fits/nominal_linear.yaml
Get Checksum: 1838806504
set "Ar40" to "('Linear', 'SEM')"
No fit for "PM41". defaulting to linear. check the measurement script "jan_unknown120_60.py"
set "PM41" to "linear"
set "Ar36" to "('Linear', 'SEM')"
set "Ar37" to "('linear', 'SEM')"
set "Ar38" to "('linear', 'SEM')"
set "Ar39" to "('Linear', 'SEM')"
set_baseline_fits () {}
using default fits file=/Users/jan/PychronDev/scripts/measurement/fits/nominal_linear.yaml
set "H1" to "('average', 'SEM')"
set "H2" to "('average', 'SEM')"
set "CDD" to "('average', 'SEM')"
set "L2" to "('average', 'SEM')"
set "L1" to "('average', 'SEM')"
set "AX" to "('average', 'SEM')"
multicollect () {'integration_time': 1, 'ncounts': 120}
build tables- signal [Detector(H2), Detector(H1), Detector(AX), Detector(L1), Detector(L2), Detector(CDD)]
add group /signal/PM41 (Group) '' table H2
add group /signal/Ar40 (Group) '' table H1
add group /signal/Ar39 (Group) '' table AX
add group /signal/Ar38 (Group) '' table L1
GetValveState R ===>> False
add group /signal/Ar37 (Group) '' table L2
change switch state (True, True)
add group /signal/Ar36 (Group) '' table CDD
update switch state R False args=() kw={} ncanvase=5
flush and close file /Users/jan/PychronDev/data/isotopes/85/d33d7a-cd4a-4740-9aa3-a7b818ef1e1d.h5
measuring signal. ncounts=120
16:27:23 -- CLOSE  VALVE-R (Jan Inlet)
---------------------------------------- close None (Jan Inlet) result=[(True, True)]
action=close, ok=True, locked=[False]
is_closed ('F',) {}
is F () closed?
is closed True
open () {'description': 'CO2 Laser to Jan'}
opening name=--- desc=CO2 Laser to Jan
checking ownership. requestor=129.138.12.150
check software interlocks A
interlocks []
actuate state mode=None-script, software_lock=False
doing actuation None-script open_channel False
Open A ===>> OK
GetValveState A ===>> OK
change switch state (True, True)
update switch state A True args=() kw={} ncanvase=5
16:27:23 -- OPEN   VALVE-A (CO2 Laser to Jan)
---------------------------------------- open None (CO2 Laser to Jan) result=[(True, True)], time=0.19 sec
starting measurement
GetData ===>> H2,1.96432244806888,H1,1654.08167863322,AX,1.35641192797619,L1,0.445954610850974,L2,0.24222998370...
action=open, ok=True, locked=[False]
sleep (1,) {}
SLEEP 1.0
GetData ===>> H2,1.02033164703555,H1,1653.64209728284,AX,0.585972039088887,L1,0.306536173849855,L2,0.0893140799...
close () {'description': 'CO2 Laser to Roughing'}
closing name=--- desc=CO2 Laser to Roughing
checking ownership. requestor=129.138.12.150
check software interlocks G
interlocks []
actuate state mode=None-script, software_lock=True
VALVE-G(CO2 Laser to Roughing) software locked
change switch state (True, False)
---------------------------------------- close None (CO2 Laser to Roughing) result=[(True, False)]
action=close, ok=True, locked=[True]
open () {'description': 'Microbone to Turbo'}
opening name=--- desc=Microbone to Turbo
checking ownership. requestor=129.138.12.150
check software interlocks U
interlocks []
actuate state mode=None-script, software_lock=False
doing actuation None-script open_channel True
Open U ===>> OK
GetValveState U ===>> OK
change switch state (True, True)
update switch state U True args=() kw={} ncanvase=5
16:27:25 -- OPEN   VALVE-U (Microbone to Turbo)
---------------------------------------- open None (Microbone to Turbo) result=[(True, True)], time=0.19 sec
action=open, ok=True, locked=[False]
open () {'description': 'Microbone to Getter NP-10'}
opening name=--- desc=Microbone to Getter NP-10
checking ownership. requestor=129.138.12.150
check software interlocks M
interlocks []
actuate state mode=None-script, software_lock=False
doing actuation None-script open_channel False
Open M ===>> OK
GetValveState M ===>> OK
change switch state (True, True)
update switch state M True args=() kw={} ncanvase=5
16:27:25 -- OPEN   VALVE-M (Microbone to Getter NP-10)
---------------------------------------- open None (Microbone to Getter NP-10) result=[(True, True)], time=0.14 sec
action=open, ok=True, locked=[False]
open () {'description': 'Microbone to Getter D-50'}
opening name=--- desc=Microbone to Getter D-50
checking ownership. requestor=129.138.12.150
check software interlocks K
interlocks []
actuate state mode=None-script, software_lock=False
doing actuation None-script open_channel False
GetData ===>> H2,0.408726318160226,H1,1652.64540625102,AX,0.273844138178225,L1,0.193962256939104,L2,0.068706850...
Open K ===>> OK
GetValveState K ===>> OK
change switch state (True, True)
update switch state K True args=() kw={} ncanvase=5
16:27:26 -- OPEN   VALVE-K (Microbone to Getter D-50)
---------------------------------------- open None (Microbone to Getter D-50) result=[(True, True)], time=0.43 sec
Get Checksum: 1695186306
action=open, ok=True, locked=[False]
open () {'description': 'Microbone to CO2 Laser'}
opening name=--- desc=Microbone to CO2 Laser
checking ownership. requestor=129.138.12.150
check software interlocks T
interlocks []
actuate state mode=None-script, software_lock=False
doing actuation None-script open_channel False
Open T ===>> OK
GetValveState T ===>> OK
change switch state (True, True)
update switch state T True args=() kw={} ncanvase=5
16:27:26 -- OPEN   VALVE-T (Microbone to CO2 Laser)
---------------------------------------- open None (Microbone to CO2 Laser) result=[(True, True)], time=0.43 sec
GetData ===>> H2,0.0177928362834499,H1,1651.41961881393,AX,0.154674356089609,L1,0.146362874948903,L2,0.01787317...
action=open, ok=True, locked=[False]
open () {'description': 'Microbone to Inlet Pipette'}
opening name=--- desc=Microbone to Inlet Pipette
checking ownership. requestor=129.138.12.150
check software interlocks S
interlocks []
actuate state mode=None-script, software_lock=False
doing actuation None-script open_channel False
Open S ===>> OK
GetValveState S ===>> OK
change switch state (True, True)
update switch state S True args=() kw={} ncanvase=5
16:27:27 -- OPEN   VALVE-S (Microbone to Inlet Pipette)
---------------------------------------- open None (Microbone to Inlet Pipette) result=[(True, True)], time=0.43 sec
action=open, ok=True, locked=[False]
sleep (1,) {}
SLEEP 1.0
GetData ===>> H2,0.00826529046436162,H1,1650.94712987622,AX,0.134141637325082,L1,0.0603176656703976,L2,0.020050...
set_resource () {'name': 'CO2PumpTimeFlag', 'value': 30}
Set CO2PumpTimeFlag 30 ===>> OK
release ('JanCO2Flag',) {}
release JanCO2Flag
Set JanCO2Flag 0 ===>> OK
executed 6.0
PumpMicrobone.py completed successfully
gosub finished
get_resource_value () {'name': 'JanMiniboneFlag'}
Read JanMiniboneFlag ===>> 0
Get Resource Value JanMiniboneFlag=0.0
get resource value 0.0
get_resource_value () {'name': 'JanMiniboneFlag'}
Read JanMiniboneFlag ===>> 0
Get Resource Value JanMiniboneFlag=0.0
executed 4.0
jan_pump_extraction_line.py completed successfully
Post Equilibration Finished
16:27:28 -- ******* Post Equilibration Finished *******
GetData ===>> H2,0.0786228652468745,H1,1649.70480114096,AX,0.122652631837396,L1,0.0322533947734496,L2,0.1257129...
Get Checksum: 1695186306
GetData ===>> H2,0.139678885537899,H1,1648.90352094963,AX,0.163450540774447,L1,0.0603044236727117,L2,-0.0828021...
GetData ===>> H2,-0.0916450803483561,H1,1648.37728320102,AX,0.0282640085700524,L1,0.0452546874344029,L2,-0.0407...
GetData ===>> H2,-0.143295909765957,H1,1647.56148990551,AX,0.14499360914586,L1,0.0267237120145395,L2,-0.0276466...
Get Checksum: 1695186306
GetData ===>> H2,-0.00766908157348089,H1,1646.92314384746,AX,0.13299267579326,L1,0.0267993748054168,L2,-0.00524...
GetData ===>> H2,0.0459285473793627,H1,1646.9056399361,AX,0.0869641240846196,L1,0.00763376332714529,L2,-0.03403...
GetData ===>> H2,-0.0645460299696765,H1,1645.9568903175,AX,0.156264690692138,L1,0.0102690743951114,L2,-0.007647...
Get Checksum: 1695186306
GetData ===>> H2,-0.086593278501837,H1,1645.18411699718,AX,0.0472270347615665,L1,0.0283788150529071,L2,0.000444...
GetData ===>> H2,0.0371743147083278,H1,1643.96526917441,AX,0.0831941580176489,L1,0.0110264338171193,L2,0.025534...
GetData ===>> H2,-0.0305540983745262,H1,1643.23608188771,AX,0.0646712451171939,L1,0.00982980801112634,L2,-0.008...
Get Checksum: 1695186306
GetData ===>> H2,0.0332415195919746,H1,1642.89045207412,AX,0.164715955368429,L1,0.0242203375857442,L2,-0.043016...
GetData ===>> H2,0.00287291135669936,H1,1642.54427190968,AX,0.123035576854681,L1,0.0150626431527663,L2,0.088333...
Get Checksum: 1695186306
GetData ===>> H2,-0.00666013893935886,H1,1641.98177145498,AX,0.0926831512317052,L1,-0.018559696155095,L2,0.0939...
GetData ===>> H2,-0.158567350578989,H1,1641.11672551412,AX,0.0962910672895689,L1,-0.0587436643689556,L2,0.03457...
GetData ===>> H2,-0.172369899462556,H1,1640.44875668954,AX,0.160060703771638,L1,-0.030766571137525,L2,-0.015226...
Get Checksum: 1695186306
GetData ===>> H2,-0.050550119090899,H1,1639.97233973071,AX,0.0477145051786546,L1,-0.0408756936450479,L2,0.01742...
GetData ===>> H2,-0.0498253734763087,H1,1638.94041689511,AX,0.196739897795017,L1,-0.0241460661475884,L2,0.02178...
GetData ===>> H2,-0.0674389934036133,H1,1638.09691461089,AX,0.160571493580615,L1,-0.000154816370529864,L2,0.109...
GetData ===>> H2,0.0409803470645975,H1,1636.669478334,AX,0.228449092632652,L1,-0.0429066888662233,L2,0.00402345...
16:27:49 -- collecting point 25
GetData ===>> H2,-0.0203629815516029,H1,1636.72619078315,AX,0.0347857587673713,L1,0.0382333800262191,L2,0.01448...
Get Checksum: 1695186306
GetData ===>> H2,-0.077480278737423,H1,1635.97191438493,AX,0.206855520094971,L1,0.035010358605411,L2,0.02970686...
GetData ===>> H2,-0.181786149049587,H1,1635.52173843802,AX,0.182932781238161,L1,0.0373617042116111,L2,0.1050210...
GetData ===>> H2,-0.152157939219312,H1,1635.47217636518,AX,0.0451611157982183,L1,-0.0457177902556837,L2,-0.0458...
Get Checksum: 1695186306
GetData ===>> H2,-0.102888659685002,H1,1634.47657215268,AX,0.18148134773496,L1,-0.0229870894984839,L2,-0.045329...
GetData ===>> H2,-0.131167443804084,H1,1633.19272477754,AX,0.205496644101199,L1,0.00789774338545302,L2,-0.02159...
GetData ===>> H2,-0.0597560729796981,H1,1632.67103285966,AX,0.143055253837002,L1,-0.00402932807289174,L2,-0.009...
Get Checksum: 1695186306
GetData ===>> H2,-0.0976413250900935,H1,1631.72122738722,AX,0.114959237282049,L1,-0.0364470363908329,L2,-0.0705...
GetData ===>> H2,-0.089019119034967,H1,1631.04743540193,AX,0.0799347049990112,L1,-0.0193319028599119,L2,0.03291...
GetData ===>> H2,-0.0580879952225707,H1,1630.8739626172,AX,0.155103859956087,L1,0.0238501684117537,L2,0.0493987...
Get Checksum: 1695186306
GetData ===>> H2,-0.0814829323916767,H1,1630.68226354263,AX,0.143298996995221,L1,0.0131823992330706,L2,0.029684...
GetData ===>> H2,-0.0955436087244991,H1,1629.25803891019,AX,0.22591662398047,L1,0.00350748146191687,L2,0.043035...
GetData ===>> H2,-0.117756114028836,H1,1628.41785512881,AX,0.250902781689889,L1,-0.0420720665730195,L2,0.067155...
Get Checksum: 1695186306
GetData ===>> H2,-0.154919860253391,H1,1627.60663859018,AX,0.138389430961261,L1,-0.0215390799519137,L2,0.103869...
GetData ===>> H2,-0.193503471176945,H1,1627.18378033582,AX,0.232073657676093,L1,0.0273530515527082,L2,0.0582026...
GetData ===>> H2,-0.0401447921893621,H1,1626.94622182268,AX,0.118219862737521,L1,-0.0201615992866808,L2,0.07795...
Get Checksum: 1695186306
GetData ===>> H2,0.0120952222063168,H1,1626.56248523522,AX,0.237855552654003,L1,-0.0166649006384282,L2,0.113456...
GetData ===>> H2,-0.100502208076436,H1,1625.73896829037,AX,0.241697571223975,L1,-0.0273825831748193,L2,-0.07964...
Get Checksum: 1695186306
GetData ===>> H2,-0.0829364927354017,H1,1624.46494704345,AX,0.228658198490138,L1,0.00205128550239794,L2,-0.0251...
GetData ===>> H2,-0.124152652706701,H1,1624.41524836084,AX,0.177440670749454,L1,-0.00871898396569977,L2,-0.0303...
GetData ===>> H2,-0.13858720833582,H1,1624.28118164051,AX,0.165191941258765,L1,-0.0201232333307869,L2,-0.033343...
Get Checksum: 1695186306
GetData ===>> H2,-0.13243213525091,H1,1622.8748224265,AX,0.367151255039524,L1,-0.0154990643225195,L2,-0.0078982...
GetData ===>> H2,-0.0593736572357862,H1,1622.63668229943,AX,0.376903004887245,L1,-0.00394055137021446,L2,0.0876...
GetData ===>> H2,-0.0995545272831052,H1,1621.85854540845,AX,0.281031837855421,L1,0.0127418053238743,L2,0.064361...
Get Checksum: 1695186306
GetData ===>> H2,-0.118442064734875,H1,1621.12275854152,AX,0.238331444016804,L1,0.0101802594285838,L2,-0.147204...
16:28:15 -- collecting point 50
GetData ===>> H2,-0.0976995518481621,H1,1620.01893191469,AX,0.211605927822073,L1,0.000703321431413615,L2,0.1005...
GetData ===>> H2,-0.172564162518336,H1,1619.83179286387,AX,0.257752115232826,L1,-0.00335628516383879,L2,0.09642...
Get Checksum: 1695186306
GetData ===>> H2,-0.224067577870245,H1,1618.74677817657,AX,0.236799314273166,L1,0.0058364829998112,L2,0.0550322...
GetData ===>> H2,-0.148480787840292,H1,1617.94194018422,AX,0.258866628594709,L1,-0.0186388380774674,L2,-0.01057...
GetData ===>> H2,-0.178054935993482,H1,1616.98562827499,AX,0.33876166452282,L1,-0.0422097780393165,L2,0.1079050...
Get Checksum: 1695186306
GetData ===>> H2,-0.107312353667544,H1,1617.33782151619,AX,0.276433506874912,L1,-0.0228672290716311,L2,0.065684...
GetData ===>> H2,-0.229283686313694,H1,1616.59314244505,AX,0.357377237570068,L1,0.00620839053355697,L2,-0.04064...
GetData ===>> H2,-0.132296880865043,H1,1615.7032913724,AX,0.296465701010169,L1,0.0043899450221082,L2,-0.0251854...
Get Checksum: 1695186306
GetData ===>> H2,-0.0544824848848233,H1,1614.80342512518,AX,0.333928239221751,L1,-0.00210965727047004,L2,0.0288...
GetData ===>> H2,-0.0144696375067696,H1,1613.94988514648,AX,0.297615499672261,L1,-0.00629286953699272,L2,0.0955...
GetData ===>> H2,-0.0610171402432538,H1,1613.18656389602,AX,0.276387060193822,L1,-0.0188822555426654,L2,-0.0715...
Get Checksum: 1695186306
GetData ===>> H2,-0.0242581949809095,H1,1612.74115242081,AX,0.255859793608906,L1,-0.032762889340118,L2,-0.00623...
GetData ===>> H2,-0.0263658212879807,H1,1612.00086354651,AX,0.25503554230225,L1,-0.0262359615494339,L2,0.022592...
GetData ===>> H2,-0.0733582686499598,H1,1611.55580182002,AX,0.340155966346377,L1,0.0169516449640157,L2,0.006189...
Get Checksum: 1695186306
GetData ===>> H2,-0.0442493248654931,H1,1610.87857610718,AX,0.307104759927149,L1,-0.0144623344230359,L2,0.00503...
GetData ===>> H2,0.0115944689664685,H1,1609.88052841535,AX,0.273054568583365,L1,0.0303081096201508,L2,0.0418384...
Get Checksum: 1695186306
GetData ===>> H2,0.0573716104136366,H1,1609.10066802719,AX,0.220549866642275,L1,0.0343985696702358,L2,0.0460689...
GetData ===>> H2,-0.105635910048585,H1,1608.69752902576,AX,0.183095343136954,L1,-0.00101408109097681,L2,0.04313...
GetData ===>> H2,-0.259705441746864,H1,1607.73115594992,AX,0.3285838651754,L1,-0.00444800764637546,L2,0.0408920...
Get Checksum: 1695186306
GetData ===>> H2,-0.173202239249526,H1,1607.0414458766,AX,0.283749135395835,L1,0.0216606793787254,L2,-0.0014702...
GetData ===>> H2,-0.182012816047158,H1,1606.3357467045,AX,0.37059157036294,L1,0.020655019699973,L2,0.1198868455...
GetData ===>> H2,-0.137654426459721,H1,1605.8145969809,AX,0.410047645299723,L1,-0.00305394108425364,L2,-0.02247...
Get Checksum: 1695186306
GetData ===>> H2,-0.0825165642836573,H1,1605.33467085604,AX,0.242069013072548,L1,0.00664989859251373,L2,0.01952...
GetData ===>> H2,-0.027819598151416,H1,1604.56652513785,AX,0.254965887581694,L1,-0.037820044986631,L2,-0.008297...
GetData ===>> H2,-0.196716629733954,H1,1604.17519503811,AX,0.386981225021124,L1,-0.0606928814050729,L2,0.036251...
Get Checksum: 1695186306
16:28:41 -- collecting point 75
GetData ===>> H2,-0.112670398124987,H1,1603.67045170965,AX,0.316002506344016,L1,-0.0226874357533337,L2,-0.01741...
GetData ===>> H2,-0.142745941285088,H1,1602.45369094213,AX,0.335206285111585,L1,0.0351822431162799,L2,0.0191157...
GetData ===>> H2,-0.105757693947333,H1,1602.08955140512,AX,0.380587769674993,L1,0.0271476711645901,L2,-0.083872...
Get Checksum: 1695186306
GetData ===>> H2,-0.0934712427445047,H1,1601.56668544699,AX,0.282378864775585,L1,0.0096929912456718,L2,-0.00253...
GetData ===>> H2,-0.143387793791705,H1,1600.92248321848,AX,0.318999580254198,L1,-0.0242083858239756,L2,0.015798...
GetData ===>> H2,-0.163837926393869,H1,1600.33917480294,AX,0.422462077358103,L1,0.00561454472335686,L2,-0.01474...
Get Checksum: 1695186306
GetData ===>> H2,-0.148771168169281,H1,1599.05896668843,AX,0.343339696912659,L1,-0.0264240787638075,L2,0.128266...
GetData ===>> H2,-0.0868844164512107,H1,1598.43181161949,AX,0.337286050141598,L1,-0.0218627425579528,L2,0.11119...
GetData ===>> H2,-0.107086406766025,H1,1598.00970562136,AX,0.458136017867812,L1,-0.0143400931005933,L2,-0.00209...
Get Checksum: 1695186306
GetData ===>> H2,-0.156697820684345,H1,1597.22117790666,AX,0.355145970212613,L1,-0.0162391221684772,L2,-0.08921...
GetData ===>> H2,-0.0549139040455028,H1,1596.37345809458,AX,0.420338609410238,L1,0.00761936461381307,L2,0.03849...
Get Checksum: 1695186306
GetData ===>> H2,-0.108412258522015,H1,1595.87612581974,AX,0.352112923016639,L1,0.00108380592503822,L2,0.066357...
GetData ===>> H2,0.0148102857538536,H1,1595.86724070838,AX,0.349103210814008,L1,0.0220379778254942,L2,0.0432410...
GetData ===>> H2,-0.11776152603092,H1,1595.56916232284,AX,0.501450322772296,L1,0.00131666472492042,L2,0.0549752...
Get Checksum: -1097334291
State checksums do not match. Local:1695186306 Remote:-1097334291
State checksum failed
GetData ===>> H2,-0.149588245005068,H1,1594.12011999802,AX,0.496869210709838,L1,0.021627035616967,L2,0.00424001...
set states for children of V. state=True
handle state [('V', True)]
update switch state V True args=() kw={'refresh': False} ncanvase=5
refresh_canvas_needed fired
GetData ===>> H2,-0.11434197967224,H1,1594.00489414111,AX,0.304723646989105,L1,0.0623571405355626,L2,-0.0099724...
GetData ===>> H2,-0.0785752542311058,H1,1593.0402310356,AX,0.437752631697893,L1,0.0282719097708498,L2,-0.056173...
Get Checksum: -1097334291
GetData ===>> H2,-0.0427338729488315,H1,1592.07376376179,AX,0.403838707351227,L1,-0.0257662522516583,L2,0.10316...
GetData ===>> H2,-0.0470901969525334,H1,1591.38710725743,AX,0.508147970062853,L1,-0.0132110883479812,L2,0.04466...
GetData ===>> H2,-0.0774965415208732,H1,1591.04795049847,AX,0.497683098158918,L1,0.0612554840208621,L2,0.082225...
Get Checksum: -1097334291
GetData ===>> H2,-0.0604069638515943,H1,1589.86660600685,AX,0.477465818616946,L1,0.0472670764543107,L2,0.062468...
GetData ===>> H2,-0.0797094184395564,H1,1589.17465818643,AX,0.417826816321757,L1,0.0149833920746616,L2,0.065228...
GetData ===>> H2,-0.210655219336022,H1,1588.52220803443,AX,0.460634844532563,L1,8.88153202460163E-05,L2,-0.0247...
Get Checksum: -1097334291
GetData ===>> H2,-0.100787850641989,H1,1588.4439561684,AX,0.487870393360238,L1,-0.0493837308843228,L2,-0.021356...
GetData ===>> H2,0.0149096461868655,H1,1587.93614582513,AX,0.502427034374145,L1,-0.0327664816370641,L2,0.036958...
16:29:07 -- collecting point 100
GetData ===>> H2,-0.087021181007281,H1,1586.9732056579,AX,0.439855851357014,L1,-0.0536380393293483,L2,0.0340508...
Get Checksum: -1097334291
GetData ===>> H2,-0.159843694928971,H1,1586.6007911667,AX,0.418466387128107,L1,-0.0230026712490669,L2,0.0125838...
GetData ===>> H2,-0.110014310735306,H1,1585.72054641845,AX,0.386957975333334,L1,-0.0160748028421025,L2,-0.02842...
GetData ===>> H2,-0.0391716993440053,H1,1585.48022916516,AX,0.40795470071049,L1,0.0451621319996847,L2,-0.061880...
Get Checksum: -1097334291
GetData ===>> H2,-0.0366333952410985,H1,1584.70012919738,AX,0.431617531738223,L1,0.00951657236952338,L2,0.14538...
GetData ===>> H2,-0.0438070562408826,H1,1583.24945176714,AX,0.519148922957708,L1,-0.00648477333748781,L2,-0.041...
GetData ===>> H2,-0.13317600555549,H1,1582.10553952291,AX,0.340492925611746,L1,0.0409330470113402,L2,-0.0332297...
Get Checksum: -1097334291
GetData ===>> H2,-0.0361161633999563,H1,1581.90026519207,AX,0.45770599368677,L1,0.0454926910211629,L2,-0.061219...
GetData ===>> H2,-0.027580484976999,H1,1582.00446714585,AX,0.553206244073583,L1,-0.012537460427455,L2,0.0479732...
Get Checksum: -1097334291
GetData ===>> H2,-0.0657496422005277,H1,1581.29316867411,AX,0.4789886535486,L1,-6.12048910603521E-05,L2,0.05711...
GetData ===>> H2,-0.234426075593825,H1,1580.39571926794,AX,0.494822895111433,L1,0.0272689772039265,L2,-0.049908...
GetData ===>> H2,-0.136417358277255,H1,1579.92752406909,AX,0.481464764135769,L1,-0.0231956432365703,L2,-0.02809...
Get Checksum: -1097334291
GetData ===>> H2,-0.17910627738931,H1,1579.16426685028,AX,0.454649389933508,L1,-0.0236786562665256,L2,0.0618864...
GetData ===>> H2,-0.144276868412871,H1,1578.19151315865,AX,0.568284590614062,L1,-0.0240190286883762,L2,-0.00483...
GetData ===>> H2,0.00919170322639122,H1,1577.75155072488,AX,0.573776665795169,L1,-0.00565956103963234,L2,-0.034...
Get Checksum: -1097334291
GetData ===>> H2,0.0283951589315505,H1,1576.95496190968,AX,0.403978229705915,L1,-0.0112883726228638,L2,-0.04364...
GetData ===>> H2,-0.05693240293063,H1,1575.99700757865,AX,0.491160562383064,L1,-0.0354896532833072,L2,0.0662318...
GetData ===>> H2,-0.116381381952899,H1,1576.41328919614,AX,0.506624680036602,L1,-0.0586180112459507,L2,-0.01446...
Get Checksum: -1097334291
GetData ===>> H2,-0.0299224911627622,H1,1575.62096078093,AX,0.540689262725768,L1,-0.01691676111136,L2,0.0338797...
GetData ===>> H2,-0.0954203609240989,H1,1574.50687476003,AX,0.477779683414238,L1,0.0197419628043871,L2,-0.04719...
GetData ===>> H2,-0.130482069192416,H1,1574.23460786389,AX,0.572741060185706,L1,0.0615119244805041,L2,0.1487700...
measurement finished
estimated time: 125.829 actual time: :126.113
flush and close file /Users/jan/PychronDev/data/isotopes/85/d33d7a-cd4a-4740-9aa3-a7b818ef1e1d.h5
baselines () {'settling_time': 15.0, 'detector': 'H1', 'mass': 34.2, 'ncounts': 60}
%%%%%%%%%%%%%%%%%%%%%%%%%%%%%%%% Baseline
build tables- baseline [Detector(H2), Detector(H1), Detector(AX), Detector(L1), Detector(L2), Detector(CDD)]
add group baseline table H2
add group baseline table H1
add group baseline table AX
add group baseline table L1
add group baseline table L2
add group baseline table CDD
flush and close file /Users/jan/PychronDev/data/isotopes/85/d33d7a-cd4a-4740-9aa3-a7b818ef1e1d.h5
detector Detector(H1)
POSITION 34.2 H1
Mapping mass to dac mass func: "parabolic"
H1 map mass coeffs = [-0.00063987  0.15840543  0.57055999]
H1 map mass to dac 34.2 >> 5.23960599104
GetDeflection H1 ===>> 0
GetHighVoltage ===>> 4499.94659342336
positioning 34.2 (5.2395751355) on H1
setting magnet DAC
current  : 5.878915
requested: 5.239575
Delta Dac: 0.639340
Checking detector protection. dv=0.63934
Checking detector "CDD". Protection Threshold: 0.1 (V)
ProtectDetector CDD,On ===>> OK
GetDeflection CDD ===>> 2000
SetMagnetDAC 5.2395751355 ===>> OK
Magnet settling time: 0.500
GetMagnetMoving ===>> True
GetMagnetMoving ===>> True
GetMagnetMoving ===>> True
GetMagnetMoving ===>> True
Get Checksum: -1097334291
GetMagnetMoving ===>> True
GetMagnetMoving ===>> True
GetMagnetMoving ===>> True
GetMagnetMoving ===>> True
GetMagnetMoving ===>> False
ProtectDetector CDD,Off ===>> OK
GetDeflection CDD ===>> 50
Delaying 15.0s for detectors to settle
Get Checksum: -1097334291
Get Checksum: -1097334291
Get Checksum: -1097334291
Get Checksum: -1097334291
Get Checksum: -1097334291
Join finished
measuring baseline. ncounts=60
starting measurement
GetData ===>> H2,-0.0532301913988662,H1,-0.126355160997637,AX,-0.0288464610075301,L1,-0.0582733546083857,L2,0.0...
GetData ===>> H2,-0.18534213926746,H1,-0.0714650659560554,AX,-0.0999353947741534,L1,-0.0175967528991434,L2,-0.0...
Get Checksum: -1097334291
GetData ===>> H2,-0.223406303893069,H1,-0.0396095728613098,AX,0.00321387402560757,L1,0.0485740218371803,L2,-0.0...
GetData ===>> H2,-0.348157269470112,H1,0.00406514354278649,AX,-0.0280810333761426,L1,-0.0102309621727645,L2,0.0...
GetData ===>> H2,-0.306099192644345,H1,-0.112795326629844,AX,-0.013536764536245,L1,-0.0459236832947885,L2,0.058...
Get Checksum: -1097334291
GetData ===>> H2,-0.226767490617869,H1,-0.0415173728627092,AX,-0.0582065036918924,L1,-0.0524083512860243,L2,-0....
GetData ===>> H2,-0.106420716715394,H1,-0.0377255846703893,AX,-0.137817194644306,L1,-0.0660324435050719,L2,-0.0...
GetData ===>> H2,-0.169060170405676,H1,-0.0466801742358357,AX,-0.0794557003226934,L1,-0.0318527994288226,L2,-0....
Get Checksum: -1097334291
GetData ===>> H2,-0.152502413538942,H1,-0.00798248987152734,AX,-0.0804177745397133,L1,-0.0234329577477314,L2,0....
GetData ===>> H2,-0.189490282078409,H1,-0.00282962017232864,AX,-0.0243001964697406,L1,-0.0264228805761233,L2,-0...
Get Checksum: -1097334291
GetData ===>> H2,-0.195378613967421,H1,0.0741621796726879,AX,0.00346909995453341,L1,-0.0125230764214615,L2,-0.0...
GetData ===>> H2,-0.128661473141635,H1,0.0455511070450722,AX,0.0129941460573234,L1,-0.056742601113673,L2,-0.052...
GetData ===>> H2,-0.190322155014186,H1,0.0498474435872033,AX,-0.0475047968240064,L1,-0.0416038334712188,L2,0.02...
Get Checksum: -1097334291
GetData ===>> H2,-0.336516745833426,H1,-0.0225808469530573,AX,-0.0908029339840243,L1,-0.0269117292986952,L2,-0....
GetData ===>> H2,-0.263008316766965,H1,-0.0605337659999037,AX,-0.138107078803547,L1,-0.00805464892613353,L2,0.0...
GetData ===>> H2,-0.153726741089585,H1,-0.0664704325642028,AX,-0.0546471283451159,L1,-0.046547321929372,L2,0.05...
Get Checksum: -1097334291
GetData ===>> H2,-0.0895340612211277,H1,0.00691623134077015,AX,0.0160804144983597,L1,-0.0546333935051666,L2,-0....
GetData ===>> H2,-0.175140631062536,H1,0.00170321599013441,AX,-0.1370518963129,L1,-0.0318037001310265,L2,-0.068...
GetData ===>> H2,-0.264092075085982,H1,0.0401570788679752,AX,-0.0512615430379292,L1,-0.0222391370838171,L2,-0.0...
Get Checksum: -1097334291
GetData ===>> H2,-0.356125456354683,H1,0.000748917634907542,AX,0.0876253331764787,L1,0.00257347500919123,L2,0.0...
GetData ===>> H2,-0.269540215114853,H1,0.0426750514313625,AX,0.0343331676893381,L1,0.0118042567880197,L2,0.0132...
GetData ===>> H2,-0.277310651740424,H1,0.0527953144660255,AX,-0.190075142847048,L1,0.0183172787063812,L2,-0.030...
Get Checksum: -1097334291
GetData ===>> H2,-0.110294569450977,H1,0.0620930142323896,AX,-0.0645481299718424,L1,-0.00609736377848024,L2,-0....
GetData ===>> H2,-0.241055731573976,H1,0.088880024745497,AX,-0.0299134106921668,L1,-0.0316695739978731,L2,0.050...
16:30:13 -- collecting point 25
GetData ===>> H2,-0.21645554230393,H1,0.0616275119423861,AX,0.0479350283119542,L1,-0.0114394221902312,L2,0.0530...
Get Checksum: -1097334291
GetData ===>> H2,-0.235027505512422,H1,-0.0579348734145889,AX,-0.0585890998072621,L1,-0.0359737482533518,L2,-0....
GetData ===>> H2,-0.192950849078206,H1,0.0131197154685793,AX,-0.101731653558465,L1,-0.0408828794931858,L2,-0.10...
GetData ===>> H2,-0.275852087975999,H1,0.0626062628554137,AX,-0.0468902535487163,L1,-0.0202910833076186,L2,0.02...
set states for children of Q. state=False
handle state [('Q', False)]
update switch state Q False args=() kw={'refresh': False} ncanvase=5
refresh_canvas_needed fired
Get Checksum: -2107522168
GetData ===>> H2,-0.215329917118032,H1,0.0033494020354798,AX,-0.0968527056301733,L1,-0.0646404120503192,L2,-0.0...
GetData ===>> H2,-0.0664541829031347,H1,-0.0064557413184783,AX,-0.105451542099045,L1,-0.0331496526075225,L2,0.0...
set states for children of B. state=False
set states for children of D. state=False
set states for children of I. state=True
handle state [('B', False), ('D', False), ('I', True)]
update switch state B False args=() kw={'refresh': True} ncanvase=5
update switch state D False args=() kw={'refresh': True} ncanvase=5
update switch state I True args=() kw={'refresh': False} ncanvase=5
refresh_canvas_needed fired
GetData ===>> H2,-0.159638409030236,H1,0.0108888028723665,AX,-0.0366743525531383,L1,-0.0397761983449343,L2,-0.0...
Get Checksum: 611344307
GetData ===>> H2,-0.189205786379584,H1,0.0467445153698122,AX,-0.0616498145778379,L1,-0.064835355914399,L2,-0.04...
set states for children of W. state=True
handle state [('W', True)]
update switch state W True args=() kw={'refresh': False} ncanvase=5
refresh_canvas_needed fired
GetData ===>> H2,-0.371660941906897,H1,0.0228313260299597,AX,-0.113250099075083,L1,-0.0286189189416592,L2,-0.07...
GetData ===>> H2,-0.362028982694852,H1,0.0176055511761366,AX,0.0118107156910799,L1,-0.00958950827705574,L2,-0.0...
Get Checksum: -1747703360
GetData ===>> H2,-0.262282167338728,H1,0.00810917920219825,AX,-0.105579012394613,L1,0.0181046744856984,L2,-0.06...
GetData ===>> H2,-0.304656331550186,H1,0.0224972500691536,AX,-0.104211595055755,L1,-0.0429497951651921,L2,0.033...
Get Checksum: -1747703360
GetData ===>> H2,-0.210531288633193,H1,-0.0124552519768394,AX,-0.17260871782768,L1,-0.00745023383338495,L2,-0.0...
GetData ===>> H2,-0.190896475689192,H1,0.0428540566312254,AX,-0.0717239874194594,L1,-0.0223326341771683,L2,-0.0...
GetData ===>> H2,-0.217602672250879,H1,0.0731842471611401,AX,0.0116134786954506,L1,-0.0131583504223498,L2,-0.04...
Get Checksum: -1747703360
GetData ===>> H2,-0.308348344981923,H1,0.0407418156662455,AX,0.0014505131641808,L1,-0.052475342060766,L2,-0.057...
GetData ===>> H2,-0.218699501388079,H1,-0.044307464878046,AX,-0.00989455791421223,L1,-0.10253086571942,L2,0.089...
GetData ===>> H2,-0.0955557979947698,H1,-0.0588766817364082,AX,0.0487939126446713,L1,0.00327457200361192,L2,-0....
Get Checksum: -1747703360
GetData ===>> H2,-0.153982130499728,H1,0.0217097897153852,AX,-0.066124777292694,L1,-0.0241784244892898,L2,-0.07...
GetData ===>> H2,-0.123678006994523,H1,0.00563979287295808,AX,-0.145562602538188,L1,-0.0136785260624475,L2,-0.0...
GetData ===>> H2,-0.202424348873551,H1,-0.056337355486291,AX,-0.0863406966039059,L1,-0.0218675374812448,L2,0.03...
Get Checksum: -1747703360
GetData ===>> H2,-0.263739797822656,H1,-0.0496608851612955,AX,0.0352035370145716,L1,-0.0449923427871943,L2,-0.0...
GetData ===>> H2,-0.276551846073347,H1,0.0426392504298214,AX,-0.0798266216295302,L1,-0.0305785351413209,L2,-0.0...
set states for children of W. state=False
handle state [('W', False)]
update switch state W False args=() kw={'refresh': False} ncanvase=5
refresh_canvas_needed fired
GetData ===>> H2,-0.137723373832192,H1,-0.0091394634992302,AX,-0.00695981457614836,L1,-0.0139937346228291,L2,-0...
Get Checksum: -2143241606
State checksums do not match. Local:611344307 Remote:-2143241606
State checksum failed
GetData ===>> H2,-0.124689478781611,H1,0.0846576664026656,AX,-0.0131423920550252,L1,-0.0485448595686118,L2,-0.1...
set states for children of X. state=True
handle state [('X', True)]
update switch state X True args=() kw={'refresh': False} ncanvase=5
refresh_canvas_needed fired
16:30:39 -- collecting point 50
GetData ===>> H2,-0.150881942112839,H1,0.0673807947157769,AX,-0.0902929743553968,L1,-0.0340452577901615,L2,-0.0...
GetData ===>> H2,-0.190420573537091,H1,0.0101252934032072,AX,-0.130316676255465,L1,0.0054202027889034,L2,-0.071...
Get Checksum: -2143241606
GetData ===>> H2,-0.167911726164891,H1,-0.074480797867049,AX,-0.129563631785122,L1,-0.0131607476067841,L2,-0.08...
GetData ===>> H2,-0.135867056184845,H1,-0.0457144048537248,AX,-0.107537398668205,L1,-0.0454963308236974,L2,-0.0...
GetData ===>> H2,-0.193225815642047,H1,0.0690161242187905,AX,0.0182617459466308,L1,-0.0394983112099568,L2,0.051...
Get Checksum: -2143241606
GetData ===>> H2,-0.143204024995798,H1,0.0325796761786236,AX,-0.0340419318827308,L1,-0.0222139646409687,L2,-0.0...
GetData ===>> H2,-0.237120823917535,H1,-0.0504477780331801,AX,-0.0624381649119798,L1,-0.0492173982026957,L2,-0....
GetData ===>> H2,-0.242394932281088,H1,0.0319233926963538,AX,-0.112299936869447,L1,-0.0680519809518355,L2,0.014...
Get Checksum: -2143241606
GetData ===>> H2,-0.208397312193865,H1,0.034596283252575,AX,-0.115822442865494,L1,-0.0257506747817746,L2,-0.044...
GetData ===>> H2,-0.170193655724809,H1,-0.0771030995641685,AX,-0.122658521458837,L1,-0.000817272740380363,L2,-0...
GetData ===>> H2,-0.240649229185553,H1,0.00511490701071722,AX,-0.119425927215618,L1,-0.0239662956868884,L2,0.03...
Get Checksum: -2143241606
measurement finished
estimated time: 62.915 actual time: :63.082
flush and close file /Users/jan/PychronDev/data/isotopes/85/d33d7a-cd4a-4740-9aa3-a7b818ef1e1d.h5
activate_detectors ('H1', 'AX', 'CDD') {'peak_center': True}
peak_center () {'detector': 'H1', 'integration_time': 0.262144, 'isotope': 'Ar40'}
peak center: mean=1576.87625569 threshold=3
peak center started
setup peak center. detector=['H1', 'AX', 'CDD'], isotope=Ar40
VersionedUnpickler [<apptools.sweet_pickle.versioned_unpickler.VersionedUnpickler object at 0x13e74f710>] using Updater [<apptools.sweet_pickle.updater.Updater object at 0x135b265f0>]
VersionedUnpickler [<apptools.sweet_pickle.versioned_unpickler.VersionedUnpickler object at 0x13e74f710>] using Updater [<apptools.sweet_pickle.updater.Updater object at 0x135b265f0>]
VersionedUnpickler [<apptools.sweet_pickle.versioned_unpickler.VersionedUnpickler object at 0x139a1f890>] using Updater [<apptools.sweet_pickle.updater.Updater object at 0x135b265f0>]
setting integration time = 0.524288
SetIntegrationTime 0.524288 ===>> OK
Mapping mass to dac mass func: "parabolic"
H1 map mass coeffs = [-0.00063987  0.15840543  0.57055999]
H1 map mass to dac 39.9624 >> 5.87895
GetDeflection H1 ===>> 0
GetHighVoltage ===>> 4499.94659342336
do peak center. <pychron.spectrometer.jobs.peak_center.PeakCenter object at 0x13aecf0b0>
doing pc
starting peak center. center dac= 5.87891537941 step_width=0.001
width = 0.001
get scan parameters. half-width=0.015,window=0.015, i=0, scalar=1
Scan parameters center=5.87892 width=0.03000 (5.86392 - 5.89392)
GetData ===>> H2,-0.154918509113589,H1,0.0696726508754743,AX,-0.146142323828758,L1,-0.019945788881528,L2,-0.072...
Moving to starting dac 5.86391537941
setting magnet DAC
current  : 5.239575
requested: 5.863915
Delta Dac: 0.624340
Checking detector protection. dv=0.62434
Checking detector "CDD". Protection Threshold: 0.1 (V)
ProtectDetector CDD,On ===>> OK
GetDeflection CDD ===>> 2000
SetMagnetDAC 5.86391537941 ===>> OK
Magnet settling time: 0.500
GetMagnetMoving ===>> True
GetMagnetMoving ===>> True
GetMagnetMoving ===>> True
GetMagnetMoving ===>> True
GetMagnetMoving ===>> True
GetMagnetMoving ===>> True
Get Checksum: -2143241606
GetMagnetMoving ===>> True
GetMagnetMoving ===>> True
GetMagnetMoving ===>> False
ProtectDetector CDD,Off ===>> OK
GetDeflection CDD ===>> 50
Wait until signal near baseline. tol= 0.0522544881566. timeout= 10
GetData ===>> H2,4.27050702685676,H1,0.0969707225137785,AX,-0.0361525127042406,L1,0.00324455828990775,L2,-0.071...
GetData ===>> H2,103.229993660492,H1,22.1859017637457,AX,-0.214736535338588,L1,-0.0095091737873185,L2,0.0323211...
GetData ===>> H2,107.004962475126,H1,36.372160818593,AX,-0.175882393762409,L1,-0.0214970970697652,L2,0.00314280...
set states for children of C. state=False
set states for children of X. state=False
handle state [('C', False), ('X', False)]
update switch state C False args=() kw={'refresh': True} ncanvase=5
update switch state X False args=() kw={'refresh': False} ncanvase=5
refresh_canvas_needed fired
GetData ===>> H2,56.4711398544333,H1,17.5468185571485,AX,-0.0169236624094577,L1,-0.0743798955747188,L2,0.011729...
GetData ===>> H2,23.1580703798154,H1,9.07746739956667,AX,-0.0232331852478958,L1,-0.0677280276229278,L2,0.028493...
Get Checksum: -1725866079
GetData ===>> H2,7.78455956291856,H1,5.00996832214156,AX,-0.138287004947596,L1,-0.0342147442291623,L2,0.0998914...
GetData ===>> H2,2.25635295800241,H1,3.14181225534249,AX,0.0210580987089187,L1,-0.0413295896312124,L2,-0.070663...
set states for children of P. state=False
handle state [('P', False)]
update switch state P False args=() kw={'refresh': False} ncanvase=5
refresh_canvas_needed fired
GetData ===>> H2,0.63911743929786,H1,2.17810952976747,AX,0.0201994590249074,L1,-0.0646697853354027,L2,-0.081335...
GetData ===>> H2,0.395138529482621,H1,1.64925336008788,AX,-0.0822491666389724,L1,-0.0687241444092469,L2,0.01917...
GetData ===>> H2,0.379628146830169,H1,1.48015966663684,AX,-0.219065564757349,L1,-0.0683085105760086,L2,0.009724...
GetData ===>> H2,0.436773653059863,H1,1.29253020721547,AX,-0.0986142542441602,L1,-0.0285293371565699,L2,-0.0817...
Get Checksum: 610848153
GetData ===>> H2,0.489633171992623,H1,1.2313669143506,AX,0.0483760760769561,L1,-0.0204814815025361,L2,0.0244391...
GetData ===>> H2,0.378934672781711,H1,1.11035214894872,AX,-0.0452669130243657,L1,-0.0148745883265633,L2,0.06955...
GetData ===>> H2,0.378210851650728,H1,1.17986206146903,AX,-0.0569079844477946,L1,-0.0260253986025537,L2,0.04261...
GetData ===>> H2,0.362068599403029,H1,1.27895647040484,AX,-0.0560964011210674,L1,-0.0352847446772481,L2,0.04542...
set states for children of W. state=True
handle state [('W', True)]
update switch state W True args=() kw={'refresh': False} ncanvase=5
refresh_canvas_needed fired
GetData ===>> H2,0.308332536967962,H1,1.20028987051664,AX,-0.10915970063728,L1,-0.06366131680829,L2,-0.02110877...
GetData ===>> H2,0.287921582561433,H1,1.12973427835337,AX,-0.0853323185099335,L1,-0.0668058745617029,L2,-0.0202...
Get Checksum: -1891236928
GetData ===>> H2,0.274058626867936,H1,1.0912615217386,AX,-0.0589021318736396,L1,-0.0304798706110817,L2,-0.07937...
GetData ===>> H2,0.27888695716738,H1,1.11790785702237,AX,-0.114559453738138,L1,0.00971640455048861,L2,-0.098331...
GetData ===>> H2,0.27888695716738,H1,1.11790785702237,AX,-0.114559453738138,L1,0.00971640455048861,L2,-0.098331...
GetData ===>> H2,0.303000512894668,H1,1.15557492522458,AX,-0.13824066771467,L1,0.0110833201052454,L2,-0.1064962...
Peak center failed to move to a baseline position
_do_sweep sm= 5.86391537941, em= 5.89391537941, stm= 0.001
calculated step values: start=5.86391537941, end=5.89391537941, width=0.001, nsteps=31.0
setting magnet DAC
current  : 5.863915
requested: 5.863915
Delta Dac: 0.000000
Checking detector protection. dv=0.00000
Checking detector "CDD". Protection Threshold: 0.1 (V)
SetMagnetDAC 5.86391537941 ===>> OK
GetData ===>> H2,0.202559885314307,H1,1.19769715751039,AX,-0.131127640704098,L1,-0.00779681756124607,L2,-0.0064...
setting magnet DAC
current  : 5.863915
requested: 5.864950
Delta Dac: 0.001034
Checking detector protection. dv=0.00103
Checking detector "CDD". Protection Threshold: 0.1 (V)
SetMagnetDAC 5.86494986217 ===>> OK
Magnet settling time: 1.049
GetData ===>> H2,0.0392078837676705,H1,2.73432254279189,AX,-0.105127071502223,L1,-0.0174004730977041,L2,-0.2224...
setting magnet DAC
current  : 5.864950
requested: 5.865984
Delta Dac: 0.001034
Checking detector protection. dv=0.00103
Checking detector "CDD". Protection Threshold: 0.1 (V)
SetMagnetDAC 5.86598434493 ===>> OK
Magnet settling time: 1.049
Get Checksum: -1891236928
GetData ===>> H2,-0.18736152530293,H1,9.82007292575407,AX,-0.0361988985819159,L1,-0.0596599007039129,L2,-0.0458...
setting magnet DAC
current  : 5.865984
requested: 5.867019
Delta Dac: 0.001034
Checking detector protection. dv=0.00103
Checking detector "CDD". Protection Threshold: 0.1 (V)
SetMagnetDAC 5.86701882769 ===>> OK
Magnet settling time: 1.049
GetData ===>> H2,0.0305687506093354,H1,37.2692844987089,AX,-0.0501832325751452,L1,-0.0211905069483801,L2,0.0011...
setting magnet DAC
current  : 5.867019
requested: 5.868053
Delta Dac: 0.001034
Checking detector protection. dv=0.00103
Checking detector "CDD". Protection Threshold: 0.1 (V)
SetMagnetDAC 5.86805331045 ===>> OK
Magnet settling time: 1.049
Get Checksum: -1891236928
GetData ===>> H2,-0.0410445237534256,H1,120.84817271591,AX,-0.0297510495381563,L1,-0.0773311946256618,L2,-0.105...
setting magnet DAC
current  : 5.868053
requested: 5.869088
Delta Dac: 0.001034
Checking detector protection. dv=0.00103
Checking detector "CDD". Protection Threshold: 0.1 (V)
SetMagnetDAC 5.86908779321 ===>> OK
Magnet settling time: 1.049
GetData ===>> H2,0.0337879289210438,H1,310.693663584148,AX,0.0476100470266425,L1,-0.0482803791949294,L2,-0.0009...
setting magnet DAC
current  : 5.869088
requested: 5.870122
Delta Dac: 0.001034
Checking detector protection. dv=0.00103
Checking detector "CDD". Protection Threshold: 0.1 (V)
SetMagnetDAC 5.87012227597 ===>> OK
Magnet settling time: 1.049
GetData ===>> H2,-0.114995656784037,H1,809.010692398488,AX,0.239480557131392,L1,-0.020126950039164,L2,-0.071459...
setting magnet DAC
current  : 5.870122
requested: 5.871157
Delta Dac: 0.001034
Checking detector protection. dv=0.00103
Checking detector "CDD". Protection Threshold: 0.1 (V)
SetMagnetDAC 5.87115675873 ===>> OK
Magnet settling time: 1.049
GetData ===>> H2,-0.0400212940759258,H1,1158.78660525227,AX,0.452756559733953,L1,-0.0379086970364421,L2,-0.0549...
setting magnet DAC
current  : 5.871157
requested: 5.872191
Delta Dac: 0.001034
Checking detector protection. dv=0.00103
Checking detector "CDD". Protection Threshold: 0.1 (V)
SetMagnetDAC 5.87219124148 ===>> OK
Magnet settling time: 1.049
GetData ===>> H2,-0.0674417062624832,H1,1369.13521282905,AX,0.696373205626406,L1,-0.0613476697134565,L2,-0.0506...
setting magnet DAC
current  : 5.872191
requested: 5.873226
Delta Dac: 0.001034
Checking detector protection. dv=0.00103
Checking detector "CDD". Protection Threshold: 0.1 (V)
SetMagnetDAC 5.87322572424 ===>> OK
Magnet settling time: 1.049
Get Checksum: -1891236928
GetData ===>> H2,0.00743416765694589,H1,1461.1315872062,AX,0.65310651962164,L1,-0.0295680732319375,L2,-0.012410...
setting magnet DAC
current  : 5.873226
requested: 5.874260
Delta Dac: 0.001034
Checking detector protection. dv=0.00103
Checking detector "CDD". Protection Threshold: 0.1 (V)
SetMagnetDAC 5.874260207 ===>> OK
Magnet settling time: 1.049
GetData ===>> H2,-0.100057713062553,H1,1492.35878042881,AX,0.732695707848226,L1,-0.00233643744803586,L2,0.03282...
setting magnet DAC
current  : 5.874260
requested: 5.875295
Delta Dac: 0.001034
Checking detector protection. dv=0.00103
Checking detector "CDD". Protection Threshold: 0.1 (V)
SetMagnetDAC 5.87529468976 ===>> OK
Magnet settling time: 1.049
set states for children of W. state=False
handle state [('W', False)]
update switch state W False args=() kw={'refresh': False} ncanvase=5
refresh_canvas_needed fired
Get Checksum: 610848153
GetData ===>> H2,-0.139486141708566,H1,1500.05031304028,AX,0.625839037437283,L1,-0.0173549456821848,L2,0.002801...
setting magnet DAC
current  : 5.875295
requested: 5.876329
Delta Dac: 0.001034
Checking detector protection. dv=0.00103
Checking detector "CDD". Protection Threshold: 0.1 (V)
SetMagnetDAC 5.87632917252 ===>> OK
Magnet settling time: 1.049
GetData ===>> H2,-0.148999858747127,H1,1502.53613323414,AX,0.817766840958731,L1,0.0146453659430368,L2,0.0367863...
setting magnet DAC
current  : 5.876329
requested: 5.877364
Delta Dac: 0.001034
Checking detector protection. dv=0.00103
Checking detector "CDD". Protection Threshold: 0.1 (V)
SetMagnetDAC 5.87736365528 ===>> OK
Magnet settling time: 1.049
set states for children of X. state=True
handle state [('X', True)]
update switch state X True args=() kw={'refresh': False} ncanvase=5
refresh_canvas_needed fired
GetData ===>> H2,-0.095542023502789,H1,1503.15748981707,AX,0.741382511999283,L1,0.0086949361104877,L2,0.0555380...
setting magnet DAC
current  : 5.877364
requested: 5.878398
Delta Dac: 0.001034
Checking detector protection. dv=0.00103
Checking detector "CDD". Protection Threshold: 0.1 (V)
SetMagnetDAC 5.87839813804 ===>> OK
Magnet settling time: 1.049
Get Checksum: -1731030918
GetData ===>> H2,-0.298643187884571,H1,1502.92264580961,AX,0.807740483382337,L1,-0.000150015803005901,L2,0.0471...
setting magnet DAC
current  : 5.878398
requested: 5.879433
Delta Dac: 0.001034
Checking detector protection. dv=0.00103
Checking detector "CDD". Protection Threshold: 0.1 (V)
SetMagnetDAC 5.87943262079 ===>> OK
Magnet settling time: 1.049
GetData ===>> H2,-0.0836990973348865,H1,1502.45921308271,AX,0.895523460003818,L1,-0.0222946666588872,L2,0.06624...
setting magnet DAC
current  : 5.879433
requested: 5.880467
Delta Dac: 0.001034
Checking detector protection. dv=0.00103
Checking detector "CDD". Protection Threshold: 0.1 (V)
SetMagnetDAC 5.88046710355 ===>> OK
Magnet settling time: 1.049
GetData ===>> H2,-0.205196940043075,H1,1501.51129558079,AX,0.897758626040072,L1,0.0217612327586514,L2,0.0958108...
setting magnet DAC
current  : 5.880467
requested: 5.881502
Delta Dac: 0.001034
Checking detector protection. dv=0.00103
Checking detector "CDD". Protection Threshold: 0.1 (V)
SetMagnetDAC 5.88150158631 ===>> OK
Magnet settling time: 1.049
Get Checksum: -1731030918
GetData ===>> H2,-0.0890562057124807,H1,1500.28379202545,AX,0.677216197730806,L1,0.00730437090604166,L2,0.06237...
setting magnet DAC
current  : 5.881502
requested: 5.882536
Delta Dac: 0.001034
Checking detector protection. dv=0.00103
Checking detector "CDD". Protection Threshold: 0.1 (V)
SetMagnetDAC 5.88253606907 ===>> OK
Magnet settling time: 1.049
GetData ===>> H2,-0.0970925493985924,H1,1498.04350096789,AX,0.850016346383033,L1,0.0347627538988588,L2,0.038836...
setting magnet DAC
current  : 5.882536
requested: 5.883571
Delta Dac: 0.001034
Checking detector protection. dv=0.00103
Checking detector "CDD". Protection Threshold: 0.1 (V)
SetMagnetDAC 5.88357055183 ===>> OK
Magnet settling time: 1.049
GetData ===>> H2,-0.0743601046463302,H1,1487.68804438859,AX,0.776883002865846,L1,0.0263285933304303,L2,0.163608...
setting magnet DAC
current  : 5.883571
requested: 5.884605
Delta Dac: 0.001034
Checking detector protection. dv=0.00103
Checking detector "CDD". Protection Threshold: 0.1 (V)
SetMagnetDAC 5.88460503459 ===>> OK
Magnet settling time: 1.049
Get Checksum: -1731030918
GetData ===>> H2,-0.217004849786668,H1,1448.32310666697,AX,0.756102935166551,L1,0.0213987181147333,L2,-0.031194...
setting magnet DAC
current  : 5.884605
requested: 5.885640
Delta Dac: 0.001034
Checking detector protection. dv=0.00103
Checking detector "CDD". Protection Threshold: 0.1 (V)
SetMagnetDAC 5.88563951735 ===>> OK
Magnet settling time: 1.049
GetData ===>> H2,-0.191079395302825,H1,1329.88006986806,AX,0.738075380234816,L1,-0.0305396969448863,L2,0.006559...
setting magnet DAC
current  : 5.885640
requested: 5.886674
Delta Dac: 0.001034
Checking detector protection. dv=0.00103
Checking detector "CDD". Protection Threshold: 0.1 (V)
SetMagnetDAC 5.8866740001 ===>> OK
Magnet settling time: 1.049
GetData ===>> H2,-0.160932188284352,H1,1068.09506694011,AX,0.494889109907617,L1,-0.0142322318770284,L2,0.061622...
setting magnet DAC
current  : 5.886674
requested: 5.887708
Delta Dac: 0.001034
Checking detector protection. dv=0.00103
Checking detector "CDD". Protection Threshold: 0.1 (V)
SetMagnetDAC 5.88770848286 ===>> OK
Magnet settling time: 1.049
Get Checksum: -1731030918
GetData ===>> H2,-0.215232968080034,H1,693.114350721241,AX,0.254222906992721,L1,-0.0162670187941007,L2,0.119408...
setting magnet DAC
current  : 5.887708
requested: 5.888743
Delta Dac: 0.001034
Checking detector protection. dv=0.00103
Checking detector "CDD". Protection Threshold: 0.1 (V)
SetMagnetDAC 5.88874296562 ===>> OK
Magnet settling time: 1.049
GetData ===>> H2,-0.239006918248889,H1,351.374978293179,AX,0.0800574990020916,L1,0.0245081248853763,L2,-0.08003...
setting magnet DAC
current  : 5.888743
requested: 5.889777
Delta Dac: 0.001034
Checking detector protection. dv=0.00103
Checking detector "CDD". Protection Threshold: 0.1 (V)
SetMagnetDAC 5.88977744838 ===>> OK
Magnet settling time: 1.049
Get Checksum: -1731030918
GetData ===>> H2,-0.257561896084015,H1,134.11728048903,AX,0.0357953926002146,L1,-0.011389072586325,L2,-0.078058...
setting magnet DAC
current  : 5.889777
requested: 5.890812
Delta Dac: 0.001034
Checking detector protection. dv=0.00103
Checking detector "CDD". Protection Threshold: 0.1 (V)
SetMagnetDAC 5.89081193114 ===>> OK
Magnet settling time: 1.049
GetData ===>> H2,-0.257215127550204,H1,40.4515134396338,AX,-0.102786215845612,L1,0.0198983822286271,L2,-0.03251...
setting magnet DAC
current  : 5.890812
requested: 5.891846
Delta Dac: 0.001034
Checking detector protection. dv=0.00103
Checking detector "CDD". Protection Threshold: 0.1 (V)
SetMagnetDAC 5.8918464139 ===>> OK
Magnet settling time: 1.049
GetData ===>> H2,-0.200602991858357,H1,10.4694003529332,AX,-0.0582528790587265,L1,0.0220517340342734,L2,0.08942...
setting magnet DAC
current  : 5.891846
requested: 5.892881
Delta Dac: 0.001034
Checking detector protection. dv=0.00103
Checking detector "CDD". Protection Threshold: 0.1 (V)
SetMagnetDAC 5.89288089666 ===>> OK
Magnet settling time: 1.049
set states for children of X. state=False
handle state [('X', False)]
update switch state X False args=() kw={'refresh': False} ncanvase=5
refresh_canvas_needed fired
Get Checksum: 610848153
GetData ===>> H2,-0.151557805589671,H1,2.25739333484809,AX,-0.0286145138761407,L1,0.0117188790872882,L2,-0.0565...
setting magnet DAC
current  : 5.892881
requested: 5.893915
Delta Dac: 0.001034
Checking detector protection. dv=0.00103
Checking detector "CDD". Protection Threshold: 0.1 (V)
SetMagnetDAC 5.89391537941 ===>> OK
Magnet settling time: 1.049
GetData ===>> H2,-0.285443713686228,H1,0.0033494020354798,AX,-0.146720013759854,L1,-0.0615508522298387,L2,0.022...
result of _do_sweep=True
result of _calculate_peak_center=([5.8709795076712421, 5.8787350186932859, 5.8864905297153296], [1098.8550610660282, 1503.1532541536087, 1114.5238700646769], 5.8773823132824647, 1503.1532541536087)
Failed to find a valid peak. No peak greater than 1.0. max = 0.897718312424
Failed to find a valid peak. No peak greater than 1.0. max = 0.065646640236
new center pos Detector(H1) (Ar40) @ 5.87873501869
GetHighVoltage ===>> 4499.94659342336
GetDeflection H1 ===>> 0
dac uncorrected for HV and deflection 5.87876963822
update mftable H1 Ar40 5.87876963822 message=automated run peakcenter
get initial guess parabolic
get initial guess parabolic
get initial guess parabolic
get initial guess parabolic
get initial guess parabolic
get initial guess parabolic
dump mftable to /Users/jan/PychronDev/setupfiles/spectrometer/mftables/mftable.csv
add to repo msg=modified - automated run peakcenter
sweep finished
locally archiving mftable
setting magnet DAC
current  : 5.893915
requested: 5.878735
Delta Dac: 0.015180
Checking detector protection. dv=0.01518
Checking detector "CDD". Protection Threshold: 0.1 (V)
SetMagnetDAC 5.87873501869 ===>> OK
Magnet settling time: 0.500
setting integration time = 1.048576
SetIntegrationTime 1.048576 ===>> OK
Failed to find a valid peak. No peak greater than 1.0. max = 0.897718312424
Failed to find a valid peak. No peak greater than 1.0. max = 0.065646640236
flush and close file /Users/jan/PychronDev/data/isotopes/85/d33d7a-cd4a-4740-9aa3-a7b818ef1e1d.h5
finished measure script
executed 226.132928
jan_unknown120_60.py completed successfully
Measurement Finished
16:31:37 -- ******* Measurement Finished *******
Post Measurement Started jan_pump_ms.py
16:31:37 -- ******* Post Measurement Started jan_pump_ms.py *******
testing...
no interpolation path defined
executed 0
Pumping spectrometer
open () {'name': 'O'}
opening name=O desc=---
checking ownership. requestor=129.138.12.150
check software interlocks O
interlocks []
actuate state mode=None-script, software_lock=False
doing actuation None-script open_channel True
Open O ===>> OK
GetValveState O ===>> OK
change switch state (True, True)
update switch state O True args=() kw={} ncanvase=5
16:31:37 -- OPEN   VALVE-O (Jan Ion Pump)
---------------------------------------- open O () result=[(True, True)], time=0.10 sec
Get Checksum: -1153033366
State checksums do not match. Local:610848153 Remote:-1153033366
State checksum failed
action=open, ok=True, locked=[False]
executed 0
jan_pump_ms.py completed successfully
setting _ms_pumptime
Post Measurement Finished
16:31:38 -- ******* Post Measurement Finished *******
$$$$$$$$$$$$$$$$$$$$ state at run end measurement
state changed from measurement to success
post measurement save measured=True aborted=False
Set filtering
setting fod for Ar40= {'filter_outliers': True, 'std_devs': 2, 'iterations': 1}
setting fod for H1= {'filter_outliers': True, 'std_devs': 2, 'iterations': 1}
setting fod for PM41= {'filter_outliers': False, 'std_devs': 2, 'iterations': 1}
setting fod for H2= {'filter_outliers': True, 'std_devs': 2, 'iterations': 1}
setting fod for Ar36= {'filter_outliers': True, 'std_devs': 2, 'iterations': 1}
setting fod for CDD= {'filter_outliers': True, 'std_devs': 10, 'iterations': 1}
setting fod for Ar37= {'filter_outliers': True, 'std_devs': 2, 'iterations': 1}
setting fod for L2= {'filter_outliers': True, 'std_devs': 2, 'iterations': 1}
setting fod for Ar38= {'filter_outliers': True, 'std_devs': 2, 'iterations': 1}
setting fod for L1= {'filter_outliers': True, 'std_devs': 2, 'iterations': 1}
setting fod for Ar39= {'filter_outliers': True, 'std_devs': 2, 'iterations': 1}
setting fod for AX= {'filter_outliers': True, 'std_devs': 2, 'iterations': 1}
persistence save...
persistence save - db
post measurement save
5528283280 connecting to database sqlite:////Users/jan/PychronDev/.appdata/local_lab.db
connected to db sqlite:////Users/jan/PychronDev/.appdata/local_lab.db
create new session 5528283280
close session 5528283280
No database instance. Not saving post measurement to isotopedb database
$$$$$$$$$$$$$$$ auto_save_detector_ic=False
massspec enabled True
create new session 5259923728
MassSpec Database Version: 16.0
close session 5259923728
saving post measurement to secondary database
saving to massspec database 129.138.12.160/massspecdata
setting labnumber to 4506
setting aliquot to 7
setting step to 
setting uuid to 85d33d7a-cd4a-4740-9aa3-a7b818ef1e1d
setting irradpos to 4506
setting extract_device to Fusions CO2
setting tray to 
setting position to 221
setting power_requested to 5.0
setting extract_value to 5.0
setting duration to 30.0
setting duration_at_request to 30.0
setting first_stage_delay to 30.0
setting cleanup to 30.0
setting comment to FC-2 unirr test Stainless Steel tray
setting irradiation to Unirradiated
setting level to B
setting irradiation_level to B
setting sample to GA1550
setting material to 
setting project to 
setting mass_spectrometer to Jan
no attribute chron_dosages
no attribute production_ratios
no attribute interference_corrections
no attribute production_name
no attribute j
Reference Isotope=Ar40
Reference Detector=H1
%%%%%%%%%%%%%%%%%%%% Comment: FC-2 unirr test Stainless Steel tray %%%%%%%%%%%%%%%%%%%
adding isotope PM41 H2
add baseline dbdet= PM41. original det= H2
get baseline data PM41 H2
Get data baseline <pychron.processing.isotope.Baseline object at 0x1448da8d0> len t=60
baseline PM41. v=-0.202220908833, e=0.00851838708814
get signal data PM41 H2
Get data signal PM41 0.29+/-0.22 len t=120
adding isotope Ar40 H1
add baseline dbdet= Ar40. original det= H1
get baseline data Ar40 H1
Get data baseline <pychron.processing.isotope.Baseline object at 0x1448daa50> len t=60
baseline Ar40. v=0.00622118286202, e=0.00602516759018
get signal data Ar40 H1
Get data signal Ar40 1661.67+/-0.08 len t=120
adding isotope Ar39 AX
add baseline dbdet= Ar39. original det= AX
get baseline data Ar39 AX
Get data baseline <pychron.processing.isotope.Baseline object at 0x1448dac10> len t=60
baseline Ar39. v=-0.0590816587942, e=0.00732237688118
get signal data Ar39 AX
Get data signal Ar39 0.077+/-0.013 len t=120
adding isotope Ar38 L1
add baseline dbdet= Ar38. original det= L1
get baseline data Ar38 L1
Get data baseline <pychron.processing.isotope.Baseline object at 0x1448dadd0> len t=60
baseline Ar38. v=-0.0279158937073, e=0.00279622195156
get signal data Ar38 L1
Get data signal Ar38 0.038+/-0.007 len t=120
adding isotope Ar37 L2
add baseline dbdet= Ar37. original det= L2
get baseline data Ar37 L2
Get data baseline <pychron.processing.isotope.Baseline object at 0x1448daf90> len t=60
baseline Ar37. v=-0.0296171957997, e=0.00690485309306
get signal data Ar37 L2
Get data signal Ar37 0.060+/-0.012 len t=120
adding isotope Ar36 CDD
add baseline dbdet= Ar36. original det= CDD
get baseline data Ar36 CDD
Get data baseline <pychron.processing.isotope.Baseline object at 0x14534f190> len t=60
baseline Ar36. v=0.000292768647661, e=2.78539154288e-05
get signal data Ar36 CDD
Get data signal Ar36 0.0564+/-0.0007 len t=120
4506-07 added analysis time 0.501425981522s
analysis added to mass spec database
mass spec save time= 0.510
persistence save - dvc
================= post measurement started
create new session 4992088592
close session 4992088592
set states for children of W. state=True
handle state [('W', True)]
update switch state W True args=() kw={'refresh': False} ncanvase=5
refresh_canvas_needed fired
---------------- Experiment Queue saving disabled
DVC saving peakcenter
Failed to find a valid peak. No peak greater than 1.0. max = 0.897718312424
Failed to find a valid peak. No peak greater than 1.0. max = 0.065646640236
Smart pull ahead: 0 behind: 0
Up-to-date with origin
add to repo msg=modified - ad8224ebc6dbfeb9f5997218dfa5fe690569839d.json
add to repo msg=modified - 6-07.json
add to repo msg=modified - 6-07.dat.json
add to repo msg=modified - 6-07.blan.json
add to repo msg=modified - 6-07.inte.json
add to repo msg=modified - 6-07.icfa.json
Get Checksum: -1153033366
add to repo msg=modified - 6-07.base.json
not at valid file /Users/jan/PychronDev/data/.dvc/repositories/Calibration/450/tags/6-07.tags.json
add to repo msg=modified - 6-07.peak.json
add to repo msg=modified - 6-07.extr.json
not at valid file /Users/jan/PychronDev/data/.dvc/repositories/Calibration/450/monitor/6-07.moni.json
commit message=<COLLECTION>
add to repo msg=modified - 6-07.inte.json
add to repo msg=modified - 6-07.base.json
commit message=<ISOEVO> default collection fits
add to repo msg=modified - 6-07.blan.json
commit message=<BLANKS> preceding bu-FC-J-7455
Get Checksum: -1153033366
add to repo msg=modified - 6-07.icfa.json
commit message=<ICFactor> default
push repository <pychron.git_archive.repo_manager.GitRepoManager object at 0x146ea2e30>
pushing to remote=origin, url=https://github.com
Get Checksum: -1153033366
no changes to meta repo
Get Checksum: -1153033366
create new session 4992088592
add association Calibration
get identifier "4506"
setting analysis irradiation position=<pychron.dvc.dvc_orm.IrradiationPositionTbl object at 0x149880350>
close session 4992088592
================= post measurement finished
16:31:50 -- ******* Post Run Check *******
loading queue conditionals post_run_actions
loading system conditionals post_run_actions
loading conditionals from /Users/jan/PychronDev/setupfiles/spectrometer/default_conditionals.yaml
loading queue conditionals post_run_terminations
loading system conditionals post_run_terminations
loading conditionals from /Users/jan/PychronDev/setupfiles/spectrometer/default_conditionals.yaml
Checking default post run terminations n=1
GetDeflection CDD ===>> 50
testing CDD==2000
evaluate ot="CDD.deflection==2000" t="CDD==2000", ctx="{'CDD': 50.0}"
16:31:50 -- ******* Post Run Check Passed *******
16:31:50 -- Automated run 4506-07 success duration: 363.172 s
----------------- finish -----------------
----------------- stop -----------------
retroactive repository identifiers disabled
finish run. runs completed=6
update duration runid=4506-07, duration=363.17237711, md5=301e91d8
write rem/ex queues
/Users/jan/PychronDev/experiments/rem/Load1782FC2.rem.txt
/Users/jan/PychronDev/experiments/rem/Load1782FC2.ex.txt
doing event level: 3
